2020-08-25 08:09:41,938 INFO com.bringbackdada.site.controllers.AdminController [main] --> Called add-project.html
2020-08-25 08:09:41,961 INFO com.bringbackdada.site.controllers.AdminController [main] --> Called add-project.html
2020-08-25 08:09:41,976 INFO com.bringbackdada.site.controllers.AdminController [main] --> Called add-project.html
2020-08-25 08:09:41,978 INFO com.bringbackdada.site.controllers.AdminController [main] --> Called add-project.html
2020-08-25 08:13:00,134 INFO com.bringbackdada.site.controllers.AdminController [main] --> Called add-project.html
2020-08-25 08:14:44,087 INFO com.bringbackdada.site.controllers.AdminController [main] --> Called add-project.html
2020-08-25 08:25:20,153 INFO com.bringbackdada.site.controllers.AdminController [main] --> Called add-project.html
2020-08-25 08:25:20,168 INFO com.bringbackdada.site.controllers.AdminController [main] --> Called add-project.html
2020-08-25 08:25:20,180 INFO com.bringbackdada.site.controllers.AdminController [main] --> Called add-project.html
2020-08-25 08:25:20,182 INFO com.bringbackdada.site.controllers.AdminController [main] --> Called add-project.html
2020-08-25 08:25:31,915 INFO com.bringbackdada.site.controllers.AdminController [main] --> Called add-project.html
2020-08-25 08:31:22,826 INFO com.bringbackdada.site.controllers.AdminController [main] --> Called add-project.html
2020-08-25 08:55:40,718 INFO com.bringbackdada.site.controllers.AdminController [main] --> Called add-project.html
2020-08-25 08:56:02,670 INFO com.bringbackdada.site.controllers.AdminController [main] --> Called add-project.html
2020-08-25 09:03:35,506 INFO com.bringbackdada.site.controllers.AdminController [main] --> Called add-project.html
2020-08-25 09:03:43,333 INFO com.bringbackdada.site.controllers.AboutController [main] --> Calling about.html
2020-08-25 09:03:43,406 INFO org.springframework.test.context.support.AbstractTestContextBootstrapper [main] Neither @ContextConfiguration nor @ContextHierarchy found for test class [com.bringbackdada.site.SiteApplicationTests], using SpringBootContextLoader
2020-08-25 09:03:43,411 INFO org.springframework.test.context.support.AbstractContextLoader [main] Could not detect default resource locations for test class [com.bringbackdada.site.SiteApplicationTests]: no resource found for suffixes {-context.xml, Context.groovy}.
2020-08-25 09:03:43,412 INFO org.springframework.test.context.support.AnnotationConfigContextLoaderUtils [main] Could not detect default configuration classes for test class [com.bringbackdada.site.SiteApplicationTests]: SiteApplicationTests does not declare any static, non-private, non-final, nested classes annotated with @Configuration.
2020-08-25 09:03:43,488 INFO org.springframework.boot.test.context.SpringBootTestContextBootstrapper [main] Found @SpringBootConfiguration com.bringbackdada.site.SiteApplication for test class com.bringbackdada.site.SiteApplicationTests
2020-08-25 09:03:43,591 INFO org.springframework.test.context.support.AbstractTestContextBootstrapper [main] Loaded default TestExecutionListener class names from location [META-INF/spring.factories]: [org.springframework.boot.test.mock.mockito.MockitoTestExecutionListener, org.springframework.boot.test.mock.mockito.ResetMocksTestExecutionListener, org.springframework.boot.test.autoconfigure.restdocs.RestDocsTestExecutionListener, org.springframework.boot.test.autoconfigure.web.client.MockRestServiceServerResetTestExecutionListener, org.springframework.boot.test.autoconfigure.web.servlet.MockMvcPrintOnlyOnFailureTestExecutionListener, org.springframework.boot.test.autoconfigure.web.servlet.WebDriverTestExecutionListener, org.springframework.boot.test.autoconfigure.webservices.client.MockWebServiceServerTestExecutionListener, org.springframework.test.context.web.ServletTestExecutionListener, org.springframework.test.context.support.DirtiesContextBeforeModesTestExecutionListener, org.springframework.test.context.support.DependencyInjectionTestExecutionListener, org.springframework.test.context.support.DirtiesContextTestExecutionListener, org.springframework.test.context.transaction.TransactionalTestExecutionListener, org.springframework.test.context.jdbc.SqlScriptsTestExecutionListener, org.springframework.test.context.event.EventPublishingTestExecutionListener]
2020-08-25 09:03:43,605 INFO org.springframework.test.context.support.AbstractTestContextBootstrapper [main] Using TestExecutionListeners: [org.springframework.test.context.web.ServletTestExecutionListener@7eb6b6b6, org.springframework.test.context.support.DirtiesContextBeforeModesTestExecutionListener@7ed9499e, org.springframework.boot.test.mock.mockito.MockitoTestExecutionListener@28e19366, org.springframework.boot.test.autoconfigure.SpringBootDependencyInjectionTestExecutionListener@5b275174, org.springframework.test.context.support.DirtiesContextTestExecutionListener@10ef5fa0, org.springframework.test.context.transaction.TransactionalTestExecutionListener@244e619a, org.springframework.test.context.jdbc.SqlScriptsTestExecutionListener@10acd6, org.springframework.test.context.event.EventPublishingTestExecutionListener@61dde151, org.springframework.boot.test.mock.mockito.ResetMocksTestExecutionListener@b25b095, org.springframework.boot.test.autoconfigure.restdocs.RestDocsTestExecutionListener@5cb042da, org.springframework.boot.test.autoconfigure.web.client.MockRestServiceServerResetTestExecutionListener@59c33386, org.springframework.boot.test.autoconfigure.web.servlet.MockMvcPrintOnlyOnFailureTestExecutionListener@571a9686, org.springframework.boot.test.autoconfigure.web.servlet.WebDriverTestExecutionListener@719d35e8, org.springframework.boot.test.autoconfigure.webservices.client.MockWebServiceServerTestExecutionListener@2f651f93]
2020-08-25 09:03:43,865 INFO org.springframework.boot.StartupInfoLogger [main] Starting SiteApplicationTests on WZB with PID 13888 (started by wzb in M:\30_CODING\70_WEB\bringbackdada.com)
2020-08-25 09:03:43,866 DEBUG org.springframework.boot.StartupInfoLogger [main] Running with Spring Boot v2.3.2.RELEASE, Spring v5.2.8.RELEASE
2020-08-25 09:03:43,866 INFO org.springframework.boot.SpringApplication [main] No active profile set, falling back to default profiles: default
2020-08-25 09:03:44,473 INFO org.springframework.data.repository.config.RepositoryConfigurationDelegate [main] Bootstrapping Spring Data JPA repositories in DEFERRED mode.
2020-08-25 09:03:44,532 INFO org.springframework.data.repository.config.RepositoryConfigurationDelegate [main] Finished Spring Data repository scanning in 52ms. Found 8 JPA repository interfaces.
2020-08-25 09:03:44,990 INFO org.springframework.scheduling.concurrent.ExecutorConfigurationSupport [main] Initializing ExecutorService 'applicationTaskExecutor'
2020-08-25 09:03:45,004 INFO com.zaxxer.hikari.HikariDataSource [main] HikariPool-1 - Starting...
2020-08-25 09:03:45,176 INFO com.zaxxer.hikari.HikariDataSource [main] HikariPool-1 - Start completed.
2020-08-25 09:03:45,259 INFO org.hibernate.jpa.internal.util.LogHelper [task-1] HHH000204: Processing PersistenceUnitInfo [name: default]
2020-08-25 09:03:45,326 INFO org.hibernate.Version [task-1] HHH000412: Hibernate ORM core version 5.4.18.Final
2020-08-25 09:03:45,378 INFO org.hibernate.annotations.common.reflection.java.JavaReflectionManager [task-1] HCANN000001: Hibernate Commons Annotations {5.1.0.Final}
2020-08-25 09:03:45,682 INFO org.hibernate.dialect.Dialect [task-1] HHH000400: Using dialect: org.hibernate.dialect.H2Dialect
2020-08-25 09:03:46,163 INFO org.hibernate.engine.transaction.jta.platform.internal.JtaPlatformInitiator [task-1] HHH000490: Using JtaPlatform implementation: [org.hibernate.engine.transaction.jta.platform.internal.NoJtaPlatform]
2020-08-25 09:03:46,171 INFO org.springframework.orm.jpa.AbstractEntityManagerFactoryBean [task-1] Initialized JPA EntityManagerFactory for persistence unit 'default'
2020-08-25 09:03:46,508 INFO com.bringbackdada.site.bootstrap.DataInitializer [main] Default NULL entries initialized in the database
2020-08-25 09:03:46,516 INFO com.bringbackdada.site.bootstrap.TestData [main] TEST data CREATOR added to database
2020-08-25 09:03:46,518 INFO com.bringbackdada.site.bootstrap.TestData [main] TEST data MODEL added to database
2020-08-25 09:03:46,520 INFO com.bringbackdada.site.bootstrap.TestData [main] TEST data LICENSE added to database
2020-08-25 09:03:46,654 INFO com.bringbackdada.site.bootstrap.TestData [main] TEST data CONTENT added to database
2020-08-25 09:03:46,659 INFO com.bringbackdada.site.bootstrap.TestData [main] TEST data GALLERY added to database
2020-08-25 09:03:46,671 INFO com.bringbackdada.site.bootstrap.TestData [main] TEST data BLOG added to database
2020-08-25 09:03:46,680 INFO com.bringbackdada.site.bootstrap.TestData [main] TEST data BLOG added to database
2020-08-25 09:03:46,832 WARN org.springframework.boot.autoconfigure.orm.jpa.JpaBaseConfiguration$JpaWebConfiguration [main] spring.jpa.open-in-view is enabled by default. Therefore, database queries may be performed during view rendering. Explicitly configure spring.jpa.open-in-view to disable this warning
2020-08-25 09:03:47,088 INFO org.springframework.boot.autoconfigure.web.servlet.WelcomePageHandlerMapping [main] Adding welcome page template: index
2020-08-25 09:03:47,938 INFO org.springframework.data.repository.config.DeferredRepositoryInitializationListener [main] Triggering deferred initialization of Spring Data repositoriesâ€¦
2020-08-25 09:03:47,939 INFO org.springframework.data.repository.config.DeferredRepositoryInitializationListener [main] Spring Data repositories initialized!
2020-08-25 09:03:47,950 INFO org.springframework.boot.StartupInfoLogger [main] Started SiteApplicationTests in 4.31 seconds (JVM running for 5.62)
2020-08-25 09:03:47,952 INFO com.bringbackdada.site.DataLoader [main] DataLoader executed
2020-08-25 09:03:48,013 INFO com.bringbackdada.site.controllers.AdminController [main] --> Called add-project.html
2020-08-25 09:03:48,015 INFO com.bringbackdada.site.controllers.AdminController [main] --> Called add-project.html
2020-08-25 09:03:48,022 INFO com.bringbackdada.site.controllers.AdminController [main] --> Called add-project.html
2020-08-25 09:03:48,023 INFO com.bringbackdada.site.controllers.AdminController [main] --> Called add-project.html
2020-08-25 09:03:48,051 INFO com.bringbackdada.site.controllers.BlogController [main] --> Calling blog.html
2020-08-25 09:03:48,053 INFO com.bringbackdada.site.controllers.IndexController [main] --> Called index.html
2020-08-25 09:03:48,059 INFO org.springframework.orm.jpa.AbstractEntityManagerFactoryBean [SpringContextShutdownHook] Closing JPA EntityManagerFactory for persistence unit 'default'
2020-08-25 09:03:48,060 INFO org.hibernate.tool.schema.internal.SchemaDropperImpl$DelayedDropActionImpl [SpringContextShutdownHook] HHH000477: Starting delayed evictData of schema as part of SessionFactory shut-down'
2020-08-25 09:03:48,067 INFO org.springframework.scheduling.concurrent.ExecutorConfigurationSupport [SpringContextShutdownHook] Shutting down ExecutorService 'applicationTaskExecutor'
2020-08-25 09:03:48,068 INFO com.zaxxer.hikari.HikariDataSource [SpringContextShutdownHook] HikariPool-1 - Shutdown initiated...
2020-08-25 09:03:48,073 INFO com.zaxxer.hikari.HikariDataSource [SpringContextShutdownHook] HikariPool-1 - Shutdown completed.
2020-08-25 09:05:20,531 INFO com.bringbackdada.site.controllers.IndexController [main] --> Called index.html
2020-08-25 09:32:01,275 INFO org.springframework.test.context.support.AbstractTestContextBootstrapper [main] Neither @ContextConfiguration nor @ContextHierarchy found for test class [com.bringbackdada.site.controllers.IndexControllerTest], using SpringBootContextLoader
2020-08-25 09:32:01,280 INFO org.springframework.test.context.support.AbstractContextLoader [main] Could not detect default resource locations for test class [com.bringbackdada.site.controllers.IndexControllerTest]: no resource found for suffixes {-context.xml, Context.groovy}.
2020-08-25 09:32:01,281 INFO org.springframework.test.context.support.AnnotationConfigContextLoaderUtils [main] Could not detect default configuration classes for test class [com.bringbackdada.site.controllers.IndexControllerTest]: IndexControllerTest does not declare any static, non-private, non-final, nested classes annotated with @Configuration.
2020-08-25 09:32:01,385 INFO org.springframework.boot.test.context.SpringBootTestContextBootstrapper [main] Found @SpringBootConfiguration com.bringbackdada.site.SiteApplication for test class com.bringbackdada.site.controllers.IndexControllerTest
2020-08-25 09:32:01,387 INFO org.springframework.test.context.support.AbstractTestContextBootstrapper [main] Loaded default TestExecutionListener class names from location [META-INF/spring.factories]: [org.springframework.boot.test.mock.mockito.MockitoTestExecutionListener, org.springframework.boot.test.mock.mockito.ResetMocksTestExecutionListener, org.springframework.boot.test.autoconfigure.restdocs.RestDocsTestExecutionListener, org.springframework.boot.test.autoconfigure.web.client.MockRestServiceServerResetTestExecutionListener, org.springframework.boot.test.autoconfigure.web.servlet.MockMvcPrintOnlyOnFailureTestExecutionListener, org.springframework.boot.test.autoconfigure.web.servlet.WebDriverTestExecutionListener, org.springframework.boot.test.autoconfigure.webservices.client.MockWebServiceServerTestExecutionListener, org.springframework.test.context.web.ServletTestExecutionListener, org.springframework.test.context.support.DirtiesContextBeforeModesTestExecutionListener, org.springframework.test.context.support.DependencyInjectionTestExecutionListener, org.springframework.test.context.support.DirtiesContextTestExecutionListener, org.springframework.test.context.transaction.TransactionalTestExecutionListener, org.springframework.test.context.jdbc.SqlScriptsTestExecutionListener, org.springframework.test.context.event.EventPublishingTestExecutionListener]
2020-08-25 09:32:01,399 INFO org.springframework.test.context.support.AbstractTestContextBootstrapper [main] Using TestExecutionListeners: [org.springframework.test.context.web.ServletTestExecutionListener@3fffff43, org.springframework.test.context.support.DirtiesContextBeforeModesTestExecutionListener@a8e6492, org.springframework.boot.test.mock.mockito.MockitoTestExecutionListener@1c7fd41f, org.springframework.boot.test.autoconfigure.SpringBootDependencyInjectionTestExecutionListener@3b77a04f, org.springframework.test.context.support.DirtiesContextTestExecutionListener@7b324585, org.springframework.test.context.transaction.TransactionalTestExecutionListener@2e11485, org.springframework.test.context.jdbc.SqlScriptsTestExecutionListener@60dce7ea, org.springframework.test.context.event.EventPublishingTestExecutionListener@662f5666, org.springframework.boot.test.mock.mockito.ResetMocksTestExecutionListener@fd8294b, org.springframework.boot.test.autoconfigure.restdocs.RestDocsTestExecutionListener@5974109, org.springframework.boot.test.autoconfigure.web.client.MockRestServiceServerResetTestExecutionListener@27305e6, org.springframework.boot.test.autoconfigure.web.servlet.MockMvcPrintOnlyOnFailureTestExecutionListener@1ef3efa8, org.springframework.boot.test.autoconfigure.web.servlet.WebDriverTestExecutionListener@502f1f4c, org.springframework.boot.test.autoconfigure.webservices.client.MockWebServiceServerTestExecutionListener@6f8f9349]
2020-08-25 09:32:02,020 INFO org.springframework.boot.StartupInfoLogger [main] Starting IndexControllerTest on WZB with PID 13692 (started by wzb in M:\30_CODING\70_WEB\bringbackdada.com)
2020-08-25 09:32:02,021 DEBUG org.springframework.boot.StartupInfoLogger [main] Running with Spring Boot v2.3.2.RELEASE, Spring v5.2.8.RELEASE
2020-08-25 09:32:02,023 INFO org.springframework.boot.SpringApplication [main] No active profile set, falling back to default profiles: default
2020-08-25 09:32:02,623 WARN org.springframework.context.support.AbstractApplicationContext [main] Exception encountered during context initialization - cancelling refresh attempt: org.springframework.beans.factory.UnsatisfiedDependencyException: Error creating bean with name 'adminController' defined in file [M:\30_CODING\70_WEB\bringbackdada.com\target\classes\com\bringbackdada\site\controllers\AdminController.class]: Unsatisfied dependency expressed through constructor parameter 0; nested exception is org.springframework.beans.factory.NoSuchBeanDefinitionException: No qualifying bean of type 'com.bringbackdada.site.services.CreatorService' available: expected at least 1 bean which qualifies as autowire candidate. Dependency annotations: {}
2020-08-25 09:32:02,627 INFO org.springframework.boot.autoconfigure.logging.ConditionEvaluationReportLoggingListener [main] 

Error starting ApplicationContext. To display the conditions report re-run your application with 'debug' enabled.
2020-08-25 09:32:02,664 ERROR org.springframework.boot.diagnostics.LoggingFailureAnalysisReporter [main] 

***************************
APPLICATION FAILED TO START
***************************

Description:

Parameter 0 of constructor in com.bringbackdada.site.controllers.AdminController required a bean of type 'com.bringbackdada.site.services.CreatorService' that could not be found.


Action:

Consider defining a bean of type 'com.bringbackdada.site.services.CreatorService' in your configuration.

2020-08-25 09:32:02,699 INFO org.springframework.boot.StartupInfoLogger [main] Starting IndexControllerTest on WZB with PID 13692 (started by wzb in M:\30_CODING\70_WEB\bringbackdada.com)
2020-08-25 09:32:02,699 DEBUG org.springframework.boot.StartupInfoLogger [main] Running with Spring Boot v2.3.2.RELEASE, Spring v5.2.8.RELEASE
2020-08-25 09:32:02,700 INFO org.springframework.boot.SpringApplication [main] No active profile set, falling back to default profiles: default
2020-08-25 09:32:02,810 WARN org.springframework.context.support.AbstractApplicationContext [main] Exception encountered during context initialization - cancelling refresh attempt: org.springframework.beans.factory.UnsatisfiedDependencyException: Error creating bean with name 'adminController' defined in file [M:\30_CODING\70_WEB\bringbackdada.com\target\classes\com\bringbackdada\site\controllers\AdminController.class]: Unsatisfied dependency expressed through constructor parameter 0; nested exception is org.springframework.beans.factory.NoSuchBeanDefinitionException: No qualifying bean of type 'com.bringbackdada.site.services.CreatorService' available: expected at least 1 bean which qualifies as autowire candidate. Dependency annotations: {}
2020-08-25 09:32:02,811 INFO org.springframework.boot.autoconfigure.logging.ConditionEvaluationReportLoggingListener [main] 

Error starting ApplicationContext. To display the conditions report re-run your application with 'debug' enabled.
2020-08-25 09:32:02,826 ERROR org.springframework.boot.diagnostics.LoggingFailureAnalysisReporter [main] 

***************************
APPLICATION FAILED TO START
***************************

Description:

Parameter 0 of constructor in com.bringbackdada.site.controllers.AdminController required a bean of type 'com.bringbackdada.site.services.CreatorService' that could not be found.


Action:

Consider defining a bean of type 'com.bringbackdada.site.services.CreatorService' in your configuration.

2020-08-25 09:32:02,828 ERROR org.springframework.test.context.TestContextManager [main] Caught exception while allowing TestExecutionListener [org.springframework.boot.test.autoconfigure.SpringBootDependencyInjectionTestExecutionListener@3b77a04f] to prepare test instance [com.bringbackdada.site.controllers.IndexControllerTest@16cf8438]
java.lang.IllegalStateException: Failed to load ApplicationContext
	at org.springframework.test.context.cache.DefaultCacheAwareContextLoaderDelegate.loadContext(DefaultCacheAwareContextLoaderDelegate.java:132)
	at org.springframework.test.context.support.DefaultTestContext.getApplicationContext(DefaultTestContext.java:123)
	at org.springframework.test.context.support.DependencyInjectionTestExecutionListener.injectDependencies(DependencyInjectionTestExecutionListener.java:118)
	at org.springframework.test.context.support.DependencyInjectionTestExecutionListener.prepareTestInstance(DependencyInjectionTestExecutionListener.java:83)
	at org.springframework.boot.test.autoconfigure.SpringBootDependencyInjectionTestExecutionListener.prepareTestInstance(SpringBootDependencyInjectionTestExecutionListener.java:43)
	at org.springframework.test.context.TestContextManager.prepareTestInstance(TestContextManager.java:244)
	at org.springframework.test.context.junit.jupiter.SpringExtension.postProcessTestInstance(SpringExtension.java:98)
	at org.junit.jupiter.engine.descriptor.ClassBasedTestDescriptor.lambda$invokeTestInstancePostProcessors$5(ClassBasedTestDescriptor.java:341)
	at org.junit.jupiter.engine.descriptor.ClassBasedTestDescriptor.executeAndMaskThrowable(ClassBasedTestDescriptor.java:346)
	at org.junit.jupiter.engine.descriptor.ClassBasedTestDescriptor.lambda$invokeTestInstancePostProcessors$6(ClassBasedTestDescriptor.java:341)
	at java.base/java.util.stream.ReferencePipeline$3$1.accept(ReferencePipeline.java:195)
	at java.base/java.util.stream.ReferencePipeline$2$1.accept(ReferencePipeline.java:177)
	at java.base/java.util.ArrayList$ArrayListSpliterator.forEachRemaining(ArrayList.java:1654)
	at java.base/java.util.stream.AbstractPipeline.copyInto(AbstractPipeline.java:484)
	at java.base/java.util.stream.AbstractPipeline.wrapAndCopyInto(AbstractPipeline.java:474)
	at java.base/java.util.stream.StreamSpliterators$WrappingSpliterator.forEachRemaining(StreamSpliterators.java:312)
	at java.base/java.util.stream.Streams$ConcatSpliterator.forEachRemaining(Streams.java:735)
	at java.base/java.util.stream.Streams$ConcatSpliterator.forEachRemaining(Streams.java:734)
	at java.base/java.util.stream.ReferencePipeline$Head.forEach(ReferencePipeline.java:658)
	at org.junit.jupiter.engine.descriptor.ClassBasedTestDescriptor.invokeTestInstancePostProcessors(ClassBasedTestDescriptor.java:340)
	at org.junit.jupiter.engine.descriptor.ClassBasedTestDescriptor.instantiateAndPostProcessTestInstance(ClassBasedTestDescriptor.java:263)
	at org.junit.jupiter.engine.descriptor.ClassBasedTestDescriptor.lambda$testInstancesProvider$2(ClassBasedTestDescriptor.java:256)
	at java.base/java.util.Optional.orElseGet(Optional.java:369)
	at org.junit.jupiter.engine.descriptor.ClassBasedTestDescriptor.lambda$testInstancesProvider$3(ClassBasedTestDescriptor.java:255)
	at org.junit.jupiter.engine.execution.TestInstancesProvider.getTestInstances(TestInstancesProvider.java:29)
	at org.junit.jupiter.engine.descriptor.TestMethodTestDescriptor.lambda$prepare$0(TestMethodTestDescriptor.java:108)
	at org.junit.platform.engine.support.hierarchical.ThrowableCollector.execute(ThrowableCollector.java:73)
	at org.junit.jupiter.engine.descriptor.TestMethodTestDescriptor.prepare(TestMethodTestDescriptor.java:107)
	at org.junit.jupiter.engine.descriptor.TestMethodTestDescriptor.prepare(TestMethodTestDescriptor.java:71)
	at org.junit.platform.engine.support.hierarchical.NodeTestTask.lambda$prepare$1(NodeTestTask.java:107)
	at org.junit.platform.engine.support.hierarchical.ThrowableCollector.execute(ThrowableCollector.java:73)
	at org.junit.platform.engine.support.hierarchical.NodeTestTask.prepare(NodeTestTask.java:107)
	at org.junit.platform.engine.support.hierarchical.NodeTestTask.execute(NodeTestTask.java:75)
	at java.base/java.util.ArrayList.forEach(ArrayList.java:1540)
	at org.junit.platform.engine.support.hierarchical.SameThreadHierarchicalTestExecutorService.invokeAll(SameThreadHierarchicalTestExecutorService.java:38)
	at org.junit.platform.engine.support.hierarchical.NodeTestTask.lambda$executeRecursively$5(NodeTestTask.java:139)
	at org.junit.platform.engine.support.hierarchical.ThrowableCollector.execute(ThrowableCollector.java:73)
	at org.junit.platform.engine.support.hierarchical.NodeTestTask.lambda$executeRecursively$7(NodeTestTask.java:125)
	at org.junit.platform.engine.support.hierarchical.Node.around(Node.java:135)
	at org.junit.platform.engine.support.hierarchical.NodeTestTask.lambda$executeRecursively$8(NodeTestTask.java:123)
	at org.junit.platform.engine.support.hierarchical.ThrowableCollector.execute(ThrowableCollector.java:73)
	at org.junit.platform.engine.support.hierarchical.NodeTestTask.executeRecursively(NodeTestTask.java:122)
	at org.junit.platform.engine.support.hierarchical.NodeTestTask.execute(NodeTestTask.java:80)
	at java.base/java.util.ArrayList.forEach(ArrayList.java:1540)
	at org.junit.platform.engine.support.hierarchical.SameThreadHierarchicalTestExecutorService.invokeAll(SameThreadHierarchicalTestExecutorService.java:38)
	at org.junit.platform.engine.support.hierarchical.NodeTestTask.lambda$executeRecursively$5(NodeTestTask.java:139)
	at org.junit.platform.engine.support.hierarchical.ThrowableCollector.execute(ThrowableCollector.java:73)
	at org.junit.platform.engine.support.hierarchical.NodeTestTask.lambda$executeRecursively$7(NodeTestTask.java:125)
	at org.junit.platform.engine.support.hierarchical.Node.around(Node.java:135)
	at org.junit.platform.engine.support.hierarchical.NodeTestTask.lambda$executeRecursively$8(NodeTestTask.java:123)
	at org.junit.platform.engine.support.hierarchical.ThrowableCollector.execute(ThrowableCollector.java:73)
	at org.junit.platform.engine.support.hierarchical.NodeTestTask.executeRecursively(NodeTestTask.java:122)
	at org.junit.platform.engine.support.hierarchical.NodeTestTask.execute(NodeTestTask.java:80)
	at org.junit.platform.engine.support.hierarchical.SameThreadHierarchicalTestExecutorService.submit(SameThreadHierarchicalTestExecutorService.java:32)
	at org.junit.platform.engine.support.hierarchical.HierarchicalTestExecutor.execute(HierarchicalTestExecutor.java:57)
	at org.junit.platform.engine.support.hierarchical.HierarchicalTestEngine.execute(HierarchicalTestEngine.java:51)
	at org.junit.platform.launcher.core.DefaultLauncher.execute(DefaultLauncher.java:248)
	at org.junit.platform.launcher.core.DefaultLauncher.lambda$execute$5(DefaultLauncher.java:211)
	at org.junit.platform.launcher.core.DefaultLauncher.withInterceptedStreams(DefaultLauncher.java:226)
	at org.junit.platform.launcher.core.DefaultLauncher.execute(DefaultLauncher.java:199)
	at org.junit.platform.launcher.core.DefaultLauncher.execute(DefaultLauncher.java:132)
	at com.intellij.junit5.JUnit5IdeaTestRunner.startRunnerWithArgs(JUnit5IdeaTestRunner.java:71)
	at com.intellij.rt.junit.IdeaTestRunner$Repeater.startRunnerWithArgs(IdeaTestRunner.java:33)
	at com.intellij.rt.junit.JUnitStarter.prepareStreamsAndStart(JUnitStarter.java:220)
	at com.intellij.rt.junit.JUnitStarter.main(JUnitStarter.java:53)
Caused by: org.springframework.beans.factory.UnsatisfiedDependencyException: Error creating bean with name 'adminController' defined in file [M:\30_CODING\70_WEB\bringbackdada.com\target\classes\com\bringbackdada\site\controllers\AdminController.class]: Unsatisfied dependency expressed through constructor parameter 0; nested exception is org.springframework.beans.factory.NoSuchBeanDefinitionException: No qualifying bean of type 'com.bringbackdada.site.services.CreatorService' available: expected at least 1 bean which qualifies as autowire candidate. Dependency annotations: {}
	at org.springframework.beans.factory.support.ConstructorResolver.createArgumentArray(ConstructorResolver.java:797)
	at org.springframework.beans.factory.support.ConstructorResolver.autowireConstructor(ConstructorResolver.java:227)
	at org.springframework.beans.factory.support.AbstractAutowireCapableBeanFactory.autowireConstructor(AbstractAutowireCapableBeanFactory.java:1356)
	at org.springframework.beans.factory.support.AbstractAutowireCapableBeanFactory.createBeanInstance(AbstractAutowireCapableBeanFactory.java:1203)
	at org.springframework.beans.factory.support.AbstractAutowireCapableBeanFactory.doCreateBean(AbstractAutowireCapableBeanFactory.java:556)
	at org.springframework.beans.factory.support.AbstractAutowireCapableBeanFactory.createBean(AbstractAutowireCapableBeanFactory.java:516)
	at org.springframework.beans.factory.support.AbstractBeanFactory.lambda$doGetBean$0(AbstractBeanFactory.java:324)
	at org.springframework.beans.factory.support.DefaultSingletonBeanRegistry.getSingleton(DefaultSingletonBeanRegistry.java:226)
	at org.springframework.beans.factory.support.AbstractBeanFactory.doGetBean(AbstractBeanFactory.java:322)
	at org.springframework.beans.factory.support.AbstractBeanFactory.getBean(AbstractBeanFactory.java:202)
	at org.springframework.beans.factory.support.DefaultListableBeanFactory.preInstantiateSingletons(DefaultListableBeanFactory.java:897)
	at org.springframework.context.support.AbstractApplicationContext.finishBeanFactoryInitialization(AbstractApplicationContext.java:879)
	at org.springframework.context.support.AbstractApplicationContext.refresh(AbstractApplicationContext.java:551)
	at org.springframework.boot.SpringApplication.refresh(SpringApplication.java:758)
	at org.springframework.boot.SpringApplication.refresh(SpringApplication.java:750)
	at org.springframework.boot.SpringApplication.refreshContext(SpringApplication.java:397)
	at org.springframework.boot.SpringApplication.run(SpringApplication.java:315)
	at org.springframework.boot.test.context.SpringBootContextLoader.loadContext(SpringBootContextLoader.java:120)
	at org.springframework.test.context.cache.DefaultCacheAwareContextLoaderDelegate.loadContextInternal(DefaultCacheAwareContextLoaderDelegate.java:99)
	at org.springframework.test.context.cache.DefaultCacheAwareContextLoaderDelegate.loadContext(DefaultCacheAwareContextLoaderDelegate.java:124)
	... 64 common frames omitted
Caused by: org.springframework.beans.factory.NoSuchBeanDefinitionException: No qualifying bean of type 'com.bringbackdada.site.services.CreatorService' available: expected at least 1 bean which qualifies as autowire candidate. Dependency annotations: {}
	at org.springframework.beans.factory.support.DefaultListableBeanFactory.raiseNoMatchingBeanFound(DefaultListableBeanFactory.java:1717)
	at org.springframework.beans.factory.support.DefaultListableBeanFactory.doResolveDependency(DefaultListableBeanFactory.java:1273)
	at org.springframework.beans.factory.support.DefaultListableBeanFactory.resolveDependency(DefaultListableBeanFactory.java:1227)
	at org.springframework.beans.factory.support.ConstructorResolver.resolveAutowiredArgument(ConstructorResolver.java:884)
	at org.springframework.beans.factory.support.ConstructorResolver.createArgumentArray(ConstructorResolver.java:788)
	... 83 common frames omitted
2020-08-25 09:33:08,853 INFO org.springframework.test.context.support.AbstractTestContextBootstrapper [main] Neither @ContextConfiguration nor @ContextHierarchy found for test class [com.bringbackdada.site.controllers.IndexControllerTest], using SpringBootContextLoader
2020-08-25 09:33:08,858 INFO org.springframework.test.context.support.AbstractContextLoader [main] Could not detect default resource locations for test class [com.bringbackdada.site.controllers.IndexControllerTest]: no resource found for suffixes {-context.xml, Context.groovy}.
2020-08-25 09:33:08,859 INFO org.springframework.test.context.support.AnnotationConfigContextLoaderUtils [main] Could not detect default configuration classes for test class [com.bringbackdada.site.controllers.IndexControllerTest]: IndexControllerTest does not declare any static, non-private, non-final, nested classes annotated with @Configuration.
2020-08-25 09:33:08,957 INFO org.springframework.boot.test.context.SpringBootTestContextBootstrapper [main] Found @SpringBootConfiguration com.bringbackdada.site.SiteApplication for test class com.bringbackdada.site.controllers.IndexControllerTest
2020-08-25 09:33:08,960 INFO org.springframework.test.context.support.AbstractTestContextBootstrapper [main] Loaded default TestExecutionListener class names from location [META-INF/spring.factories]: [org.springframework.boot.test.mock.mockito.MockitoTestExecutionListener, org.springframework.boot.test.mock.mockito.ResetMocksTestExecutionListener, org.springframework.boot.test.autoconfigure.restdocs.RestDocsTestExecutionListener, org.springframework.boot.test.autoconfigure.web.client.MockRestServiceServerResetTestExecutionListener, org.springframework.boot.test.autoconfigure.web.servlet.MockMvcPrintOnlyOnFailureTestExecutionListener, org.springframework.boot.test.autoconfigure.web.servlet.WebDriverTestExecutionListener, org.springframework.boot.test.autoconfigure.webservices.client.MockWebServiceServerTestExecutionListener, org.springframework.test.context.web.ServletTestExecutionListener, org.springframework.test.context.support.DirtiesContextBeforeModesTestExecutionListener, org.springframework.test.context.support.DependencyInjectionTestExecutionListener, org.springframework.test.context.support.DirtiesContextTestExecutionListener, org.springframework.test.context.transaction.TransactionalTestExecutionListener, org.springframework.test.context.jdbc.SqlScriptsTestExecutionListener, org.springframework.test.context.event.EventPublishingTestExecutionListener]
2020-08-25 09:33:08,971 INFO org.springframework.test.context.support.AbstractTestContextBootstrapper [main] Using TestExecutionListeners: [org.springframework.test.context.web.ServletTestExecutionListener@a8e6492, org.springframework.test.context.support.DirtiesContextBeforeModesTestExecutionListener@1c7fd41f, org.springframework.boot.test.mock.mockito.MockitoTestExecutionListener@3b77a04f, org.springframework.boot.test.autoconfigure.SpringBootDependencyInjectionTestExecutionListener@7b324585, org.springframework.test.context.support.DirtiesContextTestExecutionListener@2e11485, org.springframework.test.context.transaction.TransactionalTestExecutionListener@60dce7ea, org.springframework.test.context.jdbc.SqlScriptsTestExecutionListener@662f5666, org.springframework.test.context.event.EventPublishingTestExecutionListener@fd8294b, org.springframework.boot.test.mock.mockito.ResetMocksTestExecutionListener@5974109, org.springframework.boot.test.autoconfigure.restdocs.RestDocsTestExecutionListener@27305e6, org.springframework.boot.test.autoconfigure.web.client.MockRestServiceServerResetTestExecutionListener@1ef3efa8, org.springframework.boot.test.autoconfigure.web.servlet.MockMvcPrintOnlyOnFailureTestExecutionListener@502f1f4c, org.springframework.boot.test.autoconfigure.web.servlet.WebDriverTestExecutionListener@6f8f9349, org.springframework.boot.test.autoconfigure.webservices.client.MockWebServiceServerTestExecutionListener@75c9e76b]
2020-08-25 09:33:09,582 INFO org.springframework.boot.StartupInfoLogger [main] Starting IndexControllerTest on WZB with PID 14380 (started by wzb in M:\30_CODING\70_WEB\bringbackdada.com)
2020-08-25 09:33:09,583 DEBUG org.springframework.boot.StartupInfoLogger [main] Running with Spring Boot v2.3.2.RELEASE, Spring v5.2.8.RELEASE
2020-08-25 09:33:09,585 INFO org.springframework.boot.SpringApplication [main] No active profile set, falling back to default profiles: default
2020-08-25 09:33:10,458 INFO org.springframework.scheduling.concurrent.ExecutorConfigurationSupport [main] Initializing ExecutorService 'applicationTaskExecutor'
2020-08-25 09:33:10,527 INFO org.springframework.boot.autoconfigure.web.servlet.WelcomePageHandlerMapping [main] Adding welcome page template: index
2020-08-25 09:33:11,277 INFO org.springframework.mock.web.MockServletContext [main] Initializing Spring TestDispatcherServlet ''
2020-08-25 09:33:11,277 INFO org.springframework.web.servlet.FrameworkServlet [main] Initializing Servlet ''
2020-08-25 09:33:11,290 INFO org.springframework.web.servlet.FrameworkServlet [main] Completed initialization in 12 ms
2020-08-25 09:33:11,317 INFO org.springframework.boot.StartupInfoLogger [main] Started IndexControllerTest in 1.996 seconds (JVM running for 3.119)
2020-08-25 09:33:11,348 INFO com.bringbackdada.site.controllers.IndexController [main] --> Called index.html
2020-08-25 09:33:11,371 INFO org.springframework.scheduling.concurrent.ExecutorConfigurationSupport [SpringContextShutdownHook] Shutting down ExecutorService 'applicationTaskExecutor'
2020-08-25 09:33:58,351 INFO com.bringbackdada.site.controllers.IndexController [main] --> Called index.html
2020-08-25 09:34:17,459 INFO org.springframework.test.context.support.AbstractTestContextBootstrapper [main] Neither @ContextConfiguration nor @ContextHierarchy found for test class [com.bringbackdada.site.controllers.IndexControllerTest], using SpringBootContextLoader
2020-08-25 09:34:17,465 INFO org.springframework.test.context.support.AbstractContextLoader [main] Could not detect default resource locations for test class [com.bringbackdada.site.controllers.IndexControllerTest]: no resource found for suffixes {-context.xml, Context.groovy}.
2020-08-25 09:34:17,466 INFO org.springframework.test.context.support.AnnotationConfigContextLoaderUtils [main] Could not detect default configuration classes for test class [com.bringbackdada.site.controllers.IndexControllerTest]: IndexControllerTest does not declare any static, non-private, non-final, nested classes annotated with @Configuration.
2020-08-25 09:34:17,559 INFO org.springframework.boot.test.context.SpringBootTestContextBootstrapper [main] Found @SpringBootConfiguration com.bringbackdada.site.SiteApplication for test class com.bringbackdada.site.controllers.IndexControllerTest
2020-08-25 09:34:17,562 INFO org.springframework.test.context.support.AbstractTestContextBootstrapper [main] Loaded default TestExecutionListener class names from location [META-INF/spring.factories]: [org.springframework.boot.test.mock.mockito.MockitoTestExecutionListener, org.springframework.boot.test.mock.mockito.ResetMocksTestExecutionListener, org.springframework.boot.test.autoconfigure.restdocs.RestDocsTestExecutionListener, org.springframework.boot.test.autoconfigure.web.client.MockRestServiceServerResetTestExecutionListener, org.springframework.boot.test.autoconfigure.web.servlet.MockMvcPrintOnlyOnFailureTestExecutionListener, org.springframework.boot.test.autoconfigure.web.servlet.WebDriverTestExecutionListener, org.springframework.boot.test.autoconfigure.webservices.client.MockWebServiceServerTestExecutionListener, org.springframework.test.context.web.ServletTestExecutionListener, org.springframework.test.context.support.DirtiesContextBeforeModesTestExecutionListener, org.springframework.test.context.support.DependencyInjectionTestExecutionListener, org.springframework.test.context.support.DirtiesContextTestExecutionListener, org.springframework.test.context.transaction.TransactionalTestExecutionListener, org.springframework.test.context.jdbc.SqlScriptsTestExecutionListener, org.springframework.test.context.event.EventPublishingTestExecutionListener]
2020-08-25 09:34:17,576 INFO org.springframework.test.context.support.AbstractTestContextBootstrapper [main] Using TestExecutionListeners: [org.springframework.test.context.web.ServletTestExecutionListener@a8e6492, org.springframework.test.context.support.DirtiesContextBeforeModesTestExecutionListener@1c7fd41f, org.springframework.boot.test.mock.mockito.MockitoTestExecutionListener@3b77a04f, org.springframework.boot.test.autoconfigure.SpringBootDependencyInjectionTestExecutionListener@7b324585, org.springframework.test.context.support.DirtiesContextTestExecutionListener@2e11485, org.springframework.test.context.transaction.TransactionalTestExecutionListener@60dce7ea, org.springframework.test.context.jdbc.SqlScriptsTestExecutionListener@662f5666, org.springframework.test.context.event.EventPublishingTestExecutionListener@fd8294b, org.springframework.boot.test.mock.mockito.ResetMocksTestExecutionListener@5974109, org.springframework.boot.test.autoconfigure.restdocs.RestDocsTestExecutionListener@27305e6, org.springframework.boot.test.autoconfigure.web.client.MockRestServiceServerResetTestExecutionListener@1ef3efa8, org.springframework.boot.test.autoconfigure.web.servlet.MockMvcPrintOnlyOnFailureTestExecutionListener@502f1f4c, org.springframework.boot.test.autoconfigure.web.servlet.WebDriverTestExecutionListener@6f8f9349, org.springframework.boot.test.autoconfigure.webservices.client.MockWebServiceServerTestExecutionListener@75c9e76b]
2020-08-25 09:34:18,185 INFO org.springframework.boot.StartupInfoLogger [main] Starting IndexControllerTest on WZB with PID 472 (started by wzb in M:\30_CODING\70_WEB\bringbackdada.com)
2020-08-25 09:34:18,186 DEBUG org.springframework.boot.StartupInfoLogger [main] Running with Spring Boot v2.3.2.RELEASE, Spring v5.2.8.RELEASE
2020-08-25 09:34:18,188 INFO org.springframework.boot.SpringApplication [main] No active profile set, falling back to default profiles: default
2020-08-25 09:34:19,060 INFO org.springframework.scheduling.concurrent.ExecutorConfigurationSupport [main] Initializing ExecutorService 'applicationTaskExecutor'
2020-08-25 09:34:19,131 INFO org.springframework.boot.autoconfigure.web.servlet.WelcomePageHandlerMapping [main] Adding welcome page template: index
2020-08-25 09:34:19,898 INFO org.springframework.mock.web.MockServletContext [main] Initializing Spring TestDispatcherServlet ''
2020-08-25 09:34:19,899 INFO org.springframework.web.servlet.FrameworkServlet [main] Initializing Servlet ''
2020-08-25 09:34:19,910 INFO org.springframework.web.servlet.FrameworkServlet [main] Completed initialization in 11 ms
2020-08-25 09:34:19,937 INFO org.springframework.boot.StartupInfoLogger [main] Started IndexControllerTest in 2.007 seconds (JVM running for 3.127)
2020-08-25 09:34:19,967 INFO com.bringbackdada.site.controllers.IndexController [main] --> Called index.html
2020-08-25 09:34:19,996 INFO org.springframework.scheduling.concurrent.ExecutorConfigurationSupport [SpringContextShutdownHook] Shutting down ExecutorService 'applicationTaskExecutor'
2020-08-25 09:49:44,672 INFO org.springframework.test.context.support.AbstractTestContextBootstrapper [main] Neither @ContextConfiguration nor @ContextHierarchy found for test class [com.bringbackdada.site.controllers.IndexControllerIntegrationTest], using SpringBootContextLoader
2020-08-25 09:49:44,677 INFO org.springframework.test.context.support.AbstractContextLoader [main] Could not detect default resource locations for test class [com.bringbackdada.site.controllers.IndexControllerIntegrationTest]: no resource found for suffixes {-context.xml, Context.groovy}.
2020-08-25 09:49:44,678 INFO org.springframework.test.context.support.AnnotationConfigContextLoaderUtils [main] Could not detect default configuration classes for test class [com.bringbackdada.site.controllers.IndexControllerIntegrationTest]: IndexControllerIntegrationTest does not declare any static, non-private, non-final, nested classes annotated with @Configuration.
2020-08-25 09:49:44,775 INFO org.springframework.boot.test.context.SpringBootTestContextBootstrapper [main] Found @SpringBootConfiguration com.bringbackdada.site.SiteApplication for test class com.bringbackdada.site.controllers.IndexControllerIntegrationTest
2020-08-25 09:49:44,777 INFO org.springframework.test.context.support.AbstractTestContextBootstrapper [main] Loaded default TestExecutionListener class names from location [META-INF/spring.factories]: [org.springframework.boot.test.mock.mockito.MockitoTestExecutionListener, org.springframework.boot.test.mock.mockito.ResetMocksTestExecutionListener, org.springframework.boot.test.autoconfigure.restdocs.RestDocsTestExecutionListener, org.springframework.boot.test.autoconfigure.web.client.MockRestServiceServerResetTestExecutionListener, org.springframework.boot.test.autoconfigure.web.servlet.MockMvcPrintOnlyOnFailureTestExecutionListener, org.springframework.boot.test.autoconfigure.web.servlet.WebDriverTestExecutionListener, org.springframework.boot.test.autoconfigure.webservices.client.MockWebServiceServerTestExecutionListener, org.springframework.test.context.web.ServletTestExecutionListener, org.springframework.test.context.support.DirtiesContextBeforeModesTestExecutionListener, org.springframework.test.context.support.DependencyInjectionTestExecutionListener, org.springframework.test.context.support.DirtiesContextTestExecutionListener, org.springframework.test.context.transaction.TransactionalTestExecutionListener, org.springframework.test.context.jdbc.SqlScriptsTestExecutionListener, org.springframework.test.context.event.EventPublishingTestExecutionListener]
2020-08-25 09:49:44,790 INFO org.springframework.test.context.support.AbstractTestContextBootstrapper [main] Using TestExecutionListeners: [org.springframework.test.context.web.ServletTestExecutionListener@30bcf3c1, org.springframework.test.context.support.DirtiesContextBeforeModesTestExecutionListener@2a3c96e3, org.springframework.boot.test.mock.mockito.MockitoTestExecutionListener@15cafec7, org.springframework.boot.test.autoconfigure.SpringBootDependencyInjectionTestExecutionListener@5b444398, org.springframework.test.context.support.DirtiesContextTestExecutionListener@cb191ca, org.springframework.test.context.transaction.TransactionalTestExecutionListener@42f48531, org.springframework.test.context.jdbc.SqlScriptsTestExecutionListener@a776e, org.springframework.test.context.event.EventPublishingTestExecutionListener@792bbc74, org.springframework.boot.test.mock.mockito.ResetMocksTestExecutionListener@79145d5a, org.springframework.boot.test.autoconfigure.restdocs.RestDocsTestExecutionListener@1f2f9244, org.springframework.boot.test.autoconfigure.web.client.MockRestServiceServerResetTestExecutionListener@4c4d27c8, org.springframework.boot.test.autoconfigure.web.servlet.MockMvcPrintOnlyOnFailureTestExecutionListener@6821ea29, org.springframework.boot.test.autoconfigure.web.servlet.WebDriverTestExecutionListener@338494fa, org.springframework.boot.test.autoconfigure.webservices.client.MockWebServiceServerTestExecutionListener@505a9d7c]
2020-08-25 09:49:45,155 INFO org.springframework.boot.StartupInfoLogger [main] Starting IndexControllerIntegrationTest on WZB with PID 10668 (started by wzb in M:\30_CODING\70_WEB\bringbackdada.com)
2020-08-25 09:49:45,155 DEBUG org.springframework.boot.StartupInfoLogger [main] Running with Spring Boot v2.3.2.RELEASE, Spring v5.2.8.RELEASE
2020-08-25 09:49:45,158 INFO org.springframework.boot.SpringApplication [main] No active profile set, falling back to default profiles: default
2020-08-25 09:49:46,095 INFO org.springframework.scheduling.concurrent.ExecutorConfigurationSupport [main] Initializing ExecutorService 'applicationTaskExecutor'
2020-08-25 09:49:46,182 INFO org.springframework.boot.autoconfigure.web.servlet.WelcomePageHandlerMapping [main] Adding welcome page template: index
2020-08-25 09:49:46,936 INFO org.springframework.mock.web.MockServletContext [main] Initializing Spring TestDispatcherServlet ''
2020-08-25 09:49:46,937 INFO org.springframework.web.servlet.FrameworkServlet [main] Initializing Servlet ''
2020-08-25 09:49:46,947 INFO org.springframework.web.servlet.FrameworkServlet [main] Completed initialization in 9 ms
2020-08-25 09:49:46,972 INFO org.springframework.boot.StartupInfoLogger [main] Started IndexControllerIntegrationTest in 2.141 seconds (JVM running for 2.985)
2020-08-25 09:49:47,235 INFO com.bringbackdada.site.controllers.IndexController [main] --> Called index.html
2020-08-25 09:49:47,514 ERROR org.thymeleaf.TemplateEngine [main] [THYMELEAF][main] Exception processing template "index": Error during execution of processor 'org.thymeleaf.spring5.processor.SpringHrefTagProcessor' (template: "fragments/layout" - line 14, col 28)
org.thymeleaf.exceptions.TemplateProcessingException: Error during execution of processor 'org.thymeleaf.spring5.processor.SpringHrefTagProcessor' (template: "fragments/layout" - line 14, col 28)
	at org.thymeleaf.processor.element.AbstractAttributeTagProcessor.doProcess(AbstractAttributeTagProcessor.java:117)
	at org.thymeleaf.processor.element.AbstractElementTagProcessor.process(AbstractElementTagProcessor.java:95)
	at org.thymeleaf.util.ProcessorConfigurationUtils$ElementTagProcessorWrapper.process(ProcessorConfigurationUtils.java:633)
	at org.thymeleaf.engine.ProcessorTemplateHandler.handleStandaloneElement(ProcessorTemplateHandler.java:918)
	at org.thymeleaf.engine.StandaloneElementTag.beHandled(StandaloneElementTag.java:228)
	at org.thymeleaf.engine.Model.process(Model.java:282)
	at org.thymeleaf.engine.ProcessorTemplateHandler.handleOpenElement(ProcessorTemplateHandler.java:1587)
	at org.thymeleaf.engine.OpenElementTag.beHandled(OpenElementTag.java:205)
	at org.thymeleaf.engine.TemplateModel.process(TemplateModel.java:136)
	at org.thymeleaf.engine.TemplateManager.parseAndProcess(TemplateManager.java:661)
	at org.thymeleaf.TemplateEngine.process(TemplateEngine.java:1098)
	at org.thymeleaf.TemplateEngine.process(TemplateEngine.java:1072)
	at org.thymeleaf.spring5.view.ThymeleafView.renderFragment(ThymeleafView.java:362)
	at org.thymeleaf.spring5.view.ThymeleafView.render(ThymeleafView.java:189)
	at org.springframework.web.servlet.DispatcherServlet.render(DispatcherServlet.java:1373)
	at org.springframework.test.web.servlet.TestDispatcherServlet.render(TestDispatcherServlet.java:136)
	at org.springframework.web.servlet.DispatcherServlet.processDispatchResult(DispatcherServlet.java:1118)
	at org.springframework.web.servlet.DispatcherServlet.doDispatch(DispatcherServlet.java:1057)
	at org.springframework.web.servlet.DispatcherServlet.doService(DispatcherServlet.java:943)
	at org.springframework.web.servlet.FrameworkServlet.processRequest(FrameworkServlet.java:1006)
	at org.springframework.web.servlet.FrameworkServlet.doGet(FrameworkServlet.java:898)
	at javax.servlet.http.HttpServlet.service(HttpServlet.java:626)
	at org.springframework.web.servlet.FrameworkServlet.service(FrameworkServlet.java:883)
	at org.springframework.test.web.servlet.TestDispatcherServlet.service(TestDispatcherServlet.java:72)
	at javax.servlet.http.HttpServlet.service(HttpServlet.java:733)
	at org.springframework.mock.web.MockFilterChain$ServletFilterProxy.doFilter(MockFilterChain.java:167)
	at org.springframework.mock.web.MockFilterChain.doFilter(MockFilterChain.java:134)
	at org.springframework.web.servlet.resource.ResourceUrlEncodingFilter.doFilter(ResourceUrlEncodingFilter.java:64)
	at org.springframework.mock.web.MockFilterChain.doFilter(MockFilterChain.java:134)
	at org.springframework.web.filter.RequestContextFilter.doFilterInternal(RequestContextFilter.java:100)
	at org.springframework.web.filter.OncePerRequestFilter.doFilter(OncePerRequestFilter.java:119)
	at org.springframework.mock.web.MockFilterChain.doFilter(MockFilterChain.java:134)
	at org.springframework.web.filter.FormContentFilter.doFilterInternal(FormContentFilter.java:93)
	at org.springframework.web.filter.OncePerRequestFilter.doFilter(OncePerRequestFilter.java:119)
	at org.springframework.mock.web.MockFilterChain.doFilter(MockFilterChain.java:134)
	at org.springframework.test.web.servlet.MockMvc.perform(MockMvc.java:183)
	at com.bringbackdada.site.controllers.IndexControllerIntegrationTest.getIndexPageResponse(IndexControllerIntegrationTest.java:25)
	at java.base/jdk.internal.reflect.NativeMethodAccessorImpl.invoke0(Native Method)
	at java.base/jdk.internal.reflect.NativeMethodAccessorImpl.invoke(NativeMethodAccessorImpl.java:62)
	at java.base/jdk.internal.reflect.DelegatingMethodAccessorImpl.invoke(DelegatingMethodAccessorImpl.java:43)
	at java.base/java.lang.reflect.Method.invoke(Method.java:566)
	at org.junit.platform.commons.util.ReflectionUtils.invokeMethod(ReflectionUtils.java:686)
	at org.junit.jupiter.engine.execution.MethodInvocation.proceed(MethodInvocation.java:60)
	at org.junit.jupiter.engine.execution.InvocationInterceptorChain$ValidatingInvocation.proceed(InvocationInterceptorChain.java:131)
	at org.junit.jupiter.engine.extension.TimeoutExtension.intercept(TimeoutExtension.java:149)
	at org.junit.jupiter.engine.extension.TimeoutExtension.interceptTestableMethod(TimeoutExtension.java:140)
	at org.junit.jupiter.engine.extension.TimeoutExtension.interceptTestMethod(TimeoutExtension.java:84)
	at org.junit.jupiter.engine.execution.ExecutableInvoker$ReflectiveInterceptorCall.lambda$ofVoidMethod$0(ExecutableInvoker.java:115)
	at org.junit.jupiter.engine.execution.ExecutableInvoker.lambda$invoke$0(ExecutableInvoker.java:105)
	at org.junit.jupiter.engine.execution.InvocationInterceptorChain$InterceptedInvocation.proceed(InvocationInterceptorChain.java:106)
	at org.junit.jupiter.engine.execution.InvocationInterceptorChain.proceed(InvocationInterceptorChain.java:64)
	at org.junit.jupiter.engine.execution.InvocationInterceptorChain.chainAndInvoke(InvocationInterceptorChain.java:45)
	at org.junit.jupiter.engine.execution.InvocationInterceptorChain.invoke(InvocationInterceptorChain.java:37)
	at org.junit.jupiter.engine.execution.ExecutableInvoker.invoke(ExecutableInvoker.java:104)
	at org.junit.jupiter.engine.execution.ExecutableInvoker.invoke(ExecutableInvoker.java:98)
	at org.junit.jupiter.engine.descriptor.TestMethodTestDescriptor.lambda$invokeTestMethod$6(TestMethodTestDescriptor.java:212)
	at org.junit.platform.engine.support.hierarchical.ThrowableCollector.execute(ThrowableCollector.java:73)
	at org.junit.jupiter.engine.descriptor.TestMethodTestDescriptor.invokeTestMethod(TestMethodTestDescriptor.java:208)
	at org.junit.jupiter.engine.descriptor.TestMethodTestDescriptor.execute(TestMethodTestDescriptor.java:137)
	at org.junit.jupiter.engine.descriptor.TestMethodTestDescriptor.execute(TestMethodTestDescriptor.java:71)
	at org.junit.platform.engine.support.hierarchical.NodeTestTask.lambda$executeRecursively$5(NodeTestTask.java:135)
	at org.junit.platform.engine.support.hierarchical.ThrowableCollector.execute(ThrowableCollector.java:73)
	at org.junit.platform.engine.support.hierarchical.NodeTestTask.lambda$executeRecursively$7(NodeTestTask.java:125)
	at org.junit.platform.engine.support.hierarchical.Node.around(Node.java:135)
	at org.junit.platform.engine.support.hierarchical.NodeTestTask.lambda$executeRecursively$8(NodeTestTask.java:123)
	at org.junit.platform.engine.support.hierarchical.ThrowableCollector.execute(ThrowableCollector.java:73)
	at org.junit.platform.engine.support.hierarchical.NodeTestTask.executeRecursively(NodeTestTask.java:122)
	at org.junit.platform.engine.support.hierarchical.NodeTestTask.execute(NodeTestTask.java:80)
	at java.base/java.util.ArrayList.forEach(ArrayList.java:1540)
	at org.junit.platform.engine.support.hierarchical.SameThreadHierarchicalTestExecutorService.invokeAll(SameThreadHierarchicalTestExecutorService.java:38)
	at org.junit.platform.engine.support.hierarchical.NodeTestTask.lambda$executeRecursively$5(NodeTestTask.java:139)
	at org.junit.platform.engine.support.hierarchical.ThrowableCollector.execute(ThrowableCollector.java:73)
	at org.junit.platform.engine.support.hierarchical.NodeTestTask.lambda$executeRecursively$7(NodeTestTask.java:125)
	at org.junit.platform.engine.support.hierarchical.Node.around(Node.java:135)
	at org.junit.platform.engine.support.hierarchical.NodeTestTask.lambda$executeRecursively$8(NodeTestTask.java:123)
	at org.junit.platform.engine.support.hierarchical.ThrowableCollector.execute(ThrowableCollector.java:73)
	at org.junit.platform.engine.support.hierarchical.NodeTestTask.executeRecursively(NodeTestTask.java:122)
	at org.junit.platform.engine.support.hierarchical.NodeTestTask.execute(NodeTestTask.java:80)
	at java.base/java.util.ArrayList.forEach(ArrayList.java:1540)
	at org.junit.platform.engine.support.hierarchical.SameThreadHierarchicalTestExecutorService.invokeAll(SameThreadHierarchicalTestExecutorService.java:38)
	at org.junit.platform.engine.support.hierarchical.NodeTestTask.lambda$executeRecursively$5(NodeTestTask.java:139)
	at org.junit.platform.engine.support.hierarchical.ThrowableCollector.execute(ThrowableCollector.java:73)
	at org.junit.platform.engine.support.hierarchical.NodeTestTask.lambda$executeRecursively$7(NodeTestTask.java:125)
	at org.junit.platform.engine.support.hierarchical.Node.around(Node.java:135)
	at org.junit.platform.engine.support.hierarchical.NodeTestTask.lambda$executeRecursively$8(NodeTestTask.java:123)
	at org.junit.platform.engine.support.hierarchical.ThrowableCollector.execute(ThrowableCollector.java:73)
	at org.junit.platform.engine.support.hierarchical.NodeTestTask.executeRecursively(NodeTestTask.java:122)
	at org.junit.platform.engine.support.hierarchical.NodeTestTask.execute(NodeTestTask.java:80)
	at org.junit.platform.engine.support.hierarchical.SameThreadHierarchicalTestExecutorService.submit(SameThreadHierarchicalTestExecutorService.java:32)
	at org.junit.platform.engine.support.hierarchical.HierarchicalTestExecutor.execute(HierarchicalTestExecutor.java:57)
	at org.junit.platform.engine.support.hierarchical.HierarchicalTestEngine.execute(HierarchicalTestEngine.java:51)
	at org.junit.platform.launcher.core.DefaultLauncher.execute(DefaultLauncher.java:248)
	at org.junit.platform.launcher.core.DefaultLauncher.lambda$execute$5(DefaultLauncher.java:211)
	at org.junit.platform.launcher.core.DefaultLauncher.withInterceptedStreams(DefaultLauncher.java:226)
	at org.junit.platform.launcher.core.DefaultLauncher.execute(DefaultLauncher.java:199)
	at org.junit.platform.launcher.core.DefaultLauncher.execute(DefaultLauncher.java:132)
	at com.intellij.junit5.JUnit5IdeaTestRunner.startRunnerWithArgs(JUnit5IdeaTestRunner.java:71)
	at com.intellij.rt.junit.IdeaTestRunner$Repeater.startRunnerWithArgs(IdeaTestRunner.java:33)
	at com.intellij.rt.junit.JUnitStarter.prepareStreamsAndStart(JUnitStarter.java:220)
	at com.intellij.rt.junit.JUnitStarter.main(JUnitStarter.java:53)
Caused by: java.lang.NullPointerException: null
	at org.webjars.WebJarAssetLocator.getFullPathExact(WebJarAssetLocator.java:262)
	at org.springframework.web.servlet.resource.WebJarsResourceResolver.findWebJarResourcePath(WebJarsResourceResolver.java:109)
	at org.springframework.web.servlet.resource.WebJarsResourceResolver.resolveUrlPathInternal(WebJarsResourceResolver.java:94)
	at org.springframework.web.servlet.resource.AbstractResourceResolver.resolveUrlPath(AbstractResourceResolver.java:54)
	at org.springframework.web.servlet.resource.DefaultResourceResolverChain.resolveUrlPath(DefaultResourceResolverChain.java:82)
	at org.springframework.web.servlet.resource.CachingResourceResolver.resolveUrlPathInternal(CachingResourceResolver.java:170)
	at org.springframework.web.servlet.resource.AbstractResourceResolver.resolveUrlPath(AbstractResourceResolver.java:54)
	at org.springframework.web.servlet.resource.DefaultResourceResolverChain.resolveUrlPath(DefaultResourceResolverChain.java:82)
	at org.springframework.web.servlet.resource.ResourceUrlProvider.getForLookupPath(ResourceUrlProvider.java:239)
	at org.springframework.web.servlet.resource.ResourceUrlEncodingFilter$ResourceUrlEncodingRequestWrapper.resolveUrlPath(ResourceUrlEncodingFilter.java:124)
	at org.springframework.web.servlet.resource.ResourceUrlEncodingFilter$ResourceUrlEncodingResponseWrapper.encodeURL(ResourceUrlEncodingFilter.java:157)
	at org.thymeleaf.linkbuilder.StandardLinkBuilder.processLink(StandardLinkBuilder.java:528)
	at org.thymeleaf.linkbuilder.StandardLinkBuilder.buildLink(StandardLinkBuilder.java:138)
	at org.thymeleaf.context.AbstractEngineContext.buildLink(AbstractEngineContext.java:167)
	at org.thymeleaf.standard.expression.LinkExpression.executeLinkExpression(LinkExpression.java:290)
	at org.thymeleaf.standard.expression.SimpleExpression.executeSimple(SimpleExpression.java:85)
	at org.thymeleaf.standard.expression.Expression.execute(Expression.java:109)
	at org.thymeleaf.standard.expression.Expression.execute(Expression.java:138)
	at org.thymeleaf.standard.processor.AbstractStandardExpressionAttributeTagProcessor.doProcess(AbstractStandardExpressionAttributeTagProcessor.java:144)
	at org.thymeleaf.processor.element.AbstractAttributeTagProcessor.doProcess(AbstractAttributeTagProcessor.java:74)
	... 99 common frames omitted
2020-08-25 09:49:47,540 INFO org.springframework.scheduling.concurrent.ExecutorConfigurationSupport [SpringContextShutdownHook] Shutting down ExecutorService 'applicationTaskExecutor'
2020-08-25 09:52:58,994 INFO org.springframework.test.context.support.AbstractTestContextBootstrapper [main] Neither @ContextConfiguration nor @ContextHierarchy found for test class [com.bringbackdada.site.controllers.IndexControllerIntegrationTest], using SpringBootContextLoader
2020-08-25 09:52:58,999 INFO org.springframework.test.context.support.AbstractContextLoader [main] Could not detect default resource locations for test class [com.bringbackdada.site.controllers.IndexControllerIntegrationTest]: no resource found for suffixes {-context.xml, Context.groovy}.
2020-08-25 09:52:59,000 INFO org.springframework.test.context.support.AnnotationConfigContextLoaderUtils [main] Could not detect default configuration classes for test class [com.bringbackdada.site.controllers.IndexControllerIntegrationTest]: IndexControllerIntegrationTest does not declare any static, non-private, non-final, nested classes annotated with @Configuration.
2020-08-25 09:52:59,091 INFO org.springframework.boot.test.context.SpringBootTestContextBootstrapper [main] Found @SpringBootConfiguration com.bringbackdada.site.SiteApplication for test class com.bringbackdada.site.controllers.IndexControllerIntegrationTest
2020-08-25 09:52:59,093 INFO org.springframework.test.context.support.AbstractTestContextBootstrapper [main] Loaded default TestExecutionListener class names from location [META-INF/spring.factories]: [org.springframework.boot.test.mock.mockito.MockitoTestExecutionListener, org.springframework.boot.test.mock.mockito.ResetMocksTestExecutionListener, org.springframework.boot.test.autoconfigure.restdocs.RestDocsTestExecutionListener, org.springframework.boot.test.autoconfigure.web.client.MockRestServiceServerResetTestExecutionListener, org.springframework.boot.test.autoconfigure.web.servlet.MockMvcPrintOnlyOnFailureTestExecutionListener, org.springframework.boot.test.autoconfigure.web.servlet.WebDriverTestExecutionListener, org.springframework.boot.test.autoconfigure.webservices.client.MockWebServiceServerTestExecutionListener, org.springframework.test.context.web.ServletTestExecutionListener, org.springframework.test.context.support.DirtiesContextBeforeModesTestExecutionListener, org.springframework.test.context.support.DependencyInjectionTestExecutionListener, org.springframework.test.context.support.DirtiesContextTestExecutionListener, org.springframework.test.context.transaction.TransactionalTestExecutionListener, org.springframework.test.context.jdbc.SqlScriptsTestExecutionListener, org.springframework.test.context.event.EventPublishingTestExecutionListener]
2020-08-25 09:52:59,106 INFO org.springframework.test.context.support.AbstractTestContextBootstrapper [main] Using TestExecutionListeners: [org.springframework.test.context.web.ServletTestExecutionListener@30bcf3c1, org.springframework.test.context.support.DirtiesContextBeforeModesTestExecutionListener@2a3c96e3, org.springframework.boot.test.mock.mockito.MockitoTestExecutionListener@15cafec7, org.springframework.boot.test.autoconfigure.SpringBootDependencyInjectionTestExecutionListener@5b444398, org.springframework.test.context.support.DirtiesContextTestExecutionListener@cb191ca, org.springframework.test.context.transaction.TransactionalTestExecutionListener@42f48531, org.springframework.test.context.jdbc.SqlScriptsTestExecutionListener@a776e, org.springframework.test.context.event.EventPublishingTestExecutionListener@792bbc74, org.springframework.boot.test.mock.mockito.ResetMocksTestExecutionListener@79145d5a, org.springframework.boot.test.autoconfigure.restdocs.RestDocsTestExecutionListener@1f2f9244, org.springframework.boot.test.autoconfigure.web.client.MockRestServiceServerResetTestExecutionListener@4c4d27c8, org.springframework.boot.test.autoconfigure.web.servlet.MockMvcPrintOnlyOnFailureTestExecutionListener@6821ea29, org.springframework.boot.test.autoconfigure.web.servlet.WebDriverTestExecutionListener@338494fa, org.springframework.boot.test.autoconfigure.webservices.client.MockWebServiceServerTestExecutionListener@505a9d7c]
2020-08-25 09:52:59,484 INFO org.springframework.boot.StartupInfoLogger [main] Starting IndexControllerIntegrationTest on WZB with PID 10792 (started by wzb in M:\30_CODING\70_WEB\bringbackdada.com)
2020-08-25 09:52:59,484 DEBUG org.springframework.boot.StartupInfoLogger [main] Running with Spring Boot v2.3.2.RELEASE, Spring v5.2.8.RELEASE
2020-08-25 09:52:59,487 INFO org.springframework.boot.SpringApplication [main] No active profile set, falling back to default profiles: default
2020-08-25 09:53:00,346 INFO org.springframework.scheduling.concurrent.ExecutorConfigurationSupport [main] Initializing ExecutorService 'applicationTaskExecutor'
2020-08-25 09:53:00,425 INFO org.springframework.boot.autoconfigure.web.servlet.WelcomePageHandlerMapping [main] Adding welcome page template: index
2020-08-25 09:53:01,184 INFO org.springframework.mock.web.MockServletContext [main] Initializing Spring TestDispatcherServlet ''
2020-08-25 09:53:01,185 INFO org.springframework.web.servlet.FrameworkServlet [main] Initializing Servlet ''
2020-08-25 09:53:01,199 INFO org.springframework.web.servlet.FrameworkServlet [main] Completed initialization in 14 ms
2020-08-25 09:53:01,233 INFO org.springframework.boot.StartupInfoLogger [main] Started IndexControllerIntegrationTest in 2.085 seconds (JVM running for 2.899)
2020-08-25 09:53:01,520 INFO com.bringbackdada.site.controllers.IndexController [main] --> Called index.html
2020-08-25 09:53:01,678 ERROR org.thymeleaf.TemplateEngine [main] [THYMELEAF][main] Exception processing template "index": Error during execution of processor 'org.thymeleaf.spring5.processor.SpringHrefTagProcessor' (template: "fragments/layout" - line 14, col 28)
org.thymeleaf.exceptions.TemplateProcessingException: Error during execution of processor 'org.thymeleaf.spring5.processor.SpringHrefTagProcessor' (template: "fragments/layout" - line 14, col 28)
	at org.thymeleaf.processor.element.AbstractAttributeTagProcessor.doProcess(AbstractAttributeTagProcessor.java:117)
	at org.thymeleaf.processor.element.AbstractElementTagProcessor.process(AbstractElementTagProcessor.java:95)
	at org.thymeleaf.util.ProcessorConfigurationUtils$ElementTagProcessorWrapper.process(ProcessorConfigurationUtils.java:633)
	at org.thymeleaf.engine.ProcessorTemplateHandler.handleStandaloneElement(ProcessorTemplateHandler.java:918)
	at org.thymeleaf.engine.StandaloneElementTag.beHandled(StandaloneElementTag.java:228)
	at org.thymeleaf.engine.Model.process(Model.java:282)
	at org.thymeleaf.engine.ProcessorTemplateHandler.handleOpenElement(ProcessorTemplateHandler.java:1587)
	at org.thymeleaf.engine.OpenElementTag.beHandled(OpenElementTag.java:205)
	at org.thymeleaf.engine.TemplateModel.process(TemplateModel.java:136)
	at org.thymeleaf.engine.TemplateManager.parseAndProcess(TemplateManager.java:661)
	at org.thymeleaf.TemplateEngine.process(TemplateEngine.java:1098)
	at org.thymeleaf.TemplateEngine.process(TemplateEngine.java:1072)
	at org.thymeleaf.spring5.view.ThymeleafView.renderFragment(ThymeleafView.java:362)
	at org.thymeleaf.spring5.view.ThymeleafView.render(ThymeleafView.java:189)
	at org.springframework.web.servlet.DispatcherServlet.render(DispatcherServlet.java:1373)
	at org.springframework.test.web.servlet.TestDispatcherServlet.render(TestDispatcherServlet.java:136)
	at org.springframework.web.servlet.DispatcherServlet.processDispatchResult(DispatcherServlet.java:1118)
	at org.springframework.web.servlet.DispatcherServlet.doDispatch(DispatcherServlet.java:1057)
	at org.springframework.web.servlet.DispatcherServlet.doService(DispatcherServlet.java:943)
	at org.springframework.web.servlet.FrameworkServlet.processRequest(FrameworkServlet.java:1006)
	at org.springframework.web.servlet.FrameworkServlet.doGet(FrameworkServlet.java:898)
	at javax.servlet.http.HttpServlet.service(HttpServlet.java:626)
	at org.springframework.web.servlet.FrameworkServlet.service(FrameworkServlet.java:883)
	at org.springframework.test.web.servlet.TestDispatcherServlet.service(TestDispatcherServlet.java:72)
	at javax.servlet.http.HttpServlet.service(HttpServlet.java:733)
	at org.springframework.mock.web.MockFilterChain$ServletFilterProxy.doFilter(MockFilterChain.java:167)
	at org.springframework.mock.web.MockFilterChain.doFilter(MockFilterChain.java:134)
	at org.springframework.web.servlet.resource.ResourceUrlEncodingFilter.doFilter(ResourceUrlEncodingFilter.java:64)
	at org.springframework.mock.web.MockFilterChain.doFilter(MockFilterChain.java:134)
	at org.springframework.web.filter.RequestContextFilter.doFilterInternal(RequestContextFilter.java:100)
	at org.springframework.web.filter.OncePerRequestFilter.doFilter(OncePerRequestFilter.java:119)
	at org.springframework.mock.web.MockFilterChain.doFilter(MockFilterChain.java:134)
	at org.springframework.web.filter.FormContentFilter.doFilterInternal(FormContentFilter.java:93)
	at org.springframework.web.filter.OncePerRequestFilter.doFilter(OncePerRequestFilter.java:119)
	at org.springframework.mock.web.MockFilterChain.doFilter(MockFilterChain.java:134)
	at org.springframework.test.web.servlet.MockMvc.perform(MockMvc.java:183)
	at com.bringbackdada.site.controllers.IndexControllerIntegrationTest.getIndexPageResponse(IndexControllerIntegrationTest.java:26)
	at java.base/jdk.internal.reflect.NativeMethodAccessorImpl.invoke0(Native Method)
	at java.base/jdk.internal.reflect.NativeMethodAccessorImpl.invoke(NativeMethodAccessorImpl.java:62)
	at java.base/jdk.internal.reflect.DelegatingMethodAccessorImpl.invoke(DelegatingMethodAccessorImpl.java:43)
	at java.base/java.lang.reflect.Method.invoke(Method.java:566)
	at org.junit.platform.commons.util.ReflectionUtils.invokeMethod(ReflectionUtils.java:686)
	at org.junit.jupiter.engine.execution.MethodInvocation.proceed(MethodInvocation.java:60)
	at org.junit.jupiter.engine.execution.InvocationInterceptorChain$ValidatingInvocation.proceed(InvocationInterceptorChain.java:131)
	at org.junit.jupiter.engine.extension.TimeoutExtension.intercept(TimeoutExtension.java:149)
	at org.junit.jupiter.engine.extension.TimeoutExtension.interceptTestableMethod(TimeoutExtension.java:140)
	at org.junit.jupiter.engine.extension.TimeoutExtension.interceptTestMethod(TimeoutExtension.java:84)
	at org.junit.jupiter.engine.execution.ExecutableInvoker$ReflectiveInterceptorCall.lambda$ofVoidMethod$0(ExecutableInvoker.java:115)
	at org.junit.jupiter.engine.execution.ExecutableInvoker.lambda$invoke$0(ExecutableInvoker.java:105)
	at org.junit.jupiter.engine.execution.InvocationInterceptorChain$InterceptedInvocation.proceed(InvocationInterceptorChain.java:106)
	at org.junit.jupiter.engine.execution.InvocationInterceptorChain.proceed(InvocationInterceptorChain.java:64)
	at org.junit.jupiter.engine.execution.InvocationInterceptorChain.chainAndInvoke(InvocationInterceptorChain.java:45)
	at org.junit.jupiter.engine.execution.InvocationInterceptorChain.invoke(InvocationInterceptorChain.java:37)
	at org.junit.jupiter.engine.execution.ExecutableInvoker.invoke(ExecutableInvoker.java:104)
	at org.junit.jupiter.engine.execution.ExecutableInvoker.invoke(ExecutableInvoker.java:98)
	at org.junit.jupiter.engine.descriptor.TestMethodTestDescriptor.lambda$invokeTestMethod$6(TestMethodTestDescriptor.java:212)
	at org.junit.platform.engine.support.hierarchical.ThrowableCollector.execute(ThrowableCollector.java:73)
	at org.junit.jupiter.engine.descriptor.TestMethodTestDescriptor.invokeTestMethod(TestMethodTestDescriptor.java:208)
	at org.junit.jupiter.engine.descriptor.TestMethodTestDescriptor.execute(TestMethodTestDescriptor.java:137)
	at org.junit.jupiter.engine.descriptor.TestMethodTestDescriptor.execute(TestMethodTestDescriptor.java:71)
	at org.junit.platform.engine.support.hierarchical.NodeTestTask.lambda$executeRecursively$5(NodeTestTask.java:135)
	at org.junit.platform.engine.support.hierarchical.ThrowableCollector.execute(ThrowableCollector.java:73)
	at org.junit.platform.engine.support.hierarchical.NodeTestTask.lambda$executeRecursively$7(NodeTestTask.java:125)
	at org.junit.platform.engine.support.hierarchical.Node.around(Node.java:135)
	at org.junit.platform.engine.support.hierarchical.NodeTestTask.lambda$executeRecursively$8(NodeTestTask.java:123)
	at org.junit.platform.engine.support.hierarchical.ThrowableCollector.execute(ThrowableCollector.java:73)
	at org.junit.platform.engine.support.hierarchical.NodeTestTask.executeRecursively(NodeTestTask.java:122)
	at org.junit.platform.engine.support.hierarchical.NodeTestTask.execute(NodeTestTask.java:80)
	at java.base/java.util.ArrayList.forEach(ArrayList.java:1540)
	at org.junit.platform.engine.support.hierarchical.SameThreadHierarchicalTestExecutorService.invokeAll(SameThreadHierarchicalTestExecutorService.java:38)
	at org.junit.platform.engine.support.hierarchical.NodeTestTask.lambda$executeRecursively$5(NodeTestTask.java:139)
	at org.junit.platform.engine.support.hierarchical.ThrowableCollector.execute(ThrowableCollector.java:73)
	at org.junit.platform.engine.support.hierarchical.NodeTestTask.lambda$executeRecursively$7(NodeTestTask.java:125)
	at org.junit.platform.engine.support.hierarchical.Node.around(Node.java:135)
	at org.junit.platform.engine.support.hierarchical.NodeTestTask.lambda$executeRecursively$8(NodeTestTask.java:123)
	at org.junit.platform.engine.support.hierarchical.ThrowableCollector.execute(ThrowableCollector.java:73)
	at org.junit.platform.engine.support.hierarchical.NodeTestTask.executeRecursively(NodeTestTask.java:122)
	at org.junit.platform.engine.support.hierarchical.NodeTestTask.execute(NodeTestTask.java:80)
	at java.base/java.util.ArrayList.forEach(ArrayList.java:1540)
	at org.junit.platform.engine.support.hierarchical.SameThreadHierarchicalTestExecutorService.invokeAll(SameThreadHierarchicalTestExecutorService.java:38)
	at org.junit.platform.engine.support.hierarchical.NodeTestTask.lambda$executeRecursively$5(NodeTestTask.java:139)
	at org.junit.platform.engine.support.hierarchical.ThrowableCollector.execute(ThrowableCollector.java:73)
	at org.junit.platform.engine.support.hierarchical.NodeTestTask.lambda$executeRecursively$7(NodeTestTask.java:125)
	at org.junit.platform.engine.support.hierarchical.Node.around(Node.java:135)
	at org.junit.platform.engine.support.hierarchical.NodeTestTask.lambda$executeRecursively$8(NodeTestTask.java:123)
	at org.junit.platform.engine.support.hierarchical.ThrowableCollector.execute(ThrowableCollector.java:73)
	at org.junit.platform.engine.support.hierarchical.NodeTestTask.executeRecursively(NodeTestTask.java:122)
	at org.junit.platform.engine.support.hierarchical.NodeTestTask.execute(NodeTestTask.java:80)
	at org.junit.platform.engine.support.hierarchical.SameThreadHierarchicalTestExecutorService.submit(SameThreadHierarchicalTestExecutorService.java:32)
	at org.junit.platform.engine.support.hierarchical.HierarchicalTestExecutor.execute(HierarchicalTestExecutor.java:57)
	at org.junit.platform.engine.support.hierarchical.HierarchicalTestEngine.execute(HierarchicalTestEngine.java:51)
	at org.junit.platform.launcher.core.DefaultLauncher.execute(DefaultLauncher.java:248)
	at org.junit.platform.launcher.core.DefaultLauncher.lambda$execute$5(DefaultLauncher.java:211)
	at org.junit.platform.launcher.core.DefaultLauncher.withInterceptedStreams(DefaultLauncher.java:226)
	at org.junit.platform.launcher.core.DefaultLauncher.execute(DefaultLauncher.java:199)
	at org.junit.platform.launcher.core.DefaultLauncher.execute(DefaultLauncher.java:132)
	at com.intellij.junit5.JUnit5IdeaTestRunner.startRunnerWithArgs(JUnit5IdeaTestRunner.java:71)
	at com.intellij.rt.junit.IdeaTestRunner$Repeater.startRunnerWithArgs(IdeaTestRunner.java:33)
	at com.intellij.rt.junit.JUnitStarter.prepareStreamsAndStart(JUnitStarter.java:220)
	at com.intellij.rt.junit.JUnitStarter.main(JUnitStarter.java:53)
Caused by: java.lang.NullPointerException: null
	at org.webjars.WebJarAssetLocator.getFullPathExact(WebJarAssetLocator.java:262)
	at org.springframework.web.servlet.resource.WebJarsResourceResolver.findWebJarResourcePath(WebJarsResourceResolver.java:109)
	at org.springframework.web.servlet.resource.WebJarsResourceResolver.resolveUrlPathInternal(WebJarsResourceResolver.java:94)
	at org.springframework.web.servlet.resource.AbstractResourceResolver.resolveUrlPath(AbstractResourceResolver.java:54)
	at org.springframework.web.servlet.resource.DefaultResourceResolverChain.resolveUrlPath(DefaultResourceResolverChain.java:82)
	at org.springframework.web.servlet.resource.CachingResourceResolver.resolveUrlPathInternal(CachingResourceResolver.java:170)
	at org.springframework.web.servlet.resource.AbstractResourceResolver.resolveUrlPath(AbstractResourceResolver.java:54)
	at org.springframework.web.servlet.resource.DefaultResourceResolverChain.resolveUrlPath(DefaultResourceResolverChain.java:82)
	at org.springframework.web.servlet.resource.ResourceUrlProvider.getForLookupPath(ResourceUrlProvider.java:239)
	at org.springframework.web.servlet.resource.ResourceUrlEncodingFilter$ResourceUrlEncodingRequestWrapper.resolveUrlPath(ResourceUrlEncodingFilter.java:124)
	at org.springframework.web.servlet.resource.ResourceUrlEncodingFilter$ResourceUrlEncodingResponseWrapper.encodeURL(ResourceUrlEncodingFilter.java:157)
	at org.thymeleaf.linkbuilder.StandardLinkBuilder.processLink(StandardLinkBuilder.java:528)
	at org.thymeleaf.linkbuilder.StandardLinkBuilder.buildLink(StandardLinkBuilder.java:138)
	at org.thymeleaf.context.AbstractEngineContext.buildLink(AbstractEngineContext.java:167)
	at org.thymeleaf.standard.expression.LinkExpression.executeLinkExpression(LinkExpression.java:290)
	at org.thymeleaf.standard.expression.SimpleExpression.executeSimple(SimpleExpression.java:85)
	at org.thymeleaf.standard.expression.Expression.execute(Expression.java:109)
	at org.thymeleaf.standard.expression.Expression.execute(Expression.java:138)
	at org.thymeleaf.standard.processor.AbstractStandardExpressionAttributeTagProcessor.doProcess(AbstractStandardExpressionAttributeTagProcessor.java:144)
	at org.thymeleaf.processor.element.AbstractAttributeTagProcessor.doProcess(AbstractAttributeTagProcessor.java:74)
	... 99 common frames omitted
2020-08-25 09:53:01,701 INFO org.springframework.scheduling.concurrent.ExecutorConfigurationSupport [SpringContextShutdownHook] Shutting down ExecutorService 'applicationTaskExecutor'
2020-08-25 09:59:22,325 INFO org.springframework.test.context.support.AbstractTestContextBootstrapper [main] Neither @ContextConfiguration nor @ContextHierarchy found for test class [com.bringbackdada.site.controllers.IndexControllerIntegrationTest], using SpringBootContextLoader
2020-08-25 09:59:22,333 INFO org.springframework.test.context.support.AbstractContextLoader [main] Could not detect default resource locations for test class [com.bringbackdada.site.controllers.IndexControllerIntegrationTest]: no resource found for suffixes {-context.xml, Context.groovy}.
2020-08-25 09:59:22,334 INFO org.springframework.test.context.support.AnnotationConfigContextLoaderUtils [main] Could not detect default configuration classes for test class [com.bringbackdada.site.controllers.IndexControllerIntegrationTest]: IndexControllerIntegrationTest does not declare any static, non-private, non-final, nested classes annotated with @Configuration.
2020-08-25 09:59:22,455 INFO org.springframework.boot.test.context.SpringBootTestContextBootstrapper [main] Found @SpringBootConfiguration com.bringbackdada.site.SiteApplication for test class com.bringbackdada.site.controllers.IndexControllerIntegrationTest
2020-08-25 09:59:22,458 INFO org.springframework.test.context.support.AbstractTestContextBootstrapper [main] Loaded default TestExecutionListener class names from location [META-INF/spring.factories]: [org.springframework.boot.test.mock.mockito.MockitoTestExecutionListener, org.springframework.boot.test.mock.mockito.ResetMocksTestExecutionListener, org.springframework.boot.test.autoconfigure.restdocs.RestDocsTestExecutionListener, org.springframework.boot.test.autoconfigure.web.client.MockRestServiceServerResetTestExecutionListener, org.springframework.boot.test.autoconfigure.web.servlet.MockMvcPrintOnlyOnFailureTestExecutionListener, org.springframework.boot.test.autoconfigure.web.servlet.WebDriverTestExecutionListener, org.springframework.boot.test.autoconfigure.webservices.client.MockWebServiceServerTestExecutionListener, org.springframework.test.context.web.ServletTestExecutionListener, org.springframework.test.context.support.DirtiesContextBeforeModesTestExecutionListener, org.springframework.test.context.support.DependencyInjectionTestExecutionListener, org.springframework.test.context.support.DirtiesContextTestExecutionListener, org.springframework.test.context.transaction.TransactionalTestExecutionListener, org.springframework.test.context.jdbc.SqlScriptsTestExecutionListener, org.springframework.test.context.event.EventPublishingTestExecutionListener]
2020-08-25 09:59:22,473 INFO org.springframework.test.context.support.AbstractTestContextBootstrapper [main] Using TestExecutionListeners: [org.springframework.test.context.web.ServletTestExecutionListener@12bcd0c0, org.springframework.test.context.support.DirtiesContextBeforeModesTestExecutionListener@4879f0f2, org.springframework.boot.test.mock.mockito.MockitoTestExecutionListener@47db5fa5, org.springframework.boot.test.autoconfigure.SpringBootDependencyInjectionTestExecutionListener@354fc8f0, org.springframework.test.context.support.DirtiesContextTestExecutionListener@41813449, org.springframework.test.context.transaction.TransactionalTestExecutionListener@4678a2eb, org.springframework.test.context.jdbc.SqlScriptsTestExecutionListener@5b43fbf6, org.springframework.test.context.event.EventPublishingTestExecutionListener@1080b026, org.springframework.boot.test.mock.mockito.ResetMocksTestExecutionListener@58ebfd03, org.springframework.boot.test.autoconfigure.restdocs.RestDocsTestExecutionListener@5b07730f, org.springframework.boot.test.autoconfigure.web.client.MockRestServiceServerResetTestExecutionListener@1fdfafd2, org.springframework.boot.test.autoconfigure.web.servlet.MockMvcPrintOnlyOnFailureTestExecutionListener@a4b2d8f, org.springframework.boot.test.autoconfigure.web.servlet.WebDriverTestExecutionListener@dcfda20, org.springframework.boot.test.autoconfigure.webservices.client.MockWebServiceServerTestExecutionListener@6d304f9d]
2020-08-25 09:59:22,838 INFO org.springframework.boot.StartupInfoLogger [main] Starting IndexControllerIntegrationTest on WZB with PID 4416 (started by wzb in M:\30_CODING\70_WEB\bringbackdada.com)
2020-08-25 09:59:22,839 DEBUG org.springframework.boot.StartupInfoLogger [main] Running with Spring Boot v2.3.2.RELEASE, Spring v5.2.8.RELEASE
2020-08-25 09:59:22,841 INFO org.springframework.boot.SpringApplication [main] No active profile set, falling back to default profiles: default
2020-08-25 09:59:23,708 INFO org.springframework.scheduling.concurrent.ExecutorConfigurationSupport [main] Initializing ExecutorService 'applicationTaskExecutor'
2020-08-25 09:59:23,792 INFO org.springframework.boot.autoconfigure.web.servlet.WelcomePageHandlerMapping [main] Adding welcome page template: index
2020-08-25 09:59:24,647 INFO org.springframework.mock.web.MockServletContext [main] Initializing Spring TestDispatcherServlet ''
2020-08-25 09:59:24,648 INFO org.springframework.web.servlet.FrameworkServlet [main] Initializing Servlet ''
2020-08-25 09:59:24,657 INFO org.springframework.web.servlet.FrameworkServlet [main] Completed initialization in 9 ms
2020-08-25 09:59:24,684 INFO org.springframework.boot.StartupInfoLogger [main] Started IndexControllerIntegrationTest in 2.166 seconds (JVM running for 3.117)
2020-08-25 10:01:54,690 INFO org.springframework.scheduling.concurrent.ExecutorConfigurationSupport [SpringContextShutdownHook] Shutting down ExecutorService 'applicationTaskExecutor'
2020-08-25 10:01:56,235 INFO org.springframework.test.context.support.AbstractTestContextBootstrapper [main] Neither @ContextConfiguration nor @ContextHierarchy found for test class [com.bringbackdada.site.controllers.IndexControllerIntegrationTest], using SpringBootContextLoader
2020-08-25 10:01:56,239 INFO org.springframework.test.context.support.AbstractContextLoader [main] Could not detect default resource locations for test class [com.bringbackdada.site.controllers.IndexControllerIntegrationTest]: no resource found for suffixes {-context.xml, Context.groovy}.
2020-08-25 10:01:56,240 INFO org.springframework.test.context.support.AnnotationConfigContextLoaderUtils [main] Could not detect default configuration classes for test class [com.bringbackdada.site.controllers.IndexControllerIntegrationTest]: IndexControllerIntegrationTest does not declare any static, non-private, non-final, nested classes annotated with @Configuration.
2020-08-25 10:01:56,333 INFO org.springframework.boot.test.context.SpringBootTestContextBootstrapper [main] Found @SpringBootConfiguration com.bringbackdada.site.SiteApplication for test class com.bringbackdada.site.controllers.IndexControllerIntegrationTest
2020-08-25 10:01:56,335 INFO org.springframework.test.context.support.AbstractTestContextBootstrapper [main] Loaded default TestExecutionListener class names from location [META-INF/spring.factories]: [org.springframework.boot.test.mock.mockito.MockitoTestExecutionListener, org.springframework.boot.test.mock.mockito.ResetMocksTestExecutionListener, org.springframework.boot.test.autoconfigure.restdocs.RestDocsTestExecutionListener, org.springframework.boot.test.autoconfigure.web.client.MockRestServiceServerResetTestExecutionListener, org.springframework.boot.test.autoconfigure.web.servlet.MockMvcPrintOnlyOnFailureTestExecutionListener, org.springframework.boot.test.autoconfigure.web.servlet.WebDriverTestExecutionListener, org.springframework.boot.test.autoconfigure.webservices.client.MockWebServiceServerTestExecutionListener, org.springframework.test.context.web.ServletTestExecutionListener, org.springframework.test.context.support.DirtiesContextBeforeModesTestExecutionListener, org.springframework.test.context.support.DependencyInjectionTestExecutionListener, org.springframework.test.context.support.DirtiesContextTestExecutionListener, org.springframework.test.context.transaction.TransactionalTestExecutionListener, org.springframework.test.context.jdbc.SqlScriptsTestExecutionListener, org.springframework.test.context.event.EventPublishingTestExecutionListener]
2020-08-25 10:01:56,347 INFO org.springframework.test.context.support.AbstractTestContextBootstrapper [main] Using TestExecutionListeners: [org.springframework.test.context.web.ServletTestExecutionListener@30bcf3c1, org.springframework.test.context.support.DirtiesContextBeforeModesTestExecutionListener@2a3c96e3, org.springframework.boot.test.mock.mockito.MockitoTestExecutionListener@15cafec7, org.springframework.boot.test.autoconfigure.SpringBootDependencyInjectionTestExecutionListener@5b444398, org.springframework.test.context.support.DirtiesContextTestExecutionListener@cb191ca, org.springframework.test.context.transaction.TransactionalTestExecutionListener@42f48531, org.springframework.test.context.jdbc.SqlScriptsTestExecutionListener@a776e, org.springframework.test.context.event.EventPublishingTestExecutionListener@792bbc74, org.springframework.boot.test.mock.mockito.ResetMocksTestExecutionListener@79145d5a, org.springframework.boot.test.autoconfigure.restdocs.RestDocsTestExecutionListener@1f2f9244, org.springframework.boot.test.autoconfigure.web.client.MockRestServiceServerResetTestExecutionListener@4c4d27c8, org.springframework.boot.test.autoconfigure.web.servlet.MockMvcPrintOnlyOnFailureTestExecutionListener@6821ea29, org.springframework.boot.test.autoconfigure.web.servlet.WebDriverTestExecutionListener@338494fa, org.springframework.boot.test.autoconfigure.webservices.client.MockWebServiceServerTestExecutionListener@505a9d7c]
2020-08-25 10:01:56,720 INFO org.springframework.boot.StartupInfoLogger [main] Starting IndexControllerIntegrationTest on WZB with PID 8012 (started by wzb in M:\30_CODING\70_WEB\bringbackdada.com)
2020-08-25 10:01:56,721 DEBUG org.springframework.boot.StartupInfoLogger [main] Running with Spring Boot v2.3.2.RELEASE, Spring v5.2.8.RELEASE
2020-08-25 10:01:56,723 INFO org.springframework.boot.SpringApplication [main] No active profile set, falling back to default profiles: default
2020-08-25 10:01:57,543 INFO org.springframework.scheduling.concurrent.ExecutorConfigurationSupport [main] Initializing ExecutorService 'applicationTaskExecutor'
2020-08-25 10:01:57,618 INFO org.springframework.boot.autoconfigure.web.servlet.WelcomePageHandlerMapping [main] Adding welcome page template: index
2020-08-25 10:01:58,403 INFO org.springframework.mock.web.MockServletContext [main] Initializing Spring TestDispatcherServlet ''
2020-08-25 10:01:58,403 INFO org.springframework.web.servlet.FrameworkServlet [main] Initializing Servlet ''
2020-08-25 10:01:58,416 INFO org.springframework.web.servlet.FrameworkServlet [main] Completed initialization in 12 ms
2020-08-25 10:01:58,447 INFO org.springframework.boot.StartupInfoLogger [main] Started IndexControllerIntegrationTest in 2.056 seconds (JVM running for 2.857)
2020-08-25 10:01:58,737 INFO com.bringbackdada.site.controllers.IndexController [main] --> Called index.html
2020-08-25 10:01:58,918 INFO org.springframework.scheduling.concurrent.ExecutorConfigurationSupport [SpringContextShutdownHook] Shutting down ExecutorService 'applicationTaskExecutor'
2020-08-25 10:02:39,639 INFO org.springframework.test.context.support.AbstractTestContextBootstrapper [main] Neither @ContextConfiguration nor @ContextHierarchy found for test class [com.bringbackdada.site.controllers.IndexControllerIntegrationTest], using SpringBootContextLoader
2020-08-25 10:02:39,643 INFO org.springframework.test.context.support.AbstractContextLoader [main] Could not detect default resource locations for test class [com.bringbackdada.site.controllers.IndexControllerIntegrationTest]: no resource found for suffixes {-context.xml, Context.groovy}.
2020-08-25 10:02:39,644 INFO org.springframework.test.context.support.AnnotationConfigContextLoaderUtils [main] Could not detect default configuration classes for test class [com.bringbackdada.site.controllers.IndexControllerIntegrationTest]: IndexControllerIntegrationTest does not declare any static, non-private, non-final, nested classes annotated with @Configuration.
2020-08-25 10:02:39,738 INFO org.springframework.boot.test.context.SpringBootTestContextBootstrapper [main] Found @SpringBootConfiguration com.bringbackdada.site.SiteApplication for test class com.bringbackdada.site.controllers.IndexControllerIntegrationTest
2020-08-25 10:02:39,741 INFO org.springframework.test.context.support.AbstractTestContextBootstrapper [main] Loaded default TestExecutionListener class names from location [META-INF/spring.factories]: [org.springframework.boot.test.mock.mockito.MockitoTestExecutionListener, org.springframework.boot.test.mock.mockito.ResetMocksTestExecutionListener, org.springframework.boot.test.autoconfigure.restdocs.RestDocsTestExecutionListener, org.springframework.boot.test.autoconfigure.web.client.MockRestServiceServerResetTestExecutionListener, org.springframework.boot.test.autoconfigure.web.servlet.MockMvcPrintOnlyOnFailureTestExecutionListener, org.springframework.boot.test.autoconfigure.web.servlet.WebDriverTestExecutionListener, org.springframework.boot.test.autoconfigure.webservices.client.MockWebServiceServerTestExecutionListener, org.springframework.test.context.web.ServletTestExecutionListener, org.springframework.test.context.support.DirtiesContextBeforeModesTestExecutionListener, org.springframework.test.context.support.DependencyInjectionTestExecutionListener, org.springframework.test.context.support.DirtiesContextTestExecutionListener, org.springframework.test.context.transaction.TransactionalTestExecutionListener, org.springframework.test.context.jdbc.SqlScriptsTestExecutionListener, org.springframework.test.context.event.EventPublishingTestExecutionListener]
2020-08-25 10:02:39,756 INFO org.springframework.test.context.support.AbstractTestContextBootstrapper [main] Using TestExecutionListeners: [org.springframework.test.context.web.ServletTestExecutionListener@30bcf3c1, org.springframework.test.context.support.DirtiesContextBeforeModesTestExecutionListener@2a3c96e3, org.springframework.boot.test.mock.mockito.MockitoTestExecutionListener@15cafec7, org.springframework.boot.test.autoconfigure.SpringBootDependencyInjectionTestExecutionListener@5b444398, org.springframework.test.context.support.DirtiesContextTestExecutionListener@cb191ca, org.springframework.test.context.transaction.TransactionalTestExecutionListener@42f48531, org.springframework.test.context.jdbc.SqlScriptsTestExecutionListener@a776e, org.springframework.test.context.event.EventPublishingTestExecutionListener@792bbc74, org.springframework.boot.test.mock.mockito.ResetMocksTestExecutionListener@79145d5a, org.springframework.boot.test.autoconfigure.restdocs.RestDocsTestExecutionListener@1f2f9244, org.springframework.boot.test.autoconfigure.web.client.MockRestServiceServerResetTestExecutionListener@4c4d27c8, org.springframework.boot.test.autoconfigure.web.servlet.MockMvcPrintOnlyOnFailureTestExecutionListener@6821ea29, org.springframework.boot.test.autoconfigure.web.servlet.WebDriverTestExecutionListener@338494fa, org.springframework.boot.test.autoconfigure.webservices.client.MockWebServiceServerTestExecutionListener@505a9d7c]
2020-08-25 10:02:40,132 INFO org.springframework.boot.StartupInfoLogger [main] Starting IndexControllerIntegrationTest on WZB with PID 9740 (started by wzb in M:\30_CODING\70_WEB\bringbackdada.com)
2020-08-25 10:02:40,133 DEBUG org.springframework.boot.StartupInfoLogger [main] Running with Spring Boot v2.3.2.RELEASE, Spring v5.2.8.RELEASE
2020-08-25 10:02:40,136 INFO org.springframework.boot.SpringApplication [main] No active profile set, falling back to default profiles: default
2020-08-25 10:02:40,984 INFO org.springframework.scheduling.concurrent.ExecutorConfigurationSupport [main] Initializing ExecutorService 'applicationTaskExecutor'
2020-08-25 10:02:41,054 INFO org.springframework.boot.autoconfigure.web.servlet.WelcomePageHandlerMapping [main] Adding welcome page template: index
2020-08-25 10:02:41,773 INFO org.springframework.mock.web.MockServletContext [main] Initializing Spring TestDispatcherServlet ''
2020-08-25 10:02:41,774 INFO org.springframework.web.servlet.FrameworkServlet [main] Initializing Servlet ''
2020-08-25 10:02:41,784 INFO org.springframework.web.servlet.FrameworkServlet [main] Completed initialization in 10 ms
2020-08-25 10:02:41,817 INFO org.springframework.boot.StartupInfoLogger [main] Started IndexControllerIntegrationTest in 2.017 seconds (JVM running for 2.83)
2020-08-25 10:02:42,077 INFO com.bringbackdada.site.controllers.IndexController [main] --> Called index.html
2020-08-25 10:02:42,253 INFO org.springframework.scheduling.concurrent.ExecutorConfigurationSupport [SpringContextShutdownHook] Shutting down ExecutorService 'applicationTaskExecutor'
2020-08-25 10:03:04,498 INFO org.springframework.test.context.support.AbstractTestContextBootstrapper [main] Neither @ContextConfiguration nor @ContextHierarchy found for test class [com.bringbackdada.site.controllers.IndexControllerIntegrationTest], using SpringBootContextLoader
2020-08-25 10:03:04,503 INFO org.springframework.test.context.support.AbstractContextLoader [main] Could not detect default resource locations for test class [com.bringbackdada.site.controllers.IndexControllerIntegrationTest]: no resource found for suffixes {-context.xml, Context.groovy}.
2020-08-25 10:03:04,503 INFO org.springframework.test.context.support.AnnotationConfigContextLoaderUtils [main] Could not detect default configuration classes for test class [com.bringbackdada.site.controllers.IndexControllerIntegrationTest]: IndexControllerIntegrationTest does not declare any static, non-private, non-final, nested classes annotated with @Configuration.
2020-08-25 10:03:04,605 INFO org.springframework.boot.test.context.SpringBootTestContextBootstrapper [main] Found @SpringBootConfiguration com.bringbackdada.site.SiteApplication for test class com.bringbackdada.site.controllers.IndexControllerIntegrationTest
2020-08-25 10:03:04,608 INFO org.springframework.test.context.support.AbstractTestContextBootstrapper [main] Loaded default TestExecutionListener class names from location [META-INF/spring.factories]: [org.springframework.boot.test.mock.mockito.MockitoTestExecutionListener, org.springframework.boot.test.mock.mockito.ResetMocksTestExecutionListener, org.springframework.boot.test.autoconfigure.restdocs.RestDocsTestExecutionListener, org.springframework.boot.test.autoconfigure.web.client.MockRestServiceServerResetTestExecutionListener, org.springframework.boot.test.autoconfigure.web.servlet.MockMvcPrintOnlyOnFailureTestExecutionListener, org.springframework.boot.test.autoconfigure.web.servlet.WebDriverTestExecutionListener, org.springframework.boot.test.autoconfigure.webservices.client.MockWebServiceServerTestExecutionListener, org.springframework.test.context.web.ServletTestExecutionListener, org.springframework.test.context.support.DirtiesContextBeforeModesTestExecutionListener, org.springframework.test.context.support.DependencyInjectionTestExecutionListener, org.springframework.test.context.support.DirtiesContextTestExecutionListener, org.springframework.test.context.transaction.TransactionalTestExecutionListener, org.springframework.test.context.jdbc.SqlScriptsTestExecutionListener, org.springframework.test.context.event.EventPublishingTestExecutionListener]
2020-08-25 10:03:04,620 INFO org.springframework.test.context.support.AbstractTestContextBootstrapper [main] Using TestExecutionListeners: [org.springframework.test.context.web.ServletTestExecutionListener@30bcf3c1, org.springframework.test.context.support.DirtiesContextBeforeModesTestExecutionListener@2a3c96e3, org.springframework.boot.test.mock.mockito.MockitoTestExecutionListener@15cafec7, org.springframework.boot.test.autoconfigure.SpringBootDependencyInjectionTestExecutionListener@5b444398, org.springframework.test.context.support.DirtiesContextTestExecutionListener@cb191ca, org.springframework.test.context.transaction.TransactionalTestExecutionListener@42f48531, org.springframework.test.context.jdbc.SqlScriptsTestExecutionListener@a776e, org.springframework.test.context.event.EventPublishingTestExecutionListener@792bbc74, org.springframework.boot.test.mock.mockito.ResetMocksTestExecutionListener@79145d5a, org.springframework.boot.test.autoconfigure.restdocs.RestDocsTestExecutionListener@1f2f9244, org.springframework.boot.test.autoconfigure.web.client.MockRestServiceServerResetTestExecutionListener@4c4d27c8, org.springframework.boot.test.autoconfigure.web.servlet.MockMvcPrintOnlyOnFailureTestExecutionListener@6821ea29, org.springframework.boot.test.autoconfigure.web.servlet.WebDriverTestExecutionListener@338494fa, org.springframework.boot.test.autoconfigure.webservices.client.MockWebServiceServerTestExecutionListener@505a9d7c]
2020-08-25 10:03:05,000 INFO org.springframework.boot.StartupInfoLogger [main] Starting IndexControllerIntegrationTest on WZB with PID 1940 (started by wzb in M:\30_CODING\70_WEB\bringbackdada.com)
2020-08-25 10:03:05,000 DEBUG org.springframework.boot.StartupInfoLogger [main] Running with Spring Boot v2.3.2.RELEASE, Spring v5.2.8.RELEASE
2020-08-25 10:03:05,003 INFO org.springframework.boot.SpringApplication [main] No active profile set, falling back to default profiles: default
2020-08-25 10:03:05,848 INFO org.springframework.scheduling.concurrent.ExecutorConfigurationSupport [main] Initializing ExecutorService 'applicationTaskExecutor'
2020-08-25 10:03:05,920 INFO org.springframework.boot.autoconfigure.web.servlet.WelcomePageHandlerMapping [main] Adding welcome page template: index
2020-08-25 10:03:06,638 INFO org.springframework.mock.web.MockServletContext [main] Initializing Spring TestDispatcherServlet ''
2020-08-25 10:03:06,639 INFO org.springframework.web.servlet.FrameworkServlet [main] Initializing Servlet ''
2020-08-25 10:03:06,652 INFO org.springframework.web.servlet.FrameworkServlet [main] Completed initialization in 13 ms
2020-08-25 10:03:06,686 INFO org.springframework.boot.StartupInfoLogger [main] Started IndexControllerIntegrationTest in 2.017 seconds (JVM running for 2.835)
2020-08-25 10:03:06,977 INFO com.bringbackdada.site.controllers.IndexController [main] --> Called index.html
2020-08-25 10:03:07,193 INFO org.springframework.scheduling.concurrent.ExecutorConfigurationSupport [SpringContextShutdownHook] Shutting down ExecutorService 'applicationTaskExecutor'
2020-08-25 10:35:45,059 INFO org.springframework.test.context.support.AbstractTestContextBootstrapper [main] Neither @ContextConfiguration nor @ContextHierarchy found for test class [com.bringbackdada.site.controllers.IndexControllerIntegrationTest], using SpringBootContextLoader
2020-08-25 10:35:45,064 INFO org.springframework.test.context.support.AbstractContextLoader [main] Could not detect default resource locations for test class [com.bringbackdada.site.controllers.IndexControllerIntegrationTest]: no resource found for suffixes {-context.xml, Context.groovy}.
2020-08-25 10:35:45,065 INFO org.springframework.test.context.support.AnnotationConfigContextLoaderUtils [main] Could not detect default configuration classes for test class [com.bringbackdada.site.controllers.IndexControllerIntegrationTest]: IndexControllerIntegrationTest does not declare any static, non-private, non-final, nested classes annotated with @Configuration.
2020-08-25 10:35:45,161 INFO org.springframework.boot.test.context.SpringBootTestContextBootstrapper [main] Found @SpringBootConfiguration com.bringbackdada.site.SiteApplication for test class com.bringbackdada.site.controllers.IndexControllerIntegrationTest
2020-08-25 10:35:45,163 INFO org.springframework.test.context.support.AbstractTestContextBootstrapper [main] Loaded default TestExecutionListener class names from location [META-INF/spring.factories]: [org.springframework.boot.test.mock.mockito.MockitoTestExecutionListener, org.springframework.boot.test.mock.mockito.ResetMocksTestExecutionListener, org.springframework.boot.test.autoconfigure.restdocs.RestDocsTestExecutionListener, org.springframework.boot.test.autoconfigure.web.client.MockRestServiceServerResetTestExecutionListener, org.springframework.boot.test.autoconfigure.web.servlet.MockMvcPrintOnlyOnFailureTestExecutionListener, org.springframework.boot.test.autoconfigure.web.servlet.WebDriverTestExecutionListener, org.springframework.boot.test.autoconfigure.webservices.client.MockWebServiceServerTestExecutionListener, org.springframework.test.context.web.ServletTestExecutionListener, org.springframework.test.context.support.DirtiesContextBeforeModesTestExecutionListener, org.springframework.test.context.support.DependencyInjectionTestExecutionListener, org.springframework.test.context.support.DirtiesContextTestExecutionListener, org.springframework.test.context.transaction.TransactionalTestExecutionListener, org.springframework.test.context.jdbc.SqlScriptsTestExecutionListener, org.springframework.test.context.event.EventPublishingTestExecutionListener]
2020-08-25 10:35:45,175 INFO org.springframework.test.context.support.AbstractTestContextBootstrapper [main] Using TestExecutionListeners: [org.springframework.test.context.web.ServletTestExecutionListener@27305e6, org.springframework.test.context.support.DirtiesContextBeforeModesTestExecutionListener@1ef3efa8, org.springframework.boot.test.mock.mockito.MockitoTestExecutionListener@502f1f4c, org.springframework.boot.test.autoconfigure.SpringBootDependencyInjectionTestExecutionListener@6f8f9349, org.springframework.test.context.support.DirtiesContextTestExecutionListener@75c9e76b, org.springframework.test.context.transaction.TransactionalTestExecutionListener@7446d8d5, org.springframework.test.context.jdbc.SqlScriptsTestExecutionListener@5c3b6c6e, org.springframework.test.context.event.EventPublishingTestExecutionListener@4fbda97b, org.springframework.boot.test.mock.mockito.ResetMocksTestExecutionListener@75f5fd58, org.springframework.boot.test.autoconfigure.restdocs.RestDocsTestExecutionListener@37b70343, org.springframework.boot.test.autoconfigure.web.client.MockRestServiceServerResetTestExecutionListener@306851c7, org.springframework.boot.test.autoconfigure.web.servlet.MockMvcPrintOnlyOnFailureTestExecutionListener@12bcd0c0, org.springframework.boot.test.autoconfigure.web.servlet.WebDriverTestExecutionListener@4879f0f2, org.springframework.boot.test.autoconfigure.webservices.client.MockWebServiceServerTestExecutionListener@47db5fa5]
2020-08-25 10:35:45,794 INFO org.springframework.boot.StartupInfoLogger [main] Starting IndexControllerIntegrationTest on WZB with PID 8952 (started by wzb in M:\30_CODING\70_WEB\bringbackdada.com)
2020-08-25 10:35:45,795 DEBUG org.springframework.boot.StartupInfoLogger [main] Running with Spring Boot v2.3.2.RELEASE, Spring v5.2.8.RELEASE
2020-08-25 10:35:45,797 INFO org.springframework.boot.SpringApplication [main] No active profile set, falling back to default profiles: default
2020-08-25 10:35:46,668 INFO org.springframework.scheduling.concurrent.ExecutorConfigurationSupport [main] Initializing ExecutorService 'applicationTaskExecutor'
2020-08-25 10:35:46,746 INFO org.springframework.boot.autoconfigure.web.servlet.WelcomePageHandlerMapping [main] Adding welcome page template: index
2020-08-25 10:35:47,502 INFO org.springframework.mock.web.MockServletContext [main] Initializing Spring TestDispatcherServlet ''
2020-08-25 10:35:47,503 INFO org.springframework.web.servlet.FrameworkServlet [main] Initializing Servlet ''
2020-08-25 10:35:47,515 INFO org.springframework.web.servlet.FrameworkServlet [main] Completed initialization in 12 ms
2020-08-25 10:35:47,545 INFO org.springframework.boot.StartupInfoLogger [main] Started IndexControllerIntegrationTest in 2.014 seconds (JVM running for 3.141)
2020-08-25 10:35:47,624 INFO com.bringbackdada.site.controllers.IndexController [main] --> Called index.html
2020-08-25 10:35:47,825 INFO org.springframework.scheduling.concurrent.ExecutorConfigurationSupport [SpringContextShutdownHook] Shutting down ExecutorService 'applicationTaskExecutor'
2020-08-25 10:36:00,501 INFO org.springframework.test.context.support.AbstractTestContextBootstrapper [main] Neither @ContextConfiguration nor @ContextHierarchy found for test class [com.bringbackdada.site.controllers.IndexControllerIntegrationTest], using SpringBootContextLoader
2020-08-25 10:36:00,506 INFO org.springframework.test.context.support.AbstractContextLoader [main] Could not detect default resource locations for test class [com.bringbackdada.site.controllers.IndexControllerIntegrationTest]: no resource found for suffixes {-context.xml, Context.groovy}.
2020-08-25 10:36:00,506 INFO org.springframework.test.context.support.AnnotationConfigContextLoaderUtils [main] Could not detect default configuration classes for test class [com.bringbackdada.site.controllers.IndexControllerIntegrationTest]: IndexControllerIntegrationTest does not declare any static, non-private, non-final, nested classes annotated with @Configuration.
2020-08-25 10:36:00,606 INFO org.springframework.boot.test.context.SpringBootTestContextBootstrapper [main] Found @SpringBootConfiguration com.bringbackdada.site.SiteApplication for test class com.bringbackdada.site.controllers.IndexControllerIntegrationTest
2020-08-25 10:36:00,608 INFO org.springframework.test.context.support.AbstractTestContextBootstrapper [main] Loaded default TestExecutionListener class names from location [META-INF/spring.factories]: [org.springframework.boot.test.mock.mockito.MockitoTestExecutionListener, org.springframework.boot.test.mock.mockito.ResetMocksTestExecutionListener, org.springframework.boot.test.autoconfigure.restdocs.RestDocsTestExecutionListener, org.springframework.boot.test.autoconfigure.web.client.MockRestServiceServerResetTestExecutionListener, org.springframework.boot.test.autoconfigure.web.servlet.MockMvcPrintOnlyOnFailureTestExecutionListener, org.springframework.boot.test.autoconfigure.web.servlet.WebDriverTestExecutionListener, org.springframework.boot.test.autoconfigure.webservices.client.MockWebServiceServerTestExecutionListener, org.springframework.test.context.web.ServletTestExecutionListener, org.springframework.test.context.support.DirtiesContextBeforeModesTestExecutionListener, org.springframework.test.context.support.DependencyInjectionTestExecutionListener, org.springframework.test.context.support.DirtiesContextTestExecutionListener, org.springframework.test.context.transaction.TransactionalTestExecutionListener, org.springframework.test.context.jdbc.SqlScriptsTestExecutionListener, org.springframework.test.context.event.EventPublishingTestExecutionListener]
2020-08-25 10:36:00,620 INFO org.springframework.test.context.support.AbstractTestContextBootstrapper [main] Using TestExecutionListeners: [org.springframework.test.context.web.ServletTestExecutionListener@27305e6, org.springframework.test.context.support.DirtiesContextBeforeModesTestExecutionListener@1ef3efa8, org.springframework.boot.test.mock.mockito.MockitoTestExecutionListener@502f1f4c, org.springframework.boot.test.autoconfigure.SpringBootDependencyInjectionTestExecutionListener@6f8f9349, org.springframework.test.context.support.DirtiesContextTestExecutionListener@75c9e76b, org.springframework.test.context.transaction.TransactionalTestExecutionListener@7446d8d5, org.springframework.test.context.jdbc.SqlScriptsTestExecutionListener@5c3b6c6e, org.springframework.test.context.event.EventPublishingTestExecutionListener@4fbda97b, org.springframework.boot.test.mock.mockito.ResetMocksTestExecutionListener@75f5fd58, org.springframework.boot.test.autoconfigure.restdocs.RestDocsTestExecutionListener@37b70343, org.springframework.boot.test.autoconfigure.web.client.MockRestServiceServerResetTestExecutionListener@306851c7, org.springframework.boot.test.autoconfigure.web.servlet.MockMvcPrintOnlyOnFailureTestExecutionListener@12bcd0c0, org.springframework.boot.test.autoconfigure.web.servlet.WebDriverTestExecutionListener@4879f0f2, org.springframework.boot.test.autoconfigure.webservices.client.MockWebServiceServerTestExecutionListener@47db5fa5]
2020-08-25 10:36:01,237 INFO org.springframework.boot.StartupInfoLogger [main] Starting IndexControllerIntegrationTest on WZB with PID 12788 (started by wzb in M:\30_CODING\70_WEB\bringbackdada.com)
2020-08-25 10:36:01,237 DEBUG org.springframework.boot.StartupInfoLogger [main] Running with Spring Boot v2.3.2.RELEASE, Spring v5.2.8.RELEASE
2020-08-25 10:36:01,239 INFO org.springframework.boot.SpringApplication [main] No active profile set, falling back to default profiles: default
2020-08-25 10:36:02,037 INFO org.springframework.scheduling.concurrent.ExecutorConfigurationSupport [main] Initializing ExecutorService 'applicationTaskExecutor'
2020-08-25 10:36:02,108 INFO org.springframework.boot.autoconfigure.web.servlet.WelcomePageHandlerMapping [main] Adding welcome page template: index
2020-08-25 10:36:02,827 INFO org.springframework.mock.web.MockServletContext [main] Initializing Spring TestDispatcherServlet ''
2020-08-25 10:36:02,828 INFO org.springframework.web.servlet.FrameworkServlet [main] Initializing Servlet ''
2020-08-25 10:36:02,837 INFO org.springframework.web.servlet.FrameworkServlet [main] Completed initialization in 9 ms
2020-08-25 10:36:02,868 INFO org.springframework.boot.StartupInfoLogger [main] Started IndexControllerIntegrationTest in 1.893 seconds (JVM running for 3.011)
2020-08-25 10:36:02,945 INFO com.bringbackdada.site.controllers.IndexController [main] --> Called index.html
2020-08-25 10:36:03,247 ERROR org.thymeleaf.TemplateEngine [main] [THYMELEAF][main] Exception processing template "index": Error during execution of processor 'org.thymeleaf.spring5.processor.SpringHrefTagProcessor' (template: "fragments/layout" - line 14, col 28)
org.thymeleaf.exceptions.TemplateProcessingException: Error during execution of processor 'org.thymeleaf.spring5.processor.SpringHrefTagProcessor' (template: "fragments/layout" - line 14, col 28)
	at org.thymeleaf.processor.element.AbstractAttributeTagProcessor.doProcess(AbstractAttributeTagProcessor.java:117)
	at org.thymeleaf.processor.element.AbstractElementTagProcessor.process(AbstractElementTagProcessor.java:95)
	at org.thymeleaf.util.ProcessorConfigurationUtils$ElementTagProcessorWrapper.process(ProcessorConfigurationUtils.java:633)
	at org.thymeleaf.engine.ProcessorTemplateHandler.handleStandaloneElement(ProcessorTemplateHandler.java:918)
	at org.thymeleaf.engine.StandaloneElementTag.beHandled(StandaloneElementTag.java:228)
	at org.thymeleaf.engine.Model.process(Model.java:282)
	at org.thymeleaf.engine.ProcessorTemplateHandler.handleOpenElement(ProcessorTemplateHandler.java:1587)
	at org.thymeleaf.engine.OpenElementTag.beHandled(OpenElementTag.java:205)
	at org.thymeleaf.engine.TemplateModel.process(TemplateModel.java:136)
	at org.thymeleaf.engine.TemplateManager.parseAndProcess(TemplateManager.java:661)
	at org.thymeleaf.TemplateEngine.process(TemplateEngine.java:1098)
	at org.thymeleaf.TemplateEngine.process(TemplateEngine.java:1072)
	at org.thymeleaf.spring5.view.ThymeleafView.renderFragment(ThymeleafView.java:362)
	at org.thymeleaf.spring5.view.ThymeleafView.render(ThymeleafView.java:189)
	at org.springframework.web.servlet.DispatcherServlet.render(DispatcherServlet.java:1373)
	at org.springframework.test.web.servlet.TestDispatcherServlet.render(TestDispatcherServlet.java:136)
	at org.springframework.web.servlet.DispatcherServlet.processDispatchResult(DispatcherServlet.java:1118)
	at org.springframework.web.servlet.DispatcherServlet.doDispatch(DispatcherServlet.java:1057)
	at org.springframework.web.servlet.DispatcherServlet.doService(DispatcherServlet.java:943)
	at org.springframework.web.servlet.FrameworkServlet.processRequest(FrameworkServlet.java:1006)
	at org.springframework.web.servlet.FrameworkServlet.doGet(FrameworkServlet.java:898)
	at javax.servlet.http.HttpServlet.service(HttpServlet.java:626)
	at org.springframework.web.servlet.FrameworkServlet.service(FrameworkServlet.java:883)
	at org.springframework.test.web.servlet.TestDispatcherServlet.service(TestDispatcherServlet.java:72)
	at javax.servlet.http.HttpServlet.service(HttpServlet.java:733)
	at org.springframework.mock.web.MockFilterChain$ServletFilterProxy.doFilter(MockFilterChain.java:167)
	at org.springframework.mock.web.MockFilterChain.doFilter(MockFilterChain.java:134)
	at org.springframework.web.servlet.resource.ResourceUrlEncodingFilter.doFilter(ResourceUrlEncodingFilter.java:64)
	at org.springframework.mock.web.MockFilterChain.doFilter(MockFilterChain.java:134)
	at org.springframework.web.filter.RequestContextFilter.doFilterInternal(RequestContextFilter.java:100)
	at org.springframework.web.filter.OncePerRequestFilter.doFilter(OncePerRequestFilter.java:119)
	at org.springframework.mock.web.MockFilterChain.doFilter(MockFilterChain.java:134)
	at org.springframework.web.filter.FormContentFilter.doFilterInternal(FormContentFilter.java:93)
	at org.springframework.web.filter.OncePerRequestFilter.doFilter(OncePerRequestFilter.java:119)
	at org.springframework.mock.web.MockFilterChain.doFilter(MockFilterChain.java:134)
	at org.springframework.test.web.servlet.MockMvc.perform(MockMvc.java:183)
	at com.bringbackdada.site.controllers.IndexControllerIntegrationTest.getIndexPageResponse(IndexControllerIntegrationTest.java:34)
	at java.base/jdk.internal.reflect.NativeMethodAccessorImpl.invoke0(Native Method)
	at java.base/jdk.internal.reflect.NativeMethodAccessorImpl.invoke(NativeMethodAccessorImpl.java:62)
	at java.base/jdk.internal.reflect.DelegatingMethodAccessorImpl.invoke(DelegatingMethodAccessorImpl.java:43)
	at java.base/java.lang.reflect.Method.invoke(Method.java:566)
	at org.junit.platform.commons.util.ReflectionUtils.invokeMethod(ReflectionUtils.java:686)
	at org.junit.jupiter.engine.execution.MethodInvocation.proceed(MethodInvocation.java:60)
	at org.junit.jupiter.engine.execution.InvocationInterceptorChain$ValidatingInvocation.proceed(InvocationInterceptorChain.java:131)
	at org.junit.jupiter.engine.extension.TimeoutExtension.intercept(TimeoutExtension.java:149)
	at org.junit.jupiter.engine.extension.TimeoutExtension.interceptTestableMethod(TimeoutExtension.java:140)
	at org.junit.jupiter.engine.extension.TimeoutExtension.interceptTestMethod(TimeoutExtension.java:84)
	at org.junit.jupiter.engine.execution.ExecutableInvoker$ReflectiveInterceptorCall.lambda$ofVoidMethod$0(ExecutableInvoker.java:115)
	at org.junit.jupiter.engine.execution.ExecutableInvoker.lambda$invoke$0(ExecutableInvoker.java:105)
	at org.junit.jupiter.engine.execution.InvocationInterceptorChain$InterceptedInvocation.proceed(InvocationInterceptorChain.java:106)
	at org.junit.jupiter.engine.execution.InvocationInterceptorChain.proceed(InvocationInterceptorChain.java:64)
	at org.junit.jupiter.engine.execution.InvocationInterceptorChain.chainAndInvoke(InvocationInterceptorChain.java:45)
	at org.junit.jupiter.engine.execution.InvocationInterceptorChain.invoke(InvocationInterceptorChain.java:37)
	at org.junit.jupiter.engine.execution.ExecutableInvoker.invoke(ExecutableInvoker.java:104)
	at org.junit.jupiter.engine.execution.ExecutableInvoker.invoke(ExecutableInvoker.java:98)
	at org.junit.jupiter.engine.descriptor.TestMethodTestDescriptor.lambda$invokeTestMethod$6(TestMethodTestDescriptor.java:212)
	at org.junit.platform.engine.support.hierarchical.ThrowableCollector.execute(ThrowableCollector.java:73)
	at org.junit.jupiter.engine.descriptor.TestMethodTestDescriptor.invokeTestMethod(TestMethodTestDescriptor.java:208)
	at org.junit.jupiter.engine.descriptor.TestMethodTestDescriptor.execute(TestMethodTestDescriptor.java:137)
	at org.junit.jupiter.engine.descriptor.TestMethodTestDescriptor.execute(TestMethodTestDescriptor.java:71)
	at org.junit.platform.engine.support.hierarchical.NodeTestTask.lambda$executeRecursively$5(NodeTestTask.java:135)
	at org.junit.platform.engine.support.hierarchical.ThrowableCollector.execute(ThrowableCollector.java:73)
	at org.junit.platform.engine.support.hierarchical.NodeTestTask.lambda$executeRecursively$7(NodeTestTask.java:125)
	at org.junit.platform.engine.support.hierarchical.Node.around(Node.java:135)
	at org.junit.platform.engine.support.hierarchical.NodeTestTask.lambda$executeRecursively$8(NodeTestTask.java:123)
	at org.junit.platform.engine.support.hierarchical.ThrowableCollector.execute(ThrowableCollector.java:73)
	at org.junit.platform.engine.support.hierarchical.NodeTestTask.executeRecursively(NodeTestTask.java:122)
	at org.junit.platform.engine.support.hierarchical.NodeTestTask.execute(NodeTestTask.java:80)
	at java.base/java.util.ArrayList.forEach(ArrayList.java:1540)
	at org.junit.platform.engine.support.hierarchical.SameThreadHierarchicalTestExecutorService.invokeAll(SameThreadHierarchicalTestExecutorService.java:38)
	at org.junit.platform.engine.support.hierarchical.NodeTestTask.lambda$executeRecursively$5(NodeTestTask.java:139)
	at org.junit.platform.engine.support.hierarchical.ThrowableCollector.execute(ThrowableCollector.java:73)
	at org.junit.platform.engine.support.hierarchical.NodeTestTask.lambda$executeRecursively$7(NodeTestTask.java:125)
	at org.junit.platform.engine.support.hierarchical.Node.around(Node.java:135)
	at org.junit.platform.engine.support.hierarchical.NodeTestTask.lambda$executeRecursively$8(NodeTestTask.java:123)
	at org.junit.platform.engine.support.hierarchical.ThrowableCollector.execute(ThrowableCollector.java:73)
	at org.junit.platform.engine.support.hierarchical.NodeTestTask.executeRecursively(NodeTestTask.java:122)
	at org.junit.platform.engine.support.hierarchical.NodeTestTask.execute(NodeTestTask.java:80)
	at java.base/java.util.ArrayList.forEach(ArrayList.java:1540)
	at org.junit.platform.engine.support.hierarchical.SameThreadHierarchicalTestExecutorService.invokeAll(SameThreadHierarchicalTestExecutorService.java:38)
	at org.junit.platform.engine.support.hierarchical.NodeTestTask.lambda$executeRecursively$5(NodeTestTask.java:139)
	at org.junit.platform.engine.support.hierarchical.ThrowableCollector.execute(ThrowableCollector.java:73)
	at org.junit.platform.engine.support.hierarchical.NodeTestTask.lambda$executeRecursively$7(NodeTestTask.java:125)
	at org.junit.platform.engine.support.hierarchical.Node.around(Node.java:135)
	at org.junit.platform.engine.support.hierarchical.NodeTestTask.lambda$executeRecursively$8(NodeTestTask.java:123)
	at org.junit.platform.engine.support.hierarchical.ThrowableCollector.execute(ThrowableCollector.java:73)
	at org.junit.platform.engine.support.hierarchical.NodeTestTask.executeRecursively(NodeTestTask.java:122)
	at org.junit.platform.engine.support.hierarchical.NodeTestTask.execute(NodeTestTask.java:80)
	at org.junit.platform.engine.support.hierarchical.SameThreadHierarchicalTestExecutorService.submit(SameThreadHierarchicalTestExecutorService.java:32)
	at org.junit.platform.engine.support.hierarchical.HierarchicalTestExecutor.execute(HierarchicalTestExecutor.java:57)
	at org.junit.platform.engine.support.hierarchical.HierarchicalTestEngine.execute(HierarchicalTestEngine.java:51)
	at org.junit.platform.launcher.core.DefaultLauncher.execute(DefaultLauncher.java:248)
	at org.junit.platform.launcher.core.DefaultLauncher.lambda$execute$5(DefaultLauncher.java:211)
	at org.junit.platform.launcher.core.DefaultLauncher.withInterceptedStreams(DefaultLauncher.java:226)
	at org.junit.platform.launcher.core.DefaultLauncher.execute(DefaultLauncher.java:199)
	at org.junit.platform.launcher.core.DefaultLauncher.execute(DefaultLauncher.java:132)
	at com.intellij.junit5.JUnit5IdeaTestRunner.startRunnerWithArgs(JUnit5IdeaTestRunner.java:71)
	at com.intellij.rt.junit.IdeaTestRunner$Repeater.startRunnerWithArgs(IdeaTestRunner.java:33)
	at com.intellij.rt.junit.JUnitStarter.prepareStreamsAndStart(JUnitStarter.java:220)
	at com.intellij.rt.junit.JUnitStarter.main(JUnitStarter.java:53)
Caused by: java.lang.NullPointerException: null
	at org.webjars.WebJarAssetLocator.getFullPathExact(WebJarAssetLocator.java:262)
	at org.springframework.web.servlet.resource.WebJarsResourceResolver.findWebJarResourcePath(WebJarsResourceResolver.java:109)
	at org.springframework.web.servlet.resource.WebJarsResourceResolver.resolveUrlPathInternal(WebJarsResourceResolver.java:94)
	at org.springframework.web.servlet.resource.AbstractResourceResolver.resolveUrlPath(AbstractResourceResolver.java:54)
	at org.springframework.web.servlet.resource.DefaultResourceResolverChain.resolveUrlPath(DefaultResourceResolverChain.java:82)
	at org.springframework.web.servlet.resource.CachingResourceResolver.resolveUrlPathInternal(CachingResourceResolver.java:170)
	at org.springframework.web.servlet.resource.AbstractResourceResolver.resolveUrlPath(AbstractResourceResolver.java:54)
	at org.springframework.web.servlet.resource.DefaultResourceResolverChain.resolveUrlPath(DefaultResourceResolverChain.java:82)
	at org.springframework.web.servlet.resource.ResourceUrlProvider.getForLookupPath(ResourceUrlProvider.java:239)
	at org.springframework.web.servlet.resource.ResourceUrlEncodingFilter$ResourceUrlEncodingRequestWrapper.resolveUrlPath(ResourceUrlEncodingFilter.java:124)
	at org.springframework.web.servlet.resource.ResourceUrlEncodingFilter$ResourceUrlEncodingResponseWrapper.encodeURL(ResourceUrlEncodingFilter.java:157)
	at org.thymeleaf.linkbuilder.StandardLinkBuilder.processLink(StandardLinkBuilder.java:528)
	at org.thymeleaf.linkbuilder.StandardLinkBuilder.buildLink(StandardLinkBuilder.java:138)
	at org.thymeleaf.context.AbstractEngineContext.buildLink(AbstractEngineContext.java:167)
	at org.thymeleaf.standard.expression.LinkExpression.executeLinkExpression(LinkExpression.java:290)
	at org.thymeleaf.standard.expression.SimpleExpression.executeSimple(SimpleExpression.java:85)
	at org.thymeleaf.standard.expression.Expression.execute(Expression.java:109)
	at org.thymeleaf.standard.expression.Expression.execute(Expression.java:138)
	at org.thymeleaf.standard.processor.AbstractStandardExpressionAttributeTagProcessor.doProcess(AbstractStandardExpressionAttributeTagProcessor.java:144)
	at org.thymeleaf.processor.element.AbstractAttributeTagProcessor.doProcess(AbstractAttributeTagProcessor.java:74)
	... 99 common frames omitted
2020-08-25 10:36:03,272 INFO org.springframework.scheduling.concurrent.ExecutorConfigurationSupport [SpringContextShutdownHook] Shutting down ExecutorService 'applicationTaskExecutor'
2020-08-25 10:40:47,873 INFO org.springframework.test.context.support.AbstractTestContextBootstrapper [main] Neither @ContextConfiguration nor @ContextHierarchy found for test class [com.bringbackdada.site.controllers.IndexControllerIntegrationTest], using SpringBootContextLoader
2020-08-25 10:40:47,878 INFO org.springframework.test.context.support.AbstractContextLoader [main] Could not detect default resource locations for test class [com.bringbackdada.site.controllers.IndexControllerIntegrationTest]: no resource found for suffixes {-context.xml, Context.groovy}.
2020-08-25 10:40:47,879 INFO org.springframework.test.context.support.AnnotationConfigContextLoaderUtils [main] Could not detect default configuration classes for test class [com.bringbackdada.site.controllers.IndexControllerIntegrationTest]: IndexControllerIntegrationTest does not declare any static, non-private, non-final, nested classes annotated with @Configuration.
2020-08-25 10:40:47,977 INFO org.springframework.boot.test.context.SpringBootTestContextBootstrapper [main] Found @SpringBootConfiguration com.bringbackdada.site.SiteApplication for test class com.bringbackdada.site.controllers.IndexControllerIntegrationTest
2020-08-25 10:40:47,980 INFO org.springframework.test.context.support.AbstractTestContextBootstrapper [main] Loaded default TestExecutionListener class names from location [META-INF/spring.factories]: [org.springframework.boot.test.mock.mockito.MockitoTestExecutionListener, org.springframework.boot.test.mock.mockito.ResetMocksTestExecutionListener, org.springframework.boot.test.autoconfigure.restdocs.RestDocsTestExecutionListener, org.springframework.boot.test.autoconfigure.web.client.MockRestServiceServerResetTestExecutionListener, org.springframework.boot.test.autoconfigure.web.servlet.MockMvcPrintOnlyOnFailureTestExecutionListener, org.springframework.boot.test.autoconfigure.web.servlet.WebDriverTestExecutionListener, org.springframework.boot.test.autoconfigure.webservices.client.MockWebServiceServerTestExecutionListener, org.springframework.test.context.web.ServletTestExecutionListener, org.springframework.test.context.support.DirtiesContextBeforeModesTestExecutionListener, org.springframework.test.context.support.DependencyInjectionTestExecutionListener, org.springframework.test.context.support.DirtiesContextTestExecutionListener, org.springframework.test.context.transaction.TransactionalTestExecutionListener, org.springframework.test.context.jdbc.SqlScriptsTestExecutionListener, org.springframework.test.context.event.EventPublishingTestExecutionListener]
2020-08-25 10:40:47,993 INFO org.springframework.test.context.support.AbstractTestContextBootstrapper [main] Using TestExecutionListeners: [org.springframework.test.context.web.ServletTestExecutionListener@30bcf3c1, org.springframework.test.context.support.DirtiesContextBeforeModesTestExecutionListener@2a3c96e3, org.springframework.boot.test.mock.mockito.MockitoTestExecutionListener@15cafec7, org.springframework.boot.test.autoconfigure.SpringBootDependencyInjectionTestExecutionListener@5b444398, org.springframework.test.context.support.DirtiesContextTestExecutionListener@cb191ca, org.springframework.test.context.transaction.TransactionalTestExecutionListener@42f48531, org.springframework.test.context.jdbc.SqlScriptsTestExecutionListener@a776e, org.springframework.test.context.event.EventPublishingTestExecutionListener@792bbc74, org.springframework.boot.test.mock.mockito.ResetMocksTestExecutionListener@79145d5a, org.springframework.boot.test.autoconfigure.restdocs.RestDocsTestExecutionListener@1f2f9244, org.springframework.boot.test.autoconfigure.web.client.MockRestServiceServerResetTestExecutionListener@4c4d27c8, org.springframework.boot.test.autoconfigure.web.servlet.MockMvcPrintOnlyOnFailureTestExecutionListener@6821ea29, org.springframework.boot.test.autoconfigure.web.servlet.WebDriverTestExecutionListener@338494fa, org.springframework.boot.test.autoconfigure.webservices.client.MockWebServiceServerTestExecutionListener@505a9d7c]
2020-08-25 10:40:48,369 INFO org.springframework.boot.StartupInfoLogger [main] Starting IndexControllerIntegrationTest on WZB with PID 12424 (started by wzb in M:\30_CODING\70_WEB\bringbackdada.com)
2020-08-25 10:40:48,370 DEBUG org.springframework.boot.StartupInfoLogger [main] Running with Spring Boot v2.3.2.RELEASE, Spring v5.2.8.RELEASE
2020-08-25 10:40:48,372 INFO org.springframework.boot.SpringApplication [main] No active profile set, falling back to default profiles: default
2020-08-25 10:40:49,242 INFO org.springframework.scheduling.concurrent.ExecutorConfigurationSupport [main] Initializing ExecutorService 'applicationTaskExecutor'
2020-08-25 10:40:49,324 INFO org.springframework.boot.autoconfigure.web.servlet.WelcomePageHandlerMapping [main] Adding welcome page template: index
2020-08-25 10:40:50,101 INFO org.springframework.mock.web.MockServletContext [main] Initializing Spring TestDispatcherServlet ''
2020-08-25 10:40:50,102 INFO org.springframework.web.servlet.FrameworkServlet [main] Initializing Servlet ''
2020-08-25 10:40:50,117 INFO org.springframework.web.servlet.FrameworkServlet [main] Completed initialization in 15 ms
2020-08-25 10:40:50,152 INFO org.springframework.boot.StartupInfoLogger [main] Started IndexControllerIntegrationTest in 2.115 seconds (JVM running for 2.948)
2020-08-25 10:40:50,455 INFO com.bringbackdada.site.controllers.IndexController [main] --> Called index.html
2020-08-25 10:40:50,732 ERROR org.thymeleaf.TemplateEngine [main] [THYMELEAF][main] Exception processing template "index": Error during execution of processor 'org.thymeleaf.spring5.processor.SpringHrefTagProcessor' (template: "fragments/layout" - line 14, col 28)
org.thymeleaf.exceptions.TemplateProcessingException: Error during execution of processor 'org.thymeleaf.spring5.processor.SpringHrefTagProcessor' (template: "fragments/layout" - line 14, col 28)
	at org.thymeleaf.processor.element.AbstractAttributeTagProcessor.doProcess(AbstractAttributeTagProcessor.java:117)
	at org.thymeleaf.processor.element.AbstractElementTagProcessor.process(AbstractElementTagProcessor.java:95)
	at org.thymeleaf.util.ProcessorConfigurationUtils$ElementTagProcessorWrapper.process(ProcessorConfigurationUtils.java:633)
	at org.thymeleaf.engine.ProcessorTemplateHandler.handleStandaloneElement(ProcessorTemplateHandler.java:918)
	at org.thymeleaf.engine.StandaloneElementTag.beHandled(StandaloneElementTag.java:228)
	at org.thymeleaf.engine.Model.process(Model.java:282)
	at org.thymeleaf.engine.ProcessorTemplateHandler.handleOpenElement(ProcessorTemplateHandler.java:1587)
	at org.thymeleaf.engine.OpenElementTag.beHandled(OpenElementTag.java:205)
	at org.thymeleaf.engine.TemplateModel.process(TemplateModel.java:136)
	at org.thymeleaf.engine.TemplateManager.parseAndProcess(TemplateManager.java:661)
	at org.thymeleaf.TemplateEngine.process(TemplateEngine.java:1098)
	at org.thymeleaf.TemplateEngine.process(TemplateEngine.java:1072)
	at org.thymeleaf.spring5.view.ThymeleafView.renderFragment(ThymeleafView.java:362)
	at org.thymeleaf.spring5.view.ThymeleafView.render(ThymeleafView.java:189)
	at org.springframework.web.servlet.DispatcherServlet.render(DispatcherServlet.java:1373)
	at org.springframework.test.web.servlet.TestDispatcherServlet.render(TestDispatcherServlet.java:136)
	at org.springframework.web.servlet.DispatcherServlet.processDispatchResult(DispatcherServlet.java:1118)
	at org.springframework.web.servlet.DispatcherServlet.doDispatch(DispatcherServlet.java:1057)
	at org.springframework.web.servlet.DispatcherServlet.doService(DispatcherServlet.java:943)
	at org.springframework.web.servlet.FrameworkServlet.processRequest(FrameworkServlet.java:1006)
	at org.springframework.web.servlet.FrameworkServlet.doGet(FrameworkServlet.java:898)
	at javax.servlet.http.HttpServlet.service(HttpServlet.java:626)
	at org.springframework.web.servlet.FrameworkServlet.service(FrameworkServlet.java:883)
	at org.springframework.test.web.servlet.TestDispatcherServlet.service(TestDispatcherServlet.java:72)
	at javax.servlet.http.HttpServlet.service(HttpServlet.java:733)
	at org.springframework.mock.web.MockFilterChain$ServletFilterProxy.doFilter(MockFilterChain.java:167)
	at org.springframework.mock.web.MockFilterChain.doFilter(MockFilterChain.java:134)
	at org.springframework.web.servlet.resource.ResourceUrlEncodingFilter.doFilter(ResourceUrlEncodingFilter.java:64)
	at org.springframework.mock.web.MockFilterChain.doFilter(MockFilterChain.java:134)
	at org.springframework.web.filter.RequestContextFilter.doFilterInternal(RequestContextFilter.java:100)
	at org.springframework.web.filter.OncePerRequestFilter.doFilter(OncePerRequestFilter.java:119)
	at org.springframework.mock.web.MockFilterChain.doFilter(MockFilterChain.java:134)
	at org.springframework.web.filter.FormContentFilter.doFilterInternal(FormContentFilter.java:93)
	at org.springframework.web.filter.OncePerRequestFilter.doFilter(OncePerRequestFilter.java:119)
	at org.springframework.mock.web.MockFilterChain.doFilter(MockFilterChain.java:134)
	at org.springframework.test.web.servlet.MockMvc.perform(MockMvc.java:183)
	at com.bringbackdada.site.controllers.IndexControllerIntegrationTest.getIndexPageResponse(IndexControllerIntegrationTest.java:33)
	at java.base/jdk.internal.reflect.NativeMethodAccessorImpl.invoke0(Native Method)
	at java.base/jdk.internal.reflect.NativeMethodAccessorImpl.invoke(NativeMethodAccessorImpl.java:62)
	at java.base/jdk.internal.reflect.DelegatingMethodAccessorImpl.invoke(DelegatingMethodAccessorImpl.java:43)
	at java.base/java.lang.reflect.Method.invoke(Method.java:566)
	at org.junit.platform.commons.util.ReflectionUtils.invokeMethod(ReflectionUtils.java:686)
	at org.junit.jupiter.engine.execution.MethodInvocation.proceed(MethodInvocation.java:60)
	at org.junit.jupiter.engine.execution.InvocationInterceptorChain$ValidatingInvocation.proceed(InvocationInterceptorChain.java:131)
	at org.junit.jupiter.engine.extension.TimeoutExtension.intercept(TimeoutExtension.java:149)
	at org.junit.jupiter.engine.extension.TimeoutExtension.interceptTestableMethod(TimeoutExtension.java:140)
	at org.junit.jupiter.engine.extension.TimeoutExtension.interceptTestMethod(TimeoutExtension.java:84)
	at org.junit.jupiter.engine.execution.ExecutableInvoker$ReflectiveInterceptorCall.lambda$ofVoidMethod$0(ExecutableInvoker.java:115)
	at org.junit.jupiter.engine.execution.ExecutableInvoker.lambda$invoke$0(ExecutableInvoker.java:105)
	at org.junit.jupiter.engine.execution.InvocationInterceptorChain$InterceptedInvocation.proceed(InvocationInterceptorChain.java:106)
	at org.junit.jupiter.engine.execution.InvocationInterceptorChain.proceed(InvocationInterceptorChain.java:64)
	at org.junit.jupiter.engine.execution.InvocationInterceptorChain.chainAndInvoke(InvocationInterceptorChain.java:45)
	at org.junit.jupiter.engine.execution.InvocationInterceptorChain.invoke(InvocationInterceptorChain.java:37)
	at org.junit.jupiter.engine.execution.ExecutableInvoker.invoke(ExecutableInvoker.java:104)
	at org.junit.jupiter.engine.execution.ExecutableInvoker.invoke(ExecutableInvoker.java:98)
	at org.junit.jupiter.engine.descriptor.TestMethodTestDescriptor.lambda$invokeTestMethod$6(TestMethodTestDescriptor.java:212)
	at org.junit.platform.engine.support.hierarchical.ThrowableCollector.execute(ThrowableCollector.java:73)
	at org.junit.jupiter.engine.descriptor.TestMethodTestDescriptor.invokeTestMethod(TestMethodTestDescriptor.java:208)
	at org.junit.jupiter.engine.descriptor.TestMethodTestDescriptor.execute(TestMethodTestDescriptor.java:137)
	at org.junit.jupiter.engine.descriptor.TestMethodTestDescriptor.execute(TestMethodTestDescriptor.java:71)
	at org.junit.platform.engine.support.hierarchical.NodeTestTask.lambda$executeRecursively$5(NodeTestTask.java:135)
	at org.junit.platform.engine.support.hierarchical.ThrowableCollector.execute(ThrowableCollector.java:73)
	at org.junit.platform.engine.support.hierarchical.NodeTestTask.lambda$executeRecursively$7(NodeTestTask.java:125)
	at org.junit.platform.engine.support.hierarchical.Node.around(Node.java:135)
	at org.junit.platform.engine.support.hierarchical.NodeTestTask.lambda$executeRecursively$8(NodeTestTask.java:123)
	at org.junit.platform.engine.support.hierarchical.ThrowableCollector.execute(ThrowableCollector.java:73)
	at org.junit.platform.engine.support.hierarchical.NodeTestTask.executeRecursively(NodeTestTask.java:122)
	at org.junit.platform.engine.support.hierarchical.NodeTestTask.execute(NodeTestTask.java:80)
	at java.base/java.util.ArrayList.forEach(ArrayList.java:1540)
	at org.junit.platform.engine.support.hierarchical.SameThreadHierarchicalTestExecutorService.invokeAll(SameThreadHierarchicalTestExecutorService.java:38)
	at org.junit.platform.engine.support.hierarchical.NodeTestTask.lambda$executeRecursively$5(NodeTestTask.java:139)
	at org.junit.platform.engine.support.hierarchical.ThrowableCollector.execute(ThrowableCollector.java:73)
	at org.junit.platform.engine.support.hierarchical.NodeTestTask.lambda$executeRecursively$7(NodeTestTask.java:125)
	at org.junit.platform.engine.support.hierarchical.Node.around(Node.java:135)
	at org.junit.platform.engine.support.hierarchical.NodeTestTask.lambda$executeRecursively$8(NodeTestTask.java:123)
	at org.junit.platform.engine.support.hierarchical.ThrowableCollector.execute(ThrowableCollector.java:73)
	at org.junit.platform.engine.support.hierarchical.NodeTestTask.executeRecursively(NodeTestTask.java:122)
	at org.junit.platform.engine.support.hierarchical.NodeTestTask.execute(NodeTestTask.java:80)
	at java.base/java.util.ArrayList.forEach(ArrayList.java:1540)
	at org.junit.platform.engine.support.hierarchical.SameThreadHierarchicalTestExecutorService.invokeAll(SameThreadHierarchicalTestExecutorService.java:38)
	at org.junit.platform.engine.support.hierarchical.NodeTestTask.lambda$executeRecursively$5(NodeTestTask.java:139)
	at org.junit.platform.engine.support.hierarchical.ThrowableCollector.execute(ThrowableCollector.java:73)
	at org.junit.platform.engine.support.hierarchical.NodeTestTask.lambda$executeRecursively$7(NodeTestTask.java:125)
	at org.junit.platform.engine.support.hierarchical.Node.around(Node.java:135)
	at org.junit.platform.engine.support.hierarchical.NodeTestTask.lambda$executeRecursively$8(NodeTestTask.java:123)
	at org.junit.platform.engine.support.hierarchical.ThrowableCollector.execute(ThrowableCollector.java:73)
	at org.junit.platform.engine.support.hierarchical.NodeTestTask.executeRecursively(NodeTestTask.java:122)
	at org.junit.platform.engine.support.hierarchical.NodeTestTask.execute(NodeTestTask.java:80)
	at org.junit.platform.engine.support.hierarchical.SameThreadHierarchicalTestExecutorService.submit(SameThreadHierarchicalTestExecutorService.java:32)
	at org.junit.platform.engine.support.hierarchical.HierarchicalTestExecutor.execute(HierarchicalTestExecutor.java:57)
	at org.junit.platform.engine.support.hierarchical.HierarchicalTestEngine.execute(HierarchicalTestEngine.java:51)
	at org.junit.platform.launcher.core.DefaultLauncher.execute(DefaultLauncher.java:248)
	at org.junit.platform.launcher.core.DefaultLauncher.lambda$execute$5(DefaultLauncher.java:211)
	at org.junit.platform.launcher.core.DefaultLauncher.withInterceptedStreams(DefaultLauncher.java:226)
	at org.junit.platform.launcher.core.DefaultLauncher.execute(DefaultLauncher.java:199)
	at org.junit.platform.launcher.core.DefaultLauncher.execute(DefaultLauncher.java:132)
	at com.intellij.junit5.JUnit5IdeaTestRunner.startRunnerWithArgs(JUnit5IdeaTestRunner.java:71)
	at com.intellij.rt.junit.IdeaTestRunner$Repeater.startRunnerWithArgs(IdeaTestRunner.java:33)
	at com.intellij.rt.junit.JUnitStarter.prepareStreamsAndStart(JUnitStarter.java:220)
	at com.intellij.rt.junit.JUnitStarter.main(JUnitStarter.java:53)
Caused by: java.lang.NullPointerException: null
	at org.webjars.WebJarAssetLocator.getFullPathExact(WebJarAssetLocator.java:262)
	at org.springframework.web.servlet.resource.WebJarsResourceResolver.findWebJarResourcePath(WebJarsResourceResolver.java:109)
	at org.springframework.web.servlet.resource.WebJarsResourceResolver.resolveUrlPathInternal(WebJarsResourceResolver.java:94)
	at org.springframework.web.servlet.resource.AbstractResourceResolver.resolveUrlPath(AbstractResourceResolver.java:54)
	at org.springframework.web.servlet.resource.DefaultResourceResolverChain.resolveUrlPath(DefaultResourceResolverChain.java:82)
	at org.springframework.web.servlet.resource.CachingResourceResolver.resolveUrlPathInternal(CachingResourceResolver.java:170)
	at org.springframework.web.servlet.resource.AbstractResourceResolver.resolveUrlPath(AbstractResourceResolver.java:54)
	at org.springframework.web.servlet.resource.DefaultResourceResolverChain.resolveUrlPath(DefaultResourceResolverChain.java:82)
	at org.springframework.web.servlet.resource.ResourceUrlProvider.getForLookupPath(ResourceUrlProvider.java:239)
	at org.springframework.web.servlet.resource.ResourceUrlEncodingFilter$ResourceUrlEncodingRequestWrapper.resolveUrlPath(ResourceUrlEncodingFilter.java:124)
	at org.springframework.web.servlet.resource.ResourceUrlEncodingFilter$ResourceUrlEncodingResponseWrapper.encodeURL(ResourceUrlEncodingFilter.java:157)
	at org.thymeleaf.linkbuilder.StandardLinkBuilder.processLink(StandardLinkBuilder.java:528)
	at org.thymeleaf.linkbuilder.StandardLinkBuilder.buildLink(StandardLinkBuilder.java:138)
	at org.thymeleaf.context.AbstractEngineContext.buildLink(AbstractEngineContext.java:167)
	at org.thymeleaf.standard.expression.LinkExpression.executeLinkExpression(LinkExpression.java:290)
	at org.thymeleaf.standard.expression.SimpleExpression.executeSimple(SimpleExpression.java:85)
	at org.thymeleaf.standard.expression.Expression.execute(Expression.java:109)
	at org.thymeleaf.standard.expression.Expression.execute(Expression.java:138)
	at org.thymeleaf.standard.processor.AbstractStandardExpressionAttributeTagProcessor.doProcess(AbstractStandardExpressionAttributeTagProcessor.java:144)
	at org.thymeleaf.processor.element.AbstractAttributeTagProcessor.doProcess(AbstractAttributeTagProcessor.java:74)
	... 99 common frames omitted
2020-08-25 10:40:50,755 INFO org.springframework.scheduling.concurrent.ExecutorConfigurationSupport [SpringContextShutdownHook] Shutting down ExecutorService 'applicationTaskExecutor'
2020-08-25 11:13:21,010 INFO com.bringbackdada.site.controllers.AboutController [main] --> Calling about.html
2020-08-25 11:13:21,069 INFO org.springframework.test.context.support.AbstractTestContextBootstrapper [main] Neither @ContextConfiguration nor @ContextHierarchy found for test class [com.bringbackdada.site.SiteApplicationTests], using SpringBootContextLoader
2020-08-25 11:13:21,072 INFO org.springframework.test.context.support.AbstractContextLoader [main] Could not detect default resource locations for test class [com.bringbackdada.site.SiteApplicationTests]: no resource found for suffixes {-context.xml, Context.groovy}.
2020-08-25 11:13:21,073 INFO org.springframework.test.context.support.AnnotationConfigContextLoaderUtils [main] Could not detect default configuration classes for test class [com.bringbackdada.site.SiteApplicationTests]: SiteApplicationTests does not declare any static, non-private, non-final, nested classes annotated with @Configuration.
2020-08-25 11:13:21,140 INFO org.springframework.boot.test.context.SpringBootTestContextBootstrapper [main] Found @SpringBootConfiguration com.bringbackdada.site.SiteApplication for test class com.bringbackdada.site.SiteApplicationTests
2020-08-25 11:13:21,224 INFO org.springframework.test.context.support.AbstractTestContextBootstrapper [main] Loaded default TestExecutionListener class names from location [META-INF/spring.factories]: [org.springframework.boot.test.mock.mockito.MockitoTestExecutionListener, org.springframework.boot.test.mock.mockito.ResetMocksTestExecutionListener, org.springframework.boot.test.autoconfigure.restdocs.RestDocsTestExecutionListener, org.springframework.boot.test.autoconfigure.web.client.MockRestServiceServerResetTestExecutionListener, org.springframework.boot.test.autoconfigure.web.servlet.MockMvcPrintOnlyOnFailureTestExecutionListener, org.springframework.boot.test.autoconfigure.web.servlet.WebDriverTestExecutionListener, org.springframework.boot.test.autoconfigure.webservices.client.MockWebServiceServerTestExecutionListener, org.springframework.test.context.web.ServletTestExecutionListener, org.springframework.test.context.support.DirtiesContextBeforeModesTestExecutionListener, org.springframework.test.context.support.DependencyInjectionTestExecutionListener, org.springframework.test.context.support.DirtiesContextTestExecutionListener, org.springframework.test.context.transaction.TransactionalTestExecutionListener, org.springframework.test.context.jdbc.SqlScriptsTestExecutionListener, org.springframework.test.context.event.EventPublishingTestExecutionListener]
2020-08-25 11:13:21,237 INFO org.springframework.test.context.support.AbstractTestContextBootstrapper [main] Using TestExecutionListeners: [org.springframework.test.context.web.ServletTestExecutionListener@b0e5507, org.springframework.test.context.support.DirtiesContextBeforeModesTestExecutionListener@6bbe50c9, org.springframework.boot.test.mock.mockito.MockitoTestExecutionListener@3c46dcbe, org.springframework.boot.test.autoconfigure.SpringBootDependencyInjectionTestExecutionListener@68577ba8, org.springframework.test.context.support.DirtiesContextTestExecutionListener@1108adc8, org.springframework.test.context.transaction.TransactionalTestExecutionListener@8a98f38, org.springframework.test.context.jdbc.SqlScriptsTestExecutionListener@20011bf, org.springframework.test.context.event.EventPublishingTestExecutionListener@51d9b06c, org.springframework.boot.test.mock.mockito.ResetMocksTestExecutionListener@5eb2172, org.springframework.boot.test.autoconfigure.restdocs.RestDocsTestExecutionListener@41ffaeb8, org.springframework.boot.test.autoconfigure.web.client.MockRestServiceServerResetTestExecutionListener@43f0c2d1, org.springframework.boot.test.autoconfigure.web.servlet.MockMvcPrintOnlyOnFailureTestExecutionListener@5fb65013, org.springframework.boot.test.autoconfigure.web.servlet.WebDriverTestExecutionListener@38a1a26, org.springframework.boot.test.autoconfigure.webservices.client.MockWebServiceServerTestExecutionListener@3fbcfe81]
2020-08-25 11:13:21,473 INFO org.springframework.boot.StartupInfoLogger [main] Starting SiteApplicationTests on WZB with PID 6368 (started by wzb in M:\30_CODING\70_WEB\bringbackdada.com)
2020-08-25 11:13:21,473 DEBUG org.springframework.boot.StartupInfoLogger [main] Running with Spring Boot v2.3.2.RELEASE, Spring v5.2.8.RELEASE
2020-08-25 11:13:21,474 INFO org.springframework.boot.SpringApplication [main] No active profile set, falling back to default profiles: default
2020-08-25 11:13:22,028 INFO org.springframework.data.repository.config.RepositoryConfigurationDelegate [main] Bootstrapping Spring Data JPA repositories in DEFERRED mode.
2020-08-25 11:13:22,080 INFO org.springframework.data.repository.config.RepositoryConfigurationDelegate [main] Finished Spring Data repository scanning in 45ms. Found 8 JPA repository interfaces.
2020-08-25 11:13:22,533 INFO org.springframework.scheduling.concurrent.ExecutorConfigurationSupport [main] Initializing ExecutorService 'applicationTaskExecutor'
2020-08-25 11:13:22,545 INFO com.zaxxer.hikari.HikariDataSource [main] HikariPool-1 - Starting...
2020-08-25 11:13:22,714 INFO com.zaxxer.hikari.HikariDataSource [main] HikariPool-1 - Start completed.
2020-08-25 11:13:22,788 INFO org.hibernate.jpa.internal.util.LogHelper [task-1] HHH000204: Processing PersistenceUnitInfo [name: default]
2020-08-25 11:13:22,845 INFO org.hibernate.Version [task-1] HHH000412: Hibernate ORM core version 5.4.18.Final
2020-08-25 11:13:22,890 INFO org.hibernate.annotations.common.reflection.java.JavaReflectionManager [task-1] HCANN000001: Hibernate Commons Annotations {5.1.0.Final}
2020-08-25 11:13:23,176 INFO org.hibernate.dialect.Dialect [task-1] HHH000400: Using dialect: org.hibernate.dialect.H2Dialect
2020-08-25 11:13:23,636 INFO org.hibernate.engine.transaction.jta.platform.internal.JtaPlatformInitiator [task-1] HHH000490: Using JtaPlatform implementation: [org.hibernate.engine.transaction.jta.platform.internal.NoJtaPlatform]
2020-08-25 11:13:23,642 INFO org.springframework.orm.jpa.AbstractEntityManagerFactoryBean [task-1] Initialized JPA EntityManagerFactory for persistence unit 'default'
2020-08-25 11:13:23,974 INFO com.bringbackdada.site.bootstrap.DataInitializer [main] Default NULL entries initialized in the database
2020-08-25 11:13:23,980 INFO com.bringbackdada.site.bootstrap.TestData [main] TEST data CREATOR added to database
2020-08-25 11:13:23,981 INFO com.bringbackdada.site.bootstrap.TestData [main] TEST data MODEL added to database
2020-08-25 11:13:23,986 INFO com.bringbackdada.site.bootstrap.TestData [main] TEST data LICENSE added to database
2020-08-25 11:13:24,115 INFO com.bringbackdada.site.bootstrap.TestData [main] TEST data CONTENT added to database
2020-08-25 11:13:24,120 INFO com.bringbackdada.site.bootstrap.TestData [main] TEST data GALLERY added to database
2020-08-25 11:13:24,130 INFO com.bringbackdada.site.bootstrap.TestData [main] TEST data BLOG added to database
2020-08-25 11:13:24,139 INFO com.bringbackdada.site.bootstrap.TestData [main] TEST data BLOG added to database
2020-08-25 11:13:24,286 WARN org.springframework.boot.autoconfigure.orm.jpa.JpaBaseConfiguration$JpaWebConfiguration [main] spring.jpa.open-in-view is enabled by default. Therefore, database queries may be performed during view rendering. Explicitly configure spring.jpa.open-in-view to disable this warning
2020-08-25 11:13:24,516 INFO org.springframework.boot.autoconfigure.web.servlet.WelcomePageHandlerMapping [main] Adding welcome page template: index
2020-08-25 11:13:25,388 INFO org.springframework.data.repository.config.DeferredRepositoryInitializationListener [main] Triggering deferred initialization of Spring Data repositoriesâ€¦
2020-08-25 11:13:25,389 INFO org.springframework.data.repository.config.DeferredRepositoryInitializationListener [main] Spring Data repositories initialized!
2020-08-25 11:13:25,398 INFO org.springframework.boot.StartupInfoLogger [main] Started SiteApplicationTests in 4.133 seconds (JVM running for 5.37)
2020-08-25 11:13:25,400 INFO com.bringbackdada.site.DataLoader [main] DataLoader executed
2020-08-25 11:13:25,458 INFO com.bringbackdada.site.controllers.AdminController [main] --> Called add-project.html
2020-08-25 11:13:25,460 INFO com.bringbackdada.site.controllers.AdminController [main] --> Called add-project.html
2020-08-25 11:13:25,465 INFO com.bringbackdada.site.controllers.AdminController [main] --> Called add-project.html
2020-08-25 11:13:25,467 INFO com.bringbackdada.site.controllers.AdminController [main] --> Called add-project.html
2020-08-25 11:13:25,494 INFO com.bringbackdada.site.controllers.BlogController [main] --> Calling blog.html
2020-08-25 11:13:25,497 INFO com.bringbackdada.site.controllers.IndexController [main] --> Called index.html
2020-08-25 11:13:25,501 INFO org.springframework.test.context.support.AbstractTestContextBootstrapper [main] Neither @ContextConfiguration nor @ContextHierarchy found for test class [com.bringbackdada.site.controllers.IndexControllerIntegrationTest], using SpringBootContextLoader
2020-08-25 11:13:25,502 INFO org.springframework.test.context.support.AbstractContextLoader [main] Could not detect default resource locations for test class [com.bringbackdada.site.controllers.IndexControllerIntegrationTest]: no resource found for suffixes {-context.xml, Context.groovy}.
2020-08-25 11:13:25,503 INFO org.springframework.test.context.support.AnnotationConfigContextLoaderUtils [main] Could not detect default configuration classes for test class [com.bringbackdada.site.controllers.IndexControllerIntegrationTest]: IndexControllerIntegrationTest does not declare any static, non-private, non-final, nested classes annotated with @Configuration.
2020-08-25 11:13:25,515 INFO org.springframework.boot.test.context.SpringBootTestContextBootstrapper [main] Found @SpringBootConfiguration com.bringbackdada.site.SiteApplication for test class com.bringbackdada.site.controllers.IndexControllerIntegrationTest
2020-08-25 11:13:25,516 INFO org.springframework.test.context.support.AbstractTestContextBootstrapper [main] Loaded default TestExecutionListener class names from location [META-INF/spring.factories]: [org.springframework.boot.test.mock.mockito.MockitoTestExecutionListener, org.springframework.boot.test.mock.mockito.ResetMocksTestExecutionListener, org.springframework.boot.test.autoconfigure.restdocs.RestDocsTestExecutionListener, org.springframework.boot.test.autoconfigure.web.client.MockRestServiceServerResetTestExecutionListener, org.springframework.boot.test.autoconfigure.web.servlet.MockMvcPrintOnlyOnFailureTestExecutionListener, org.springframework.boot.test.autoconfigure.web.servlet.WebDriverTestExecutionListener, org.springframework.boot.test.autoconfigure.webservices.client.MockWebServiceServerTestExecutionListener, org.springframework.test.context.web.ServletTestExecutionListener, org.springframework.test.context.support.DirtiesContextBeforeModesTestExecutionListener, org.springframework.test.context.support.DependencyInjectionTestExecutionListener, org.springframework.test.context.support.DirtiesContextTestExecutionListener, org.springframework.test.context.transaction.TransactionalTestExecutionListener, org.springframework.test.context.jdbc.SqlScriptsTestExecutionListener, org.springframework.test.context.event.EventPublishingTestExecutionListener]
2020-08-25 11:13:25,517 INFO org.springframework.test.context.support.AbstractTestContextBootstrapper [main] Using TestExecutionListeners: [org.springframework.test.context.web.ServletTestExecutionListener@573f2e67, org.springframework.test.context.support.DirtiesContextBeforeModesTestExecutionListener@5d449307, org.springframework.boot.test.mock.mockito.MockitoTestExecutionListener@44e7c06b, org.springframework.boot.test.autoconfigure.SpringBootDependencyInjectionTestExecutionListener@24a807a9, org.springframework.test.context.support.DirtiesContextTestExecutionListener@aca594d, org.springframework.test.context.transaction.TransactionalTestExecutionListener@736f2fb8, org.springframework.test.context.jdbc.SqlScriptsTestExecutionListener@9715d26, org.springframework.test.context.event.EventPublishingTestExecutionListener@6d8096ee, org.springframework.boot.test.mock.mockito.ResetMocksTestExecutionListener@35d8ba22, org.springframework.boot.test.autoconfigure.restdocs.RestDocsTestExecutionListener@3fc051ce, org.springframework.boot.test.autoconfigure.web.client.MockRestServiceServerResetTestExecutionListener@3c5bb37d, org.springframework.boot.test.autoconfigure.web.servlet.MockMvcPrintOnlyOnFailureTestExecutionListener@558575fe, org.springframework.boot.test.autoconfigure.web.servlet.WebDriverTestExecutionListener@25fcdcc6, org.springframework.boot.test.autoconfigure.webservices.client.MockWebServiceServerTestExecutionListener@180fb796]
2020-08-25 11:13:25,540 INFO org.springframework.boot.StartupInfoLogger [main] Starting IndexControllerIntegrationTest on WZB with PID 6368 (started by wzb in M:\30_CODING\70_WEB\bringbackdada.com)
2020-08-25 11:13:25,540 DEBUG org.springframework.boot.StartupInfoLogger [main] Running with Spring Boot v2.3.2.RELEASE, Spring v5.2.8.RELEASE
2020-08-25 11:13:25,541 INFO org.springframework.boot.SpringApplication [main] No active profile set, falling back to default profiles: default
2020-08-25 11:13:25,753 INFO org.springframework.scheduling.concurrent.ExecutorConfigurationSupport [main] Initializing ExecutorService 'applicationTaskExecutor'
2020-08-25 11:13:25,774 INFO org.springframework.boot.autoconfigure.web.servlet.WelcomePageHandlerMapping [main] Adding welcome page template: index
2020-08-25 11:13:26,248 INFO org.springframework.mock.web.MockServletContext [main] Initializing Spring TestDispatcherServlet ''
2020-08-25 11:13:26,248 INFO org.springframework.web.servlet.FrameworkServlet [main] Initializing Servlet ''
2020-08-25 11:13:26,255 INFO org.springframework.web.servlet.FrameworkServlet [main] Completed initialization in 7 ms
2020-08-25 11:13:26,264 INFO org.springframework.boot.StartupInfoLogger [main] Started IndexControllerIntegrationTest in 0.745 seconds (JVM running for 6.236)
2020-08-25 11:13:26,292 INFO com.bringbackdada.site.controllers.IndexController [main] --> Called index.html
2020-08-25 11:13:26,532 ERROR org.thymeleaf.TemplateEngine [main] [THYMELEAF][main] Exception processing template "index": Error during execution of processor 'org.thymeleaf.spring5.processor.SpringHrefTagProcessor' (template: "fragments/layout" - line 14, col 28)
org.thymeleaf.exceptions.TemplateProcessingException: Error during execution of processor 'org.thymeleaf.spring5.processor.SpringHrefTagProcessor' (template: "fragments/layout" - line 14, col 28)
	at org.thymeleaf.processor.element.AbstractAttributeTagProcessor.doProcess(AbstractAttributeTagProcessor.java:117)
	at org.thymeleaf.processor.element.AbstractElementTagProcessor.process(AbstractElementTagProcessor.java:95)
	at org.thymeleaf.util.ProcessorConfigurationUtils$ElementTagProcessorWrapper.process(ProcessorConfigurationUtils.java:633)
	at org.thymeleaf.engine.ProcessorTemplateHandler.handleStandaloneElement(ProcessorTemplateHandler.java:918)
	at org.thymeleaf.engine.StandaloneElementTag.beHandled(StandaloneElementTag.java:228)
	at org.thymeleaf.engine.Model.process(Model.java:282)
	at org.thymeleaf.engine.ProcessorTemplateHandler.handleOpenElement(ProcessorTemplateHandler.java:1587)
	at org.thymeleaf.engine.OpenElementTag.beHandled(OpenElementTag.java:205)
	at org.thymeleaf.engine.TemplateModel.process(TemplateModel.java:136)
	at org.thymeleaf.engine.TemplateManager.parseAndProcess(TemplateManager.java:661)
	at org.thymeleaf.TemplateEngine.process(TemplateEngine.java:1098)
	at org.thymeleaf.TemplateEngine.process(TemplateEngine.java:1072)
	at org.thymeleaf.spring5.view.ThymeleafView.renderFragment(ThymeleafView.java:362)
	at org.thymeleaf.spring5.view.ThymeleafView.render(ThymeleafView.java:189)
	at org.springframework.web.servlet.DispatcherServlet.render(DispatcherServlet.java:1373)
	at org.springframework.test.web.servlet.TestDispatcherServlet.render(TestDispatcherServlet.java:136)
	at org.springframework.web.servlet.DispatcherServlet.processDispatchResult(DispatcherServlet.java:1118)
	at org.springframework.web.servlet.DispatcherServlet.doDispatch(DispatcherServlet.java:1057)
	at org.springframework.web.servlet.DispatcherServlet.doService(DispatcherServlet.java:943)
	at org.springframework.web.servlet.FrameworkServlet.processRequest(FrameworkServlet.java:1006)
	at org.springframework.web.servlet.FrameworkServlet.doGet(FrameworkServlet.java:898)
	at javax.servlet.http.HttpServlet.service(HttpServlet.java:626)
	at org.springframework.web.servlet.FrameworkServlet.service(FrameworkServlet.java:883)
	at org.springframework.test.web.servlet.TestDispatcherServlet.service(TestDispatcherServlet.java:72)
	at javax.servlet.http.HttpServlet.service(HttpServlet.java:733)
	at org.springframework.mock.web.MockFilterChain$ServletFilterProxy.doFilter(MockFilterChain.java:167)
	at org.springframework.mock.web.MockFilterChain.doFilter(MockFilterChain.java:134)
	at org.springframework.web.servlet.resource.ResourceUrlEncodingFilter.doFilter(ResourceUrlEncodingFilter.java:64)
	at org.springframework.mock.web.MockFilterChain.doFilter(MockFilterChain.java:134)
	at org.springframework.web.filter.RequestContextFilter.doFilterInternal(RequestContextFilter.java:100)
	at org.springframework.web.filter.OncePerRequestFilter.doFilter(OncePerRequestFilter.java:119)
	at org.springframework.mock.web.MockFilterChain.doFilter(MockFilterChain.java:134)
	at org.springframework.web.filter.FormContentFilter.doFilterInternal(FormContentFilter.java:93)
	at org.springframework.web.filter.OncePerRequestFilter.doFilter(OncePerRequestFilter.java:119)
	at org.springframework.mock.web.MockFilterChain.doFilter(MockFilterChain.java:134)
	at org.springframework.test.web.servlet.MockMvc.perform(MockMvc.java:183)
	at com.bringbackdada.site.controllers.IndexControllerIntegrationTest.getIndexPageResponse(IndexControllerIntegrationTest.java:22)
	at java.base/jdk.internal.reflect.NativeMethodAccessorImpl.invoke0(Native Method)
	at java.base/jdk.internal.reflect.NativeMethodAccessorImpl.invoke(NativeMethodAccessorImpl.java:62)
	at java.base/jdk.internal.reflect.DelegatingMethodAccessorImpl.invoke(DelegatingMethodAccessorImpl.java:43)
	at java.base/java.lang.reflect.Method.invoke(Method.java:566)
	at org.junit.platform.commons.util.ReflectionUtils.invokeMethod(ReflectionUtils.java:686)
	at org.junit.jupiter.engine.execution.MethodInvocation.proceed(MethodInvocation.java:60)
	at org.junit.jupiter.engine.execution.InvocationInterceptorChain$ValidatingInvocation.proceed(InvocationInterceptorChain.java:131)
	at org.junit.jupiter.engine.extension.TimeoutExtension.intercept(TimeoutExtension.java:149)
	at org.junit.jupiter.engine.extension.TimeoutExtension.interceptTestableMethod(TimeoutExtension.java:140)
	at org.junit.jupiter.engine.extension.TimeoutExtension.interceptTestMethod(TimeoutExtension.java:84)
	at org.junit.jupiter.engine.execution.ExecutableInvoker$ReflectiveInterceptorCall.lambda$ofVoidMethod$0(ExecutableInvoker.java:115)
	at org.junit.jupiter.engine.execution.ExecutableInvoker.lambda$invoke$0(ExecutableInvoker.java:105)
	at org.junit.jupiter.engine.execution.InvocationInterceptorChain$InterceptedInvocation.proceed(InvocationInterceptorChain.java:106)
	at org.junit.jupiter.engine.execution.InvocationInterceptorChain.proceed(InvocationInterceptorChain.java:64)
	at org.junit.jupiter.engine.execution.InvocationInterceptorChain.chainAndInvoke(InvocationInterceptorChain.java:45)
	at org.junit.jupiter.engine.execution.InvocationInterceptorChain.invoke(InvocationInterceptorChain.java:37)
	at org.junit.jupiter.engine.execution.ExecutableInvoker.invoke(ExecutableInvoker.java:104)
	at org.junit.jupiter.engine.execution.ExecutableInvoker.invoke(ExecutableInvoker.java:98)
	at org.junit.jupiter.engine.descriptor.TestMethodTestDescriptor.lambda$invokeTestMethod$6(TestMethodTestDescriptor.java:212)
	at org.junit.platform.engine.support.hierarchical.ThrowableCollector.execute(ThrowableCollector.java:73)
	at org.junit.jupiter.engine.descriptor.TestMethodTestDescriptor.invokeTestMethod(TestMethodTestDescriptor.java:208)
	at org.junit.jupiter.engine.descriptor.TestMethodTestDescriptor.execute(TestMethodTestDescriptor.java:137)
	at org.junit.jupiter.engine.descriptor.TestMethodTestDescriptor.execute(TestMethodTestDescriptor.java:71)
	at org.junit.platform.engine.support.hierarchical.NodeTestTask.lambda$executeRecursively$5(NodeTestTask.java:135)
	at org.junit.platform.engine.support.hierarchical.ThrowableCollector.execute(ThrowableCollector.java:73)
	at org.junit.platform.engine.support.hierarchical.NodeTestTask.lambda$executeRecursively$7(NodeTestTask.java:125)
	at org.junit.platform.engine.support.hierarchical.Node.around(Node.java:135)
	at org.junit.platform.engine.support.hierarchical.NodeTestTask.lambda$executeRecursively$8(NodeTestTask.java:123)
	at org.junit.platform.engine.support.hierarchical.ThrowableCollector.execute(ThrowableCollector.java:73)
	at org.junit.platform.engine.support.hierarchical.NodeTestTask.executeRecursively(NodeTestTask.java:122)
	at org.junit.platform.engine.support.hierarchical.NodeTestTask.execute(NodeTestTask.java:80)
	at java.base/java.util.ArrayList.forEach(ArrayList.java:1540)
	at org.junit.platform.engine.support.hierarchical.SameThreadHierarchicalTestExecutorService.invokeAll(SameThreadHierarchicalTestExecutorService.java:38)
	at org.junit.platform.engine.support.hierarchical.NodeTestTask.lambda$executeRecursively$5(NodeTestTask.java:139)
	at org.junit.platform.engine.support.hierarchical.ThrowableCollector.execute(ThrowableCollector.java:73)
	at org.junit.platform.engine.support.hierarchical.NodeTestTask.lambda$executeRecursively$7(NodeTestTask.java:125)
	at org.junit.platform.engine.support.hierarchical.Node.around(Node.java:135)
	at org.junit.platform.engine.support.hierarchical.NodeTestTask.lambda$executeRecursively$8(NodeTestTask.java:123)
	at org.junit.platform.engine.support.hierarchical.ThrowableCollector.execute(ThrowableCollector.java:73)
	at org.junit.platform.engine.support.hierarchical.NodeTestTask.executeRecursively(NodeTestTask.java:122)
	at org.junit.platform.engine.support.hierarchical.NodeTestTask.execute(NodeTestTask.java:80)
	at java.base/java.util.ArrayList.forEach(ArrayList.java:1540)
	at org.junit.platform.engine.support.hierarchical.SameThreadHierarchicalTestExecutorService.invokeAll(SameThreadHierarchicalTestExecutorService.java:38)
	at org.junit.platform.engine.support.hierarchical.NodeTestTask.lambda$executeRecursively$5(NodeTestTask.java:139)
	at org.junit.platform.engine.support.hierarchical.ThrowableCollector.execute(ThrowableCollector.java:73)
	at org.junit.platform.engine.support.hierarchical.NodeTestTask.lambda$executeRecursively$7(NodeTestTask.java:125)
	at org.junit.platform.engine.support.hierarchical.Node.around(Node.java:135)
	at org.junit.platform.engine.support.hierarchical.NodeTestTask.lambda$executeRecursively$8(NodeTestTask.java:123)
	at org.junit.platform.engine.support.hierarchical.ThrowableCollector.execute(ThrowableCollector.java:73)
	at org.junit.platform.engine.support.hierarchical.NodeTestTask.executeRecursively(NodeTestTask.java:122)
	at org.junit.platform.engine.support.hierarchical.NodeTestTask.execute(NodeTestTask.java:80)
	at org.junit.platform.engine.support.hierarchical.SameThreadHierarchicalTestExecutorService.submit(SameThreadHierarchicalTestExecutorService.java:32)
	at org.junit.platform.engine.support.hierarchical.HierarchicalTestExecutor.execute(HierarchicalTestExecutor.java:57)
	at org.junit.platform.engine.support.hierarchical.HierarchicalTestEngine.execute(HierarchicalTestEngine.java:51)
	at org.junit.platform.launcher.core.DefaultLauncher.execute(DefaultLauncher.java:248)
	at org.junit.platform.launcher.core.DefaultLauncher.lambda$execute$5(DefaultLauncher.java:211)
	at org.junit.platform.launcher.core.DefaultLauncher.withInterceptedStreams(DefaultLauncher.java:226)
	at org.junit.platform.launcher.core.DefaultLauncher.execute(DefaultLauncher.java:199)
	at org.junit.platform.launcher.core.DefaultLauncher.execute(DefaultLauncher.java:132)
	at com.intellij.junit5.JUnit5IdeaTestRunner.startRunnerWithArgs(JUnit5IdeaTestRunner.java:71)
	at com.intellij.rt.junit.IdeaTestRunner$Repeater.startRunnerWithArgs(IdeaTestRunner.java:33)
	at com.intellij.rt.junit.JUnitStarter.prepareStreamsAndStart(JUnitStarter.java:220)
	at com.intellij.rt.junit.JUnitStarter.main(JUnitStarter.java:53)
Caused by: java.lang.NullPointerException: null
	at org.webjars.WebJarAssetLocator.getFullPathExact(WebJarAssetLocator.java:262)
	at org.springframework.web.servlet.resource.WebJarsResourceResolver.findWebJarResourcePath(WebJarsResourceResolver.java:109)
	at org.springframework.web.servlet.resource.WebJarsResourceResolver.resolveUrlPathInternal(WebJarsResourceResolver.java:94)
	at org.springframework.web.servlet.resource.AbstractResourceResolver.resolveUrlPath(AbstractResourceResolver.java:54)
	at org.springframework.web.servlet.resource.DefaultResourceResolverChain.resolveUrlPath(DefaultResourceResolverChain.java:82)
	at org.springframework.web.servlet.resource.CachingResourceResolver.resolveUrlPathInternal(CachingResourceResolver.java:170)
	at org.springframework.web.servlet.resource.AbstractResourceResolver.resolveUrlPath(AbstractResourceResolver.java:54)
	at org.springframework.web.servlet.resource.DefaultResourceResolverChain.resolveUrlPath(DefaultResourceResolverChain.java:82)
	at org.springframework.web.servlet.resource.ResourceUrlProvider.getForLookupPath(ResourceUrlProvider.java:239)
	at org.springframework.web.servlet.resource.ResourceUrlEncodingFilter$ResourceUrlEncodingRequestWrapper.resolveUrlPath(ResourceUrlEncodingFilter.java:124)
	at org.springframework.web.servlet.resource.ResourceUrlEncodingFilter$ResourceUrlEncodingResponseWrapper.encodeURL(ResourceUrlEncodingFilter.java:157)
	at org.thymeleaf.linkbuilder.StandardLinkBuilder.processLink(StandardLinkBuilder.java:528)
	at org.thymeleaf.linkbuilder.StandardLinkBuilder.buildLink(StandardLinkBuilder.java:138)
	at org.thymeleaf.context.AbstractEngineContext.buildLink(AbstractEngineContext.java:167)
	at org.thymeleaf.standard.expression.LinkExpression.executeLinkExpression(LinkExpression.java:290)
	at org.thymeleaf.standard.expression.SimpleExpression.executeSimple(SimpleExpression.java:85)
	at org.thymeleaf.standard.expression.Expression.execute(Expression.java:109)
	at org.thymeleaf.standard.expression.Expression.execute(Expression.java:138)
	at org.thymeleaf.standard.processor.AbstractStandardExpressionAttributeTagProcessor.doProcess(AbstractStandardExpressionAttributeTagProcessor.java:144)
	at org.thymeleaf.processor.element.AbstractAttributeTagProcessor.doProcess(AbstractAttributeTagProcessor.java:74)
	... 99 common frames omitted
2020-08-25 11:13:26,543 INFO org.springframework.scheduling.concurrent.ExecutorConfigurationSupport [SpringContextShutdownHook] Shutting down ExecutorService 'applicationTaskExecutor'
2020-08-25 11:13:26,544 INFO org.springframework.orm.jpa.AbstractEntityManagerFactoryBean [SpringContextShutdownHook] Closing JPA EntityManagerFactory for persistence unit 'default'
2020-08-25 11:13:26,544 INFO org.hibernate.tool.schema.internal.SchemaDropperImpl$DelayedDropActionImpl [SpringContextShutdownHook] HHH000477: Starting delayed evictData of schema as part of SessionFactory shut-down'
2020-08-25 11:13:26,550 INFO org.springframework.scheduling.concurrent.ExecutorConfigurationSupport [SpringContextShutdownHook] Shutting down ExecutorService 'applicationTaskExecutor'
2020-08-25 11:13:26,550 INFO com.zaxxer.hikari.HikariDataSource [SpringContextShutdownHook] HikariPool-1 - Shutdown initiated...
2020-08-25 11:13:26,552 INFO com.zaxxer.hikari.HikariDataSource [SpringContextShutdownHook] HikariPool-1 - Shutdown completed.
2020-08-25 12:24:27,232 INFO org.springframework.test.context.support.AbstractTestContextBootstrapper [main] Neither @ContextConfiguration nor @ContextHierarchy found for test class [com.bringbackdada.site.controllers.IndexControllerIntegrationTest], using SpringBootContextLoader
2020-08-25 12:24:27,237 INFO org.springframework.test.context.support.AbstractContextLoader [main] Could not detect default resource locations for test class [com.bringbackdada.site.controllers.IndexControllerIntegrationTest]: no resource found for suffixes {-context.xml, Context.groovy}.
2020-08-25 12:24:27,238 INFO org.springframework.test.context.support.AnnotationConfigContextLoaderUtils [main] Could not detect default configuration classes for test class [com.bringbackdada.site.controllers.IndexControllerIntegrationTest]: IndexControllerIntegrationTest does not declare any static, non-private, non-final, nested classes annotated with @Configuration.
2020-08-25 12:24:27,334 INFO org.springframework.boot.test.context.SpringBootTestContextBootstrapper [main] Found @SpringBootConfiguration com.bringbackdada.site.SiteApplication for test class com.bringbackdada.site.controllers.IndexControllerIntegrationTest
2020-08-25 12:24:27,336 INFO org.springframework.test.context.support.AbstractTestContextBootstrapper [main] Loaded default TestExecutionListener class names from location [META-INF/spring.factories]: [org.springframework.boot.test.mock.mockito.MockitoTestExecutionListener, org.springframework.boot.test.mock.mockito.ResetMocksTestExecutionListener, org.springframework.boot.test.autoconfigure.restdocs.RestDocsTestExecutionListener, org.springframework.boot.test.autoconfigure.web.client.MockRestServiceServerResetTestExecutionListener, org.springframework.boot.test.autoconfigure.web.servlet.MockMvcPrintOnlyOnFailureTestExecutionListener, org.springframework.boot.test.autoconfigure.web.servlet.WebDriverTestExecutionListener, org.springframework.boot.test.autoconfigure.webservices.client.MockWebServiceServerTestExecutionListener, org.springframework.test.context.web.ServletTestExecutionListener, org.springframework.test.context.support.DirtiesContextBeforeModesTestExecutionListener, org.springframework.test.context.support.DependencyInjectionTestExecutionListener, org.springframework.test.context.support.DirtiesContextTestExecutionListener, org.springframework.test.context.transaction.TransactionalTestExecutionListener, org.springframework.test.context.jdbc.SqlScriptsTestExecutionListener, org.springframework.test.context.event.EventPublishingTestExecutionListener]
2020-08-25 12:24:27,350 INFO org.springframework.test.context.support.AbstractTestContextBootstrapper [main] Using TestExecutionListeners: [org.springframework.test.context.web.ServletTestExecutionListener@3e5499cc, org.springframework.test.context.support.DirtiesContextBeforeModesTestExecutionListener@67ab1c47, org.springframework.boot.test.mock.mockito.MockitoTestExecutionListener@b78a709, org.springframework.boot.test.autoconfigure.SpringBootDependencyInjectionTestExecutionListener@30bcf3c1, org.springframework.test.context.support.DirtiesContextTestExecutionListener@2a3c96e3, org.springframework.test.context.transaction.TransactionalTestExecutionListener@15cafec7, org.springframework.test.context.jdbc.SqlScriptsTestExecutionListener@5b444398, org.springframework.test.context.event.EventPublishingTestExecutionListener@cb191ca, org.springframework.boot.test.mock.mockito.ResetMocksTestExecutionListener@42f48531, org.springframework.boot.test.autoconfigure.restdocs.RestDocsTestExecutionListener@a776e, org.springframework.boot.test.autoconfigure.web.client.MockRestServiceServerResetTestExecutionListener@792bbc74, org.springframework.boot.test.autoconfigure.web.servlet.MockMvcPrintOnlyOnFailureTestExecutionListener@79145d5a, org.springframework.boot.test.autoconfigure.web.servlet.WebDriverTestExecutionListener@1f2f9244, org.springframework.boot.test.autoconfigure.webservices.client.MockWebServiceServerTestExecutionListener@4c4d27c8]
2020-08-25 12:24:27,719 INFO org.springframework.boot.StartupInfoLogger [main] Starting IndexControllerIntegrationTest on WZB with PID 13232 (started by wzb in M:\30_CODING\70_WEB\bringbackdada.com)
2020-08-25 12:24:27,720 DEBUG org.springframework.boot.StartupInfoLogger [main] Running with Spring Boot v2.3.2.RELEASE, Spring v5.2.8.RELEASE
2020-08-25 12:24:27,723 INFO org.springframework.boot.SpringApplication [main] No active profile set, falling back to default profiles: default
2020-08-25 12:24:28,537 INFO org.springframework.scheduling.concurrent.ExecutorConfigurationSupport [main] Initializing ExecutorService 'applicationTaskExecutor'
2020-08-25 12:24:28,606 INFO org.springframework.boot.autoconfigure.web.servlet.WelcomePageHandlerMapping [main] Adding welcome page template: index
2020-08-25 12:24:29,354 INFO org.springframework.mock.web.MockServletContext [main] Initializing Spring TestDispatcherServlet ''
2020-08-25 12:24:29,355 INFO org.springframework.web.servlet.FrameworkServlet [main] Initializing Servlet ''
2020-08-25 12:24:29,366 INFO org.springframework.web.servlet.FrameworkServlet [main] Completed initialization in 11 ms
2020-08-25 12:24:29,394 INFO org.springframework.boot.StartupInfoLogger [main] Started IndexControllerIntegrationTest in 2.003 seconds (JVM running for 2.809)
2020-08-25 12:24:29,668 INFO com.bringbackdada.site.controllers.IndexController [main] --> Called index.html
2020-08-25 12:24:29,969 INFO org.springframework.scheduling.concurrent.ExecutorConfigurationSupport [SpringContextShutdownHook] Shutting down ExecutorService 'applicationTaskExecutor'
2020-08-25 12:26:00,774 INFO org.springframework.test.context.support.AbstractTestContextBootstrapper [main] Neither @ContextConfiguration nor @ContextHierarchy found for test class [com.bringbackdada.site.controllers.IndexControllerIntegrationTest], using SpringBootContextLoader
2020-08-25 12:26:00,779 INFO org.springframework.test.context.support.AbstractContextLoader [main] Could not detect default resource locations for test class [com.bringbackdada.site.controllers.IndexControllerIntegrationTest]: no resource found for suffixes {-context.xml, Context.groovy}.
2020-08-25 12:26:00,780 INFO org.springframework.test.context.support.AnnotationConfigContextLoaderUtils [main] Could not detect default configuration classes for test class [com.bringbackdada.site.controllers.IndexControllerIntegrationTest]: IndexControllerIntegrationTest does not declare any static, non-private, non-final, nested classes annotated with @Configuration.
2020-08-25 12:26:00,876 INFO org.springframework.boot.test.context.SpringBootTestContextBootstrapper [main] Found @SpringBootConfiguration com.bringbackdada.site.SiteApplication for test class com.bringbackdada.site.controllers.IndexControllerIntegrationTest
2020-08-25 12:26:00,879 INFO org.springframework.test.context.support.AbstractTestContextBootstrapper [main] Loaded default TestExecutionListener class names from location [META-INF/spring.factories]: [org.springframework.boot.test.mock.mockito.MockitoTestExecutionListener, org.springframework.boot.test.mock.mockito.ResetMocksTestExecutionListener, org.springframework.boot.test.autoconfigure.restdocs.RestDocsTestExecutionListener, org.springframework.boot.test.autoconfigure.web.client.MockRestServiceServerResetTestExecutionListener, org.springframework.boot.test.autoconfigure.web.servlet.MockMvcPrintOnlyOnFailureTestExecutionListener, org.springframework.boot.test.autoconfigure.web.servlet.WebDriverTestExecutionListener, org.springframework.boot.test.autoconfigure.webservices.client.MockWebServiceServerTestExecutionListener, org.springframework.test.context.web.ServletTestExecutionListener, org.springframework.test.context.support.DirtiesContextBeforeModesTestExecutionListener, org.springframework.test.context.support.DependencyInjectionTestExecutionListener, org.springframework.test.context.support.DirtiesContextTestExecutionListener, org.springframework.test.context.transaction.TransactionalTestExecutionListener, org.springframework.test.context.jdbc.SqlScriptsTestExecutionListener, org.springframework.test.context.event.EventPublishingTestExecutionListener]
2020-08-25 12:26:00,890 INFO org.springframework.test.context.support.AbstractTestContextBootstrapper [main] Using TestExecutionListeners: [org.springframework.test.context.web.ServletTestExecutionListener@67ab1c47, org.springframework.test.context.support.DirtiesContextBeforeModesTestExecutionListener@b78a709, org.springframework.boot.test.mock.mockito.MockitoTestExecutionListener@30bcf3c1, org.springframework.boot.test.autoconfigure.SpringBootDependencyInjectionTestExecutionListener@2a3c96e3, org.springframework.test.context.support.DirtiesContextTestExecutionListener@15cafec7, org.springframework.test.context.transaction.TransactionalTestExecutionListener@5b444398, org.springframework.test.context.jdbc.SqlScriptsTestExecutionListener@cb191ca, org.springframework.test.context.event.EventPublishingTestExecutionListener@42f48531, org.springframework.boot.test.mock.mockito.ResetMocksTestExecutionListener@a776e, org.springframework.boot.test.autoconfigure.restdocs.RestDocsTestExecutionListener@792bbc74, org.springframework.boot.test.autoconfigure.web.client.MockRestServiceServerResetTestExecutionListener@79145d5a, org.springframework.boot.test.autoconfigure.web.servlet.MockMvcPrintOnlyOnFailureTestExecutionListener@1f2f9244, org.springframework.boot.test.autoconfigure.web.servlet.WebDriverTestExecutionListener@4c4d27c8, org.springframework.boot.test.autoconfigure.webservices.client.MockWebServiceServerTestExecutionListener@6821ea29]
2020-08-25 12:26:01,260 INFO org.springframework.boot.StartupInfoLogger [main] Starting IndexControllerIntegrationTest on WZB with PID 2700 (started by wzb in M:\30_CODING\70_WEB\bringbackdada.com)
2020-08-25 12:26:01,261 DEBUG org.springframework.boot.StartupInfoLogger [main] Running with Spring Boot v2.3.2.RELEASE, Spring v5.2.8.RELEASE
2020-08-25 12:26:01,263 INFO org.springframework.boot.SpringApplication [main] No active profile set, falling back to default profiles: default
2020-08-25 12:26:02,091 INFO org.springframework.scheduling.concurrent.ExecutorConfigurationSupport [main] Initializing ExecutorService 'applicationTaskExecutor'
2020-08-25 12:26:02,164 INFO org.springframework.boot.autoconfigure.web.servlet.WelcomePageHandlerMapping [main] Adding welcome page template: index
2020-08-25 12:26:02,874 INFO org.springframework.mock.web.MockServletContext [main] Initializing Spring TestDispatcherServlet ''
2020-08-25 12:26:02,875 INFO org.springframework.web.servlet.FrameworkServlet [main] Initializing Servlet ''
2020-08-25 12:26:02,888 INFO org.springframework.web.servlet.FrameworkServlet [main] Completed initialization in 13 ms
2020-08-25 12:26:02,922 INFO org.springframework.boot.StartupInfoLogger [main] Started IndexControllerIntegrationTest in 1.986 seconds (JVM running for 2.808)
2020-08-25 12:26:03,214 INFO com.bringbackdada.site.controllers.IndexController [main] --> Called index.html
2020-08-25 12:26:03,493 ERROR org.thymeleaf.TemplateEngine [main] [THYMELEAF][main] Exception processing template "index": Error during execution of processor 'org.thymeleaf.spring5.processor.SpringHrefTagProcessor' (template: "fragments/layout" - line 14, col 28)
org.thymeleaf.exceptions.TemplateProcessingException: Error during execution of processor 'org.thymeleaf.spring5.processor.SpringHrefTagProcessor' (template: "fragments/layout" - line 14, col 28)
	at org.thymeleaf.processor.element.AbstractAttributeTagProcessor.doProcess(AbstractAttributeTagProcessor.java:117)
	at org.thymeleaf.processor.element.AbstractElementTagProcessor.process(AbstractElementTagProcessor.java:95)
	at org.thymeleaf.util.ProcessorConfigurationUtils$ElementTagProcessorWrapper.process(ProcessorConfigurationUtils.java:633)
	at org.thymeleaf.engine.ProcessorTemplateHandler.handleStandaloneElement(ProcessorTemplateHandler.java:918)
	at org.thymeleaf.engine.StandaloneElementTag.beHandled(StandaloneElementTag.java:228)
	at org.thymeleaf.engine.Model.process(Model.java:282)
	at org.thymeleaf.engine.ProcessorTemplateHandler.handleOpenElement(ProcessorTemplateHandler.java:1587)
	at org.thymeleaf.engine.OpenElementTag.beHandled(OpenElementTag.java:205)
	at org.thymeleaf.engine.TemplateModel.process(TemplateModel.java:136)
	at org.thymeleaf.engine.TemplateManager.parseAndProcess(TemplateManager.java:661)
	at org.thymeleaf.TemplateEngine.process(TemplateEngine.java:1098)
	at org.thymeleaf.TemplateEngine.process(TemplateEngine.java:1072)
	at org.thymeleaf.spring5.view.ThymeleafView.renderFragment(ThymeleafView.java:362)
	at org.thymeleaf.spring5.view.ThymeleafView.render(ThymeleafView.java:189)
	at org.springframework.web.servlet.DispatcherServlet.render(DispatcherServlet.java:1373)
	at org.springframework.test.web.servlet.TestDispatcherServlet.render(TestDispatcherServlet.java:136)
	at org.springframework.web.servlet.DispatcherServlet.processDispatchResult(DispatcherServlet.java:1118)
	at org.springframework.web.servlet.DispatcherServlet.doDispatch(DispatcherServlet.java:1057)
	at org.springframework.web.servlet.DispatcherServlet.doService(DispatcherServlet.java:943)
	at org.springframework.web.servlet.FrameworkServlet.processRequest(FrameworkServlet.java:1006)
	at org.springframework.web.servlet.FrameworkServlet.doGet(FrameworkServlet.java:898)
	at javax.servlet.http.HttpServlet.service(HttpServlet.java:626)
	at org.springframework.web.servlet.FrameworkServlet.service(FrameworkServlet.java:883)
	at org.springframework.test.web.servlet.TestDispatcherServlet.service(TestDispatcherServlet.java:72)
	at javax.servlet.http.HttpServlet.service(HttpServlet.java:733)
	at org.springframework.mock.web.MockFilterChain$ServletFilterProxy.doFilter(MockFilterChain.java:167)
	at org.springframework.mock.web.MockFilterChain.doFilter(MockFilterChain.java:134)
	at org.springframework.web.servlet.resource.ResourceUrlEncodingFilter.doFilter(ResourceUrlEncodingFilter.java:64)
	at org.springframework.mock.web.MockFilterChain.doFilter(MockFilterChain.java:134)
	at org.springframework.web.filter.RequestContextFilter.doFilterInternal(RequestContextFilter.java:100)
	at org.springframework.web.filter.OncePerRequestFilter.doFilter(OncePerRequestFilter.java:119)
	at org.springframework.mock.web.MockFilterChain.doFilter(MockFilterChain.java:134)
	at org.springframework.web.filter.FormContentFilter.doFilterInternal(FormContentFilter.java:93)
	at org.springframework.web.filter.OncePerRequestFilter.doFilter(OncePerRequestFilter.java:119)
	at org.springframework.mock.web.MockFilterChain.doFilter(MockFilterChain.java:134)
	at org.springframework.test.web.servlet.MockMvc.perform(MockMvc.java:183)
	at com.bringbackdada.site.controllers.IndexControllerIntegrationTest.getIndexPageResponse(IndexControllerIntegrationTest.java:22)
	at java.base/jdk.internal.reflect.NativeMethodAccessorImpl.invoke0(Native Method)
	at java.base/jdk.internal.reflect.NativeMethodAccessorImpl.invoke(NativeMethodAccessorImpl.java:62)
	at java.base/jdk.internal.reflect.DelegatingMethodAccessorImpl.invoke(DelegatingMethodAccessorImpl.java:43)
	at java.base/java.lang.reflect.Method.invoke(Method.java:566)
	at org.junit.platform.commons.util.ReflectionUtils.invokeMethod(ReflectionUtils.java:686)
	at org.junit.jupiter.engine.execution.MethodInvocation.proceed(MethodInvocation.java:60)
	at org.junit.jupiter.engine.execution.InvocationInterceptorChain$ValidatingInvocation.proceed(InvocationInterceptorChain.java:131)
	at org.junit.jupiter.engine.extension.TimeoutExtension.intercept(TimeoutExtension.java:149)
	at org.junit.jupiter.engine.extension.TimeoutExtension.interceptTestableMethod(TimeoutExtension.java:140)
	at org.junit.jupiter.engine.extension.TimeoutExtension.interceptTestMethod(TimeoutExtension.java:84)
	at org.junit.jupiter.engine.execution.ExecutableInvoker$ReflectiveInterceptorCall.lambda$ofVoidMethod$0(ExecutableInvoker.java:115)
	at org.junit.jupiter.engine.execution.ExecutableInvoker.lambda$invoke$0(ExecutableInvoker.java:105)
	at org.junit.jupiter.engine.execution.InvocationInterceptorChain$InterceptedInvocation.proceed(InvocationInterceptorChain.java:106)
	at org.junit.jupiter.engine.execution.InvocationInterceptorChain.proceed(InvocationInterceptorChain.java:64)
	at org.junit.jupiter.engine.execution.InvocationInterceptorChain.chainAndInvoke(InvocationInterceptorChain.java:45)
	at org.junit.jupiter.engine.execution.InvocationInterceptorChain.invoke(InvocationInterceptorChain.java:37)
	at org.junit.jupiter.engine.execution.ExecutableInvoker.invoke(ExecutableInvoker.java:104)
	at org.junit.jupiter.engine.execution.ExecutableInvoker.invoke(ExecutableInvoker.java:98)
	at org.junit.jupiter.engine.descriptor.TestMethodTestDescriptor.lambda$invokeTestMethod$6(TestMethodTestDescriptor.java:212)
	at org.junit.platform.engine.support.hierarchical.ThrowableCollector.execute(ThrowableCollector.java:73)
	at org.junit.jupiter.engine.descriptor.TestMethodTestDescriptor.invokeTestMethod(TestMethodTestDescriptor.java:208)
	at org.junit.jupiter.engine.descriptor.TestMethodTestDescriptor.execute(TestMethodTestDescriptor.java:137)
	at org.junit.jupiter.engine.descriptor.TestMethodTestDescriptor.execute(TestMethodTestDescriptor.java:71)
	at org.junit.platform.engine.support.hierarchical.NodeTestTask.lambda$executeRecursively$5(NodeTestTask.java:135)
	at org.junit.platform.engine.support.hierarchical.ThrowableCollector.execute(ThrowableCollector.java:73)
	at org.junit.platform.engine.support.hierarchical.NodeTestTask.lambda$executeRecursively$7(NodeTestTask.java:125)
	at org.junit.platform.engine.support.hierarchical.Node.around(Node.java:135)
	at org.junit.platform.engine.support.hierarchical.NodeTestTask.lambda$executeRecursively$8(NodeTestTask.java:123)
	at org.junit.platform.engine.support.hierarchical.ThrowableCollector.execute(ThrowableCollector.java:73)
	at org.junit.platform.engine.support.hierarchical.NodeTestTask.executeRecursively(NodeTestTask.java:122)
	at org.junit.platform.engine.support.hierarchical.NodeTestTask.execute(NodeTestTask.java:80)
	at java.base/java.util.ArrayList.forEach(ArrayList.java:1540)
	at org.junit.platform.engine.support.hierarchical.SameThreadHierarchicalTestExecutorService.invokeAll(SameThreadHierarchicalTestExecutorService.java:38)
	at org.junit.platform.engine.support.hierarchical.NodeTestTask.lambda$executeRecursively$5(NodeTestTask.java:139)
	at org.junit.platform.engine.support.hierarchical.ThrowableCollector.execute(ThrowableCollector.java:73)
	at org.junit.platform.engine.support.hierarchical.NodeTestTask.lambda$executeRecursively$7(NodeTestTask.java:125)
	at org.junit.platform.engine.support.hierarchical.Node.around(Node.java:135)
	at org.junit.platform.engine.support.hierarchical.NodeTestTask.lambda$executeRecursively$8(NodeTestTask.java:123)
	at org.junit.platform.engine.support.hierarchical.ThrowableCollector.execute(ThrowableCollector.java:73)
	at org.junit.platform.engine.support.hierarchical.NodeTestTask.executeRecursively(NodeTestTask.java:122)
	at org.junit.platform.engine.support.hierarchical.NodeTestTask.execute(NodeTestTask.java:80)
	at java.base/java.util.ArrayList.forEach(ArrayList.java:1540)
	at org.junit.platform.engine.support.hierarchical.SameThreadHierarchicalTestExecutorService.invokeAll(SameThreadHierarchicalTestExecutorService.java:38)
	at org.junit.platform.engine.support.hierarchical.NodeTestTask.lambda$executeRecursively$5(NodeTestTask.java:139)
	at org.junit.platform.engine.support.hierarchical.ThrowableCollector.execute(ThrowableCollector.java:73)
	at org.junit.platform.engine.support.hierarchical.NodeTestTask.lambda$executeRecursively$7(NodeTestTask.java:125)
	at org.junit.platform.engine.support.hierarchical.Node.around(Node.java:135)
	at org.junit.platform.engine.support.hierarchical.NodeTestTask.lambda$executeRecursively$8(NodeTestTask.java:123)
	at org.junit.platform.engine.support.hierarchical.ThrowableCollector.execute(ThrowableCollector.java:73)
	at org.junit.platform.engine.support.hierarchical.NodeTestTask.executeRecursively(NodeTestTask.java:122)
	at org.junit.platform.engine.support.hierarchical.NodeTestTask.execute(NodeTestTask.java:80)
	at org.junit.platform.engine.support.hierarchical.SameThreadHierarchicalTestExecutorService.submit(SameThreadHierarchicalTestExecutorService.java:32)
	at org.junit.platform.engine.support.hierarchical.HierarchicalTestExecutor.execute(HierarchicalTestExecutor.java:57)
	at org.junit.platform.engine.support.hierarchical.HierarchicalTestEngine.execute(HierarchicalTestEngine.java:51)
	at org.junit.platform.launcher.core.DefaultLauncher.execute(DefaultLauncher.java:248)
	at org.junit.platform.launcher.core.DefaultLauncher.lambda$execute$5(DefaultLauncher.java:211)
	at org.junit.platform.launcher.core.DefaultLauncher.withInterceptedStreams(DefaultLauncher.java:226)
	at org.junit.platform.launcher.core.DefaultLauncher.execute(DefaultLauncher.java:199)
	at org.junit.platform.launcher.core.DefaultLauncher.execute(DefaultLauncher.java:132)
	at com.intellij.junit5.JUnit5IdeaTestRunner.startRunnerWithArgs(JUnit5IdeaTestRunner.java:71)
	at com.intellij.rt.junit.IdeaTestRunner$Repeater.startRunnerWithArgs(IdeaTestRunner.java:33)
	at com.intellij.rt.junit.JUnitStarter.prepareStreamsAndStart(JUnitStarter.java:220)
	at com.intellij.rt.junit.JUnitStarter.main(JUnitStarter.java:53)
Caused by: java.lang.NullPointerException: null
	at org.webjars.WebJarAssetLocator.getFullPathExact(WebJarAssetLocator.java:262)
	at org.springframework.web.servlet.resource.WebJarsResourceResolver.findWebJarResourcePath(WebJarsResourceResolver.java:109)
	at org.springframework.web.servlet.resource.WebJarsResourceResolver.resolveUrlPathInternal(WebJarsResourceResolver.java:94)
	at org.springframework.web.servlet.resource.AbstractResourceResolver.resolveUrlPath(AbstractResourceResolver.java:54)
	at org.springframework.web.servlet.resource.DefaultResourceResolverChain.resolveUrlPath(DefaultResourceResolverChain.java:82)
	at org.springframework.web.servlet.resource.CachingResourceResolver.resolveUrlPathInternal(CachingResourceResolver.java:170)
	at org.springframework.web.servlet.resource.AbstractResourceResolver.resolveUrlPath(AbstractResourceResolver.java:54)
	at org.springframework.web.servlet.resource.DefaultResourceResolverChain.resolveUrlPath(DefaultResourceResolverChain.java:82)
	at org.springframework.web.servlet.resource.ResourceUrlProvider.getForLookupPath(ResourceUrlProvider.java:239)
	at org.springframework.web.servlet.resource.ResourceUrlEncodingFilter$ResourceUrlEncodingRequestWrapper.resolveUrlPath(ResourceUrlEncodingFilter.java:124)
	at org.springframework.web.servlet.resource.ResourceUrlEncodingFilter$ResourceUrlEncodingResponseWrapper.encodeURL(ResourceUrlEncodingFilter.java:157)
	at org.thymeleaf.linkbuilder.StandardLinkBuilder.processLink(StandardLinkBuilder.java:528)
	at org.thymeleaf.linkbuilder.StandardLinkBuilder.buildLink(StandardLinkBuilder.java:138)
	at org.thymeleaf.context.AbstractEngineContext.buildLink(AbstractEngineContext.java:167)
	at org.thymeleaf.standard.expression.LinkExpression.executeLinkExpression(LinkExpression.java:290)
	at org.thymeleaf.standard.expression.SimpleExpression.executeSimple(SimpleExpression.java:85)
	at org.thymeleaf.standard.expression.Expression.execute(Expression.java:109)
	at org.thymeleaf.standard.expression.Expression.execute(Expression.java:138)
	at org.thymeleaf.standard.processor.AbstractStandardExpressionAttributeTagProcessor.doProcess(AbstractStandardExpressionAttributeTagProcessor.java:144)
	at org.thymeleaf.processor.element.AbstractAttributeTagProcessor.doProcess(AbstractAttributeTagProcessor.java:74)
	... 99 common frames omitted
2020-08-25 12:26:03,519 INFO org.springframework.scheduling.concurrent.ExecutorConfigurationSupport [SpringContextShutdownHook] Shutting down ExecutorService 'applicationTaskExecutor'
